...found 11 targets...
...updating 10 targets...
clang-darwin.compile.c++ bin.v2/libs/config/checks/architecture/clang-darwin-13/debug/threading-multi/visibility-hidden/32.o
libs/config/checks/architecture/32.cpp:9:10: error: 'test' declared as an array with a negative size
int test[sizeof(void*) == 4? 1 : -1];
         ^~~~~~~~~~~~~~~~~~~~~~~~~~
1 error generated.

    "clang++" -x c++ -fvisibility-inlines-hidden -fPIC -O0 -fno-inline -Wall -g -fvisibility=hidden  -DBOOST_ALL_NO_LIB=1 -I"."  -c -o "bin.v2/libs/config/checks/architecture/clang-darwin-13/debug/threading-multi/visibility-hidden/32.o" "libs/config/checks/architecture/32.cpp"

...failed clang-darwin.compile.c++ bin.v2/libs/config/checks/architecture/clang-darwin-13/debug/threading-multi/visibility-hidden/32.o...
...failed updating 1 target...
...updated 9 targets...
...found 2 targets...
...updating 1 target...
clang-darwin.compile.c++ bin.v2/libs/config/checks/architecture/clang-darwin-13/debug/threading-multi/visibility-hidden/64.o
...updated 1 target...
...found 2 targets...
...updating 1 target...
clang-darwin.compile.c++ bin.v2/libs/config/checks/architecture/clang-darwin-13/debug/threading-multi/visibility-hidden/arm.o
libs/config/checks/architecture/arm.cpp:13:2: error: "Not ARM"
#error "Not ARM"
 ^
1 error generated.

    "clang++" -x c++ -fvisibility-inlines-hidden -fPIC -O0 -fno-inline -Wall -g -fvisibility=hidden  -DBOOST_ALL_NO_LIB=1 -I"."  -c -o "bin.v2/libs/config/checks/architecture/clang-darwin-13/debug/threading-multi/visibility-hidden/arm.o" "libs/config/checks/architecture/arm.cpp"

...failed clang-darwin.compile.c++ bin.v2/libs/config/checks/architecture/clang-darwin-13/debug/threading-multi/visibility-hidden/arm.o...
...failed updating 1 target...
...found 2 targets...
...updating 1 target...
clang-darwin.compile.c++ bin.v2/libs/config/checks/architecture/clang-darwin-13/debug/threading-multi/visibility-hidden/mips.o
libs/config/checks/architecture/mips.cpp:10:2: error: "Not MIPS"
#error "Not MIPS"
 ^
1 error generated.

    "clang++" -x c++ -fvisibility-inlines-hidden -fPIC -O0 -fno-inline -Wall -g -fvisibility=hidden  -DBOOST_ALL_NO_LIB=1 -I"."  -c -o "bin.v2/libs/config/checks/architecture/clang-darwin-13/debug/threading-multi/visibility-hidden/mips.o" "libs/config/checks/architecture/mips.cpp"

...failed clang-darwin.compile.c++ bin.v2/libs/config/checks/architecture/clang-darwin-13/debug/threading-multi/visibility-hidden/mips.o...
...failed updating 1 target...
...found 2 targets...
...updating 1 target...
clang-darwin.compile.c++ bin.v2/libs/config/checks/architecture/clang-darwin-13/debug/threading-multi/visibility-hidden/power.o
libs/config/checks/architecture/power.cpp:13:2: error: "Not PPC"
#error "Not PPC"
 ^
1 error generated.

    "clang++" -x c++ -fvisibility-inlines-hidden -fPIC -O0 -fno-inline -Wall -g -fvisibility=hidden  -DBOOST_ALL_NO_LIB=1 -I"."  -c -o "bin.v2/libs/config/checks/architecture/clang-darwin-13/debug/threading-multi/visibility-hidden/power.o" "libs/config/checks/architecture/power.cpp"

...failed clang-darwin.compile.c++ bin.v2/libs/config/checks/architecture/clang-darwin-13/debug/threading-multi/visibility-hidden/power.o...
...failed updating 1 target...
...found 2 targets...
...updating 1 target...
clang-darwin.compile.c++ bin.v2/libs/config/checks/architecture/clang-darwin-13/debug/threading-multi/visibility-hidden/riscv.o
libs/config/checks/architecture/riscv.cpp:9:2: error: "Not RISC-V"
#error "Not RISC-V"
 ^
1 error generated.

    "clang++" -x c++ -fvisibility-inlines-hidden -fPIC -O0 -fno-inline -Wall -g -fvisibility=hidden  -DBOOST_ALL_NO_LIB=1 -I"."  -c -o "bin.v2/libs/config/checks/architecture/clang-darwin-13/debug/threading-multi/visibility-hidden/riscv.o" "libs/config/checks/architecture/riscv.cpp"

...failed clang-darwin.compile.c++ bin.v2/libs/config/checks/architecture/clang-darwin-13/debug/threading-multi/visibility-hidden/riscv.o...
...failed updating 1 target...
...found 2 targets...
...updating 1 target...
clang-darwin.compile.c++ bin.v2/libs/config/checks/architecture/clang-darwin-13/debug/threading-multi/visibility-hidden/s390x.o
libs/config/checks/architecture/s390x.cpp:10:2: error: "Not S390x"
#error "Not S390x"
 ^
1 error generated.

    "clang++" -x c++ -fvisibility-inlines-hidden -fPIC -O0 -fno-inline -Wall -g -fvisibility=hidden  -DBOOST_ALL_NO_LIB=1 -I"."  -c -o "bin.v2/libs/config/checks/architecture/clang-darwin-13/debug/threading-multi/visibility-hidden/s390x.o" "libs/config/checks/architecture/s390x.cpp"

...failed clang-darwin.compile.c++ bin.v2/libs/config/checks/architecture/clang-darwin-13/debug/threading-multi/visibility-hidden/s390x.o...
...failed updating 1 target...
...found 2 targets...
...updating 1 target...
clang-darwin.compile.c++ bin.v2/libs/config/checks/architecture/clang-darwin-13/debug/threading-multi/visibility-hidden/sparc.o
libs/config/checks/architecture/sparc.cpp:10:2: error: "Not SPARC"
#error "Not SPARC"
 ^
1 error generated.

    "clang++" -x c++ -fvisibility-inlines-hidden -fPIC -O0 -fno-inline -Wall -g -fvisibility=hidden  -DBOOST_ALL_NO_LIB=1 -I"."  -c -o "bin.v2/libs/config/checks/architecture/clang-darwin-13/debug/threading-multi/visibility-hidden/sparc.o" "libs/config/checks/architecture/sparc.cpp"

...failed clang-darwin.compile.c++ bin.v2/libs/config/checks/architecture/clang-darwin-13/debug/threading-multi/visibility-hidden/sparc.o...
...failed updating 1 target...
...found 2 targets...
...updating 1 target...
clang-darwin.compile.c++ bin.v2/libs/config/checks/architecture/clang-darwin-13/debug/threading-multi/visibility-hidden/x86.o
...updated 1 target...
...found 9 targets...
...updating 7 targets...
clang-darwin.compile.c++ bin.v2/libs/atomic/config/clang-darwin-13/release/threading-multi/visibility-hidden/has_sse2.o
...updated 7 targets...
...found 3 targets...
...updating 1 target...
clang-darwin.compile.c++ bin.v2/libs/atomic/config/clang-darwin-13/release/threading-multi/visibility-hidden/has_sse41.o
...updated 1 target...
...found 9 targets...
...updating 7 targets...
clang-darwin.compile.c++ bin.v2/libs/filesystem/config/clang-darwin-13/release/threading-multi/visibility-hidden/has_cxx20_atomic_ref.o
libs/filesystem/config/has_cxx20_atomic_ref.cpp:15:10: error: no member named 'atomic_ref' in namespace 'std'
    std::atomic_ref< func_t* > ref(func);
    ~~~~~^
libs/filesystem/config/has_cxx20_atomic_ref.cpp:15:22: error: unexpected type name 'func_t': expected expression
    std::atomic_ref< func_t* > ref(func);
                     ^
libs/filesystem/config/has_cxx20_atomic_ref.cpp:15:30: error: expected expression
    std::atomic_ref< func_t* > ref(func);
                             ^
libs/filesystem/config/has_cxx20_atomic_ref.cpp:15:32: error: use of undeclared identifier 'ref'
    std::atomic_ref< func_t* > ref(func);
                               ^
libs/filesystem/config/has_cxx20_atomic_ref.cpp:16:5: error: use of undeclared identifier 'ref'
    ref.load(std::memory_order_relaxed);
    ^
libs/filesystem/config/has_cxx20_atomic_ref.cpp:17:5: error: use of undeclared identifier 'ref'
    ref.store((func_t*)0, std::memory_order_relaxed);
    ^
6 errors generated.

    "clang++" -x c++ -fvisibility-inlines-hidden -fPIC -m64 -O3 -Wall -fvisibility=hidden -Wno-inline --target=x86_64-apple-darwin  -DBOOST_ALL_NO_LIB=1 -DNDEBUG -I"." -I"libs/filesystem/src"  -c -o "bin.v2/libs/filesystem/config/clang-darwin-13/release/threading-multi/visibility-hidden/has_cxx20_atomic_ref.o" "libs/filesystem/config/has_cxx20_atomic_ref.cpp"

...failed clang-darwin.compile.c++ bin.v2/libs/filesystem/config/clang-darwin-13/release/threading-multi/visibility-hidden/has_cxx20_atomic_ref.o...
...failed updating 1 target...
...updated 6 targets...
...patience...
...found 138 targets...
...updating 1 target...
clang-darwin.compile.c++ bin.v2/libs/filesystem/config/clang-darwin-13/release/threading-multi/visibility-hidden/has_statx.o
libs/filesystem/config/has_statx.cpp:17:18: error: variable has incomplete type 'struct statx'
    struct statx st;
                 ^
libs/filesystem/config/has_statx.cpp:17:12: note: forward declaration of 'statx'
    struct statx st;
           ^
libs/filesystem/config/has_statx.cpp:18:58: error: use of undeclared identifier 'AT_NO_AUTOMOUNT'
    int res = statx(AT_FDCWD, ".", AT_SYMLINK_NOFOLLOW | AT_NO_AUTOMOUNT, STATX_BTIME, &st);
                                                         ^
libs/filesystem/config/has_statx.cpp:18:75: error: use of undeclared identifier 'STATX_BTIME'
    int res = statx(AT_FDCWD, ".", AT_SYMLINK_NOFOLLOW | AT_NO_AUTOMOUNT, STATX_BTIME, &st);
                                                                          ^
3 errors generated.

    "clang++" -x c++ -fvisibility-inlines-hidden -fPIC -m64 -O3 -Wall -fvisibility=hidden -Wno-inline --target=x86_64-apple-darwin  -DBOOST_ALL_NO_LIB=1 -DNDEBUG -I"." -I"libs/filesystem/src"  -c -o "bin.v2/libs/filesystem/config/clang-darwin-13/release/threading-multi/visibility-hidden/has_statx.o" "libs/filesystem/config/has_statx.cpp"

...failed clang-darwin.compile.c++ bin.v2/libs/filesystem/config/clang-darwin-13/release/threading-multi/visibility-hidden/has_statx.o...
...failed updating 1 target...
...found 4 targets...
...updating 1 target...
clang-darwin.compile.c++ bin.v2/libs/filesystem/config/clang-darwin-13/release/threading-multi/visibility-hidden/has_statx_syscall.o
libs/filesystem/config/has_statx_syscall.cpp:11:10: fatal error: 'linux/stat.h' file not found
#include <linux/stat.h>
         ^~~~~~~~~~~~~~
1 error generated.

    "clang++" -x c++ -fvisibility-inlines-hidden -fPIC -m64 -O3 -Wall -fvisibility=hidden -Wno-inline --target=x86_64-apple-darwin  -DBOOST_ALL_NO_LIB=1 -DNDEBUG -I"." -I"libs/filesystem/src"  -c -o "bin.v2/libs/filesystem/config/clang-darwin-13/release/threading-multi/visibility-hidden/has_statx_syscall.o" "libs/filesystem/config/has_statx_syscall.cpp"

...failed clang-darwin.compile.c++ bin.v2/libs/filesystem/config/clang-darwin-13/release/threading-multi/visibility-hidden/has_statx_syscall.o...
...failed updating 1 target...
...found 2 targets...
...updating 1 target...
clang-darwin.compile.c++ bin.v2/libs/filesystem/config/clang-darwin-13/release/threading-multi/visibility-hidden/has_attribute_init_priority.o
...updated 1 target...
...found 2 targets...
...updating 1 target...
clang-darwin.compile.c++ bin.v2/libs/filesystem/config/clang-darwin-13/release/threading-multi/visibility-hidden/has_stat_st_mtim.o
libs/filesystem/config/has_stat_st_mtim.cpp:17:8: error: no member named 'st_mtim' in 'stat'
    st.st_mtim.tv_nsec = 10;
    ~~ ^
1 error generated.

    "clang++" -x c++ -fvisibility-inlines-hidden -fPIC -m64 -O3 -Wall -fvisibility=hidden -Wno-inline --target=x86_64-apple-darwin  -DBOOST_ALL_NO_LIB=1 -DNDEBUG -I"." -I"libs/filesystem/src"  -c -o "bin.v2/libs/filesystem/config/clang-darwin-13/release/threading-multi/visibility-hidden/has_stat_st_mtim.o" "libs/filesystem/config/has_stat_st_mtim.cpp"

...failed clang-darwin.compile.c++ bin.v2/libs/filesystem/config/clang-darwin-13/release/threading-multi/visibility-hidden/has_stat_st_mtim.o...
...failed updating 1 target...
...found 2 targets...
...updating 1 target...
clang-darwin.compile.c++ bin.v2/libs/filesystem/config/clang-darwin-13/release/threading-multi/visibility-hidden/has_stat_st_mtimensec.o
libs/filesystem/config/has_stat_st_mtimensec.cpp:17:8: error: no member named 'st_mtimensec' in 'stat'
    st.st_mtimensec = 10;
    ~~ ^
1 error generated.

    "clang++" -x c++ -fvisibility-inlines-hidden -fPIC -m64 -O3 -Wall -fvisibility=hidden -Wno-inline --target=x86_64-apple-darwin  -DBOOST_ALL_NO_LIB=1 -DNDEBUG -I"." -I"libs/filesystem/src"  -c -o "bin.v2/libs/filesystem/config/clang-darwin-13/release/threading-multi/visibility-hidden/has_stat_st_mtimensec.o" "libs/filesystem/config/has_stat_st_mtimensec.cpp"

...failed clang-darwin.compile.c++ bin.v2/libs/filesystem/config/clang-darwin-13/release/threading-multi/visibility-hidden/has_stat_st_mtimensec.o...
...failed updating 1 target...
...found 2 targets...
...updating 1 target...
clang-darwin.compile.c++ bin.v2/libs/filesystem/config/clang-darwin-13/release/threading-multi/visibility-hidden/has_stat_st_mtimespec.o
...updated 1 target...
...found 2 targets...
...updating 1 target...
clang-darwin.compile.c++ bin.v2/libs/filesystem/config/clang-darwin-13/release/threading-multi/visibility-hidden/has_stat_st_birthtim.o
libs/filesystem/config/has_stat_st_birthtim.cpp:17:8: error: no member named 'st_birthtim' in 'stat'
    st.st_birthtim.tv_sec = 1;
    ~~ ^
libs/filesystem/config/has_stat_st_birthtim.cpp:18:8: error: no member named 'st_birthtim' in 'stat'
    st.st_birthtim.tv_nsec = 10;
    ~~ ^
2 errors generated.

    "clang++" -x c++ -fvisibility-inlines-hidden -fPIC -m64 -O3 -Wall -fvisibility=hidden -Wno-inline --target=x86_64-apple-darwin  -DBOOST_ALL_NO_LIB=1 -DNDEBUG -I"." -I"libs/filesystem/src"  -c -o "bin.v2/libs/filesystem/config/clang-darwin-13/release/threading-multi/visibility-hidden/has_stat_st_birthtim.o" "libs/filesystem/config/has_stat_st_birthtim.cpp"

...failed clang-darwin.compile.c++ bin.v2/libs/filesystem/config/clang-darwin-13/release/threading-multi/visibility-hidden/has_stat_st_birthtim.o...
...failed updating 1 target...
...found 2 targets...
...updating 1 target...
clang-darwin.compile.c++ bin.v2/libs/filesystem/config/clang-darwin-13/release/threading-multi/visibility-hidden/has_stat_st_birthtimensec.o
libs/filesystem/config/has_stat_st_birthtimensec.cpp:18:8: error: no member named 'st_birthtimensec' in 'stat'
    st.st_birthtimensec = 10;
    ~~ ^
1 error generated.

    "clang++" -x c++ -fvisibility-inlines-hidden -fPIC -m64 -O3 -Wall -fvisibility=hidden -Wno-inline --target=x86_64-apple-darwin  -DBOOST_ALL_NO_LIB=1 -DNDEBUG -I"." -I"libs/filesystem/src"  -c -o "bin.v2/libs/filesystem/config/clang-darwin-13/release/threading-multi/visibility-hidden/has_stat_st_birthtimensec.o" "libs/filesystem/config/has_stat_st_birthtimensec.cpp"

...failed clang-darwin.compile.c++ bin.v2/libs/filesystem/config/clang-darwin-13/release/threading-multi/visibility-hidden/has_stat_st_birthtimensec.o...
...failed updating 1 target...
...found 2 targets...
...updating 1 target...
clang-darwin.compile.c++ bin.v2/libs/filesystem/config/clang-darwin-13/release/threading-multi/visibility-hidden/has_stat_st_birthtimespec.o
...updated 1 target...
...found 3 targets...
...updating 1 target...
clang-darwin.compile.c++ bin.v2/libs/filesystem/config/clang-darwin-13/release/threading-multi/visibility-hidden/has_fdopendir_nofollow.o
...updated 1 target...
...found 3 targets...
...updating 1 target...
clang-darwin.compile.c++ bin.v2/libs/filesystem/config/clang-darwin-13/release/threading-multi/visibility-hidden/has_posix_at_apis.o
libs/filesystem/config/has_posix_at_apis.cpp:25:35: error: use of undeclared identifier 'AT_NO_AUTOMOUNT'
    res |= fstatat(fd1, "y", &st, AT_NO_AUTOMOUNT | AT_SYMLINK_NOFOLLOW);
                                  ^
1 error generated.

    "clang++" -x c++ -fvisibility-inlines-hidden -fPIC -m64 -O3 -Wall -fvisibility=hidden -Wno-inline --target=x86_64-apple-darwin  -DBOOST_ALL_NO_LIB=1 -DNDEBUG -I"." -I"libs/filesystem/src"  -c -o "bin.v2/libs/filesystem/config/clang-darwin-13/release/threading-multi/visibility-hidden/has_posix_at_apis.o" "libs/filesystem/config/has_posix_at_apis.cpp"

...failed clang-darwin.compile.c++ bin.v2/libs/filesystem/config/clang-darwin-13/release/threading-multi/visibility-hidden/has_posix_at_apis.o...
...failed updating 1 target...
...found 107 targets...
...updating 5 targets...
clang-darwin.compile.c++ bin.v2/libs/config/checks/clang-darwin-13/release/threading-multi/visibility-hidden/cxx11_auto_declarations.o
libs/config/checks/test_case.cpp:216:7: error: "Defect macro BOOST_NO_CXX11_AUTO_DECLARATIONS is defined."
#     error "Defect macro BOOST_NO_CXX11_AUTO_DECLARATIONS is defined."
      ^
1 error generated.

    "clang++" -x c++ -fvisibility-inlines-hidden -fPIC -m64 -O3 -Wall -fvisibility=hidden -Wno-inline --target=x86_64-apple-darwin  -DBOOST_ALL_NO_LIB=1 -DNDEBUG -DTEST_BOOST_NO_CXX11_AUTO_DECLARATIONS -I"."  -c -o "bin.v2/libs/config/checks/clang-darwin-13/release/threading-multi/visibility-hidden/cxx11_auto_declarations.o" "libs/config/checks/test_case.cpp"

...failed clang-darwin.compile.c++ bin.v2/libs/config/checks/clang-darwin-13/release/threading-multi/visibility-hidden/cxx11_auto_declarations.o...
...failed updating 1 target...
...updated 4 targets...
...found 1 target...
...updating 1 target...
clang-darwin.compile.c++ bin.v2/libs/config/checks/clang-darwin-13/release/threading-multi/visibility-hidden/cxx11_constexpr.o
libs/config/checks/test_case.cpp:251:7: error: "Defect macro BOOST_NO_CXX11_CONSTEXPR is defined."
#     error "Defect macro BOOST_NO_CXX11_CONSTEXPR is defined."
      ^
1 error generated.

    "clang++" -x c++ -fvisibility-inlines-hidden -fPIC -m64 -O3 -Wall -fvisibility=hidden -Wno-inline --target=x86_64-apple-darwin  -DBOOST_ALL_NO_LIB=1 -DNDEBUG -DTEST_BOOST_NO_CXX11_CONSTEXPR -I"."  -c -o "bin.v2/libs/config/checks/clang-darwin-13/release/threading-multi/visibility-hidden/cxx11_constexpr.o" "libs/config/checks/test_case.cpp"

...failed clang-darwin.compile.c++ bin.v2/libs/config/checks/clang-darwin-13/release/threading-multi/visibility-hidden/cxx11_constexpr.o...
...failed updating 1 target...
...found 1 target...
...updating 1 target...
clang-darwin.compile.c++ bin.v2/libs/config/checks/clang-darwin-13/release/threading-multi/visibility-hidden/cxx11_defaulted_functions.o
libs/config/checks/test_case.cpp:741:7: error: "Defect macro BOOST_NO_CXX11_DEFAULTED_FUNCTIONS is defined."
#     error "Defect macro BOOST_NO_CXX11_DEFAULTED_FUNCTIONS is defined."
      ^
1 error generated.

    "clang++" -x c++ -fvisibility-inlines-hidden -fPIC -m64 -O3 -Wall -fvisibility=hidden -Wno-inline --target=x86_64-apple-darwin  -DBOOST_ALL_NO_LIB=1 -DNDEBUG -DTEST_BOOST_NO_CXX11_DEFAULTED_FUNCTIONS -I"."  -c -o "bin.v2/libs/config/checks/clang-darwin-13/release/threading-multi/visibility-hidden/cxx11_defaulted_functions.o" "libs/config/checks/test_case.cpp"

...failed clang-darwin.compile.c++ bin.v2/libs/config/checks/clang-darwin-13/release/threading-multi/visibility-hidden/cxx11_defaulted_functions.o...
...failed updating 1 target...
...found 1 target...
...updating 1 target...
clang-darwin.compile.c++ bin.v2/libs/config/checks/clang-darwin-13/release/threading-multi/visibility-hidden/cxx11_final.o
libs/config/checks/test_case.cpp:321:7: error: "Defect macro BOOST_NO_CXX11_FINAL is defined."
#     error "Defect macro BOOST_NO_CXX11_FINAL is defined."
      ^
1 error generated.

    "clang++" -x c++ -fvisibility-inlines-hidden -fPIC -m64 -O3 -Wall -fvisibility=hidden -Wno-inline --target=x86_64-apple-darwin  -DBOOST_ALL_NO_LIB=1 -DNDEBUG -DTEST_BOOST_NO_CXX11_FINAL -I"."  -c -o "bin.v2/libs/config/checks/clang-darwin-13/release/threading-multi/visibility-hidden/cxx11_final.o" "libs/config/checks/test_case.cpp"

...failed clang-darwin.compile.c++ bin.v2/libs/config/checks/clang-darwin-13/release/threading-multi/visibility-hidden/cxx11_final.o...
...failed updating 1 target...
...found 1 target...
...updating 1 target...
clang-darwin.compile.c++ bin.v2/libs/config/checks/clang-darwin-13/release/threading-multi/visibility-hidden/cxx11_hdr_mutex.o
libs/config/checks/test_case.cpp:366:7: error: "Defect macro BOOST_NO_CXX11_HDR_MUTEX is defined."
#     error "Defect macro BOOST_NO_CXX11_HDR_MUTEX is defined."
      ^
1 error generated.

    "clang++" -x c++ -fvisibility-inlines-hidden -fPIC -m64 -O3 -Wall -fvisibility=hidden -Wno-inline --target=x86_64-apple-darwin  -DBOOST_ALL_NO_LIB=1 -DNDEBUG -DTEST_BOOST_NO_CXX11_HDR_MUTEX -I"."  -c -o "bin.v2/libs/config/checks/clang-darwin-13/release/threading-multi/visibility-hidden/cxx11_hdr_mutex.o" "libs/config/checks/test_case.cpp"

...failed clang-darwin.compile.c++ bin.v2/libs/config/checks/clang-darwin-13/release/threading-multi/visibility-hidden/cxx11_hdr_mutex.o...
...failed updating 1 target...
...found 1 target...
...updating 1 target...
clang-darwin.compile.c++ bin.v2/libs/config/checks/clang-darwin-13/release/threading-multi/visibility-hidden/cxx11_hdr_tuple.o
libs/config/checks/test_case.cpp:396:7: error: "Defect macro BOOST_NO_CXX11_HDR_TUPLE is defined."
#     error "Defect macro BOOST_NO_CXX11_HDR_TUPLE is defined."
      ^
1 error generated.

    "clang++" -x c++ -fvisibility-inlines-hidden -fPIC -m64 -O3 -Wall -fvisibility=hidden -Wno-inline --target=x86_64-apple-darwin  -DBOOST_ALL_NO_LIB=1 -DNDEBUG -DTEST_BOOST_NO_CXX11_HDR_TUPLE -I"."  -c -o "bin.v2/libs/config/checks/clang-darwin-13/release/threading-multi/visibility-hidden/cxx11_hdr_tuple.o" "libs/config/checks/test_case.cpp"

...failed clang-darwin.compile.c++ bin.v2/libs/config/checks/clang-darwin-13/release/threading-multi/visibility-hidden/cxx11_hdr_tuple.o...
...failed updating 1 target...
...found 1 target...
...updating 1 target...
clang-darwin.compile.c++ bin.v2/libs/config/checks/clang-darwin-13/release/threading-multi/visibility-hidden/cxx11_lambdas.o
libs/config/checks/test_case.cpp:846:7: error: "Defect macro BOOST_NO_CXX11_LAMBDAS is defined."
#     error "Defect macro BOOST_NO_CXX11_LAMBDAS is defined."
      ^
1 error generated.

    "clang++" -x c++ -fvisibility-inlines-hidden -fPIC -m64 -O3 -Wall -fvisibility=hidden -Wno-inline --target=x86_64-apple-darwin  -DBOOST_ALL_NO_LIB=1 -DNDEBUG -DTEST_BOOST_NO_CXX11_LAMBDAS -I"."  -c -o "bin.v2/libs/config/checks/clang-darwin-13/release/threading-multi/visibility-hidden/cxx11_lambdas.o" "libs/config/checks/test_case.cpp"

...failed clang-darwin.compile.c++ bin.v2/libs/config/checks/clang-darwin-13/release/threading-multi/visibility-hidden/cxx11_lambdas.o...
...failed updating 1 target...
...found 1 target...
...updating 1 target...
clang-darwin.compile.c++ bin.v2/libs/config/checks/clang-darwin-13/release/threading-multi/visibility-hidden/cxx11_noexcept.o
libs/config/checks/test_case.cpp:901:7: error: "Defect macro BOOST_NO_CXX11_NOEXCEPT is defined."
#     error "Defect macro BOOST_NO_CXX11_NOEXCEPT is defined."
      ^
1 error generated.

    "clang++" -x c++ -fvisibility-inlines-hidden -fPIC -m64 -O3 -Wall -fvisibility=hidden -Wno-inline --target=x86_64-apple-darwin  -DBOOST_ALL_NO_LIB=1 -DNDEBUG -DTEST_BOOST_NO_CXX11_NOEXCEPT -I"."  -c -o "bin.v2/libs/config/checks/clang-darwin-13/release/threading-multi/visibility-hidden/cxx11_noexcept.o" "libs/config/checks/test_case.cpp"

...failed clang-darwin.compile.c++ bin.v2/libs/config/checks/clang-darwin-13/release/threading-multi/visibility-hidden/cxx11_noexcept.o...
...failed updating 1 target...
...found 1 target...
...updating 1 target...
clang-darwin.compile.c++ bin.v2/libs/config/checks/clang-darwin-13/release/threading-multi/visibility-hidden/cxx11_nullptr.o
libs/config/checks/test_case.cpp:906:7: error: "Defect macro BOOST_NO_CXX11_NULLPTR is defined."
#     error "Defect macro BOOST_NO_CXX11_NULLPTR is defined."
      ^
1 error generated.

    "clang++" -x c++ -fvisibility-inlines-hidden -fPIC -m64 -O3 -Wall -fvisibility=hidden -Wno-inline --target=x86_64-apple-darwin  -DBOOST_ALL_NO_LIB=1 -DNDEBUG -DTEST_BOOST_NO_CXX11_NULLPTR -I"."  -c -o "bin.v2/libs/config/checks/clang-darwin-13/release/threading-multi/visibility-hidden/cxx11_nullptr.o" "libs/config/checks/test_case.cpp"

...failed clang-darwin.compile.c++ bin.v2/libs/config/checks/clang-darwin-13/release/threading-multi/visibility-hidden/cxx11_nullptr.o...
...failed updating 1 target...
...found 1 target...
...updating 1 target...
clang-darwin.compile.c++ bin.v2/libs/config/checks/clang-darwin-13/release/threading-multi/visibility-hidden/cxx11_rvalue_references.o
libs/config/checks/test_case.cpp:961:7: error: "Defect macro BOOST_NO_CXX11_RVALUE_REFERENCES is defined."
#     error "Defect macro BOOST_NO_CXX11_RVALUE_REFERENCES is defined."
      ^
1 error generated.

    "clang++" -x c++ -fvisibility-inlines-hidden -fPIC -m64 -O3 -Wall -fvisibility=hidden -Wno-inline --target=x86_64-apple-darwin  -DBOOST_ALL_NO_LIB=1 -DNDEBUG -DTEST_BOOST_NO_CXX11_RVALUE_REFERENCES -I"."  -c -o "bin.v2/libs/config/checks/clang-darwin-13/release/threading-multi/visibility-hidden/cxx11_rvalue_references.o" "libs/config/checks/test_case.cpp"

...failed clang-darwin.compile.c++ bin.v2/libs/config/checks/clang-darwin-13/release/threading-multi/visibility-hidden/cxx11_rvalue_references.o...
...failed updating 1 target...
...found 1 target...
...updating 1 target...
clang-darwin.compile.c++ bin.v2/libs/config/checks/clang-darwin-13/release/threading-multi/visibility-hidden/cxx11_template_aliases.o
libs/config/checks/test_case.cpp:1066:7: error: "Defect macro BOOST_NO_CXX11_TEMPLATE_ALIASES is defined."
#     error "Defect macro BOOST_NO_CXX11_TEMPLATE_ALIASES is defined."
      ^
1 error generated.

    "clang++" -x c++ -fvisibility-inlines-hidden -fPIC -m64 -O3 -Wall -fvisibility=hidden -Wno-inline --target=x86_64-apple-darwin  -DBOOST_ALL_NO_LIB=1 -DNDEBUG -DTEST_BOOST_NO_CXX11_TEMPLATE_ALIASES -I"."  -c -o "bin.v2/libs/config/checks/clang-darwin-13/release/threading-multi/visibility-hidden/cxx11_template_aliases.o" "libs/config/checks/test_case.cpp"

...failed clang-darwin.compile.c++ bin.v2/libs/config/checks/clang-darwin-13/release/threading-multi/visibility-hidden/cxx11_template_aliases.o...
...failed updating 1 target...
...found 1 target...
...updating 1 target...
clang-darwin.compile.c++ bin.v2/libs/config/checks/clang-darwin-13/release/threading-multi/visibility-hidden/cxx11_thread_local.o
libs/config/checks/test_case.cpp:466:7: error: "Defect macro BOOST_NO_CXX11_THREAD_LOCAL is defined."
#     error "Defect macro BOOST_NO_CXX11_THREAD_LOCAL is defined."
      ^
1 error generated.

    "clang++" -x c++ -fvisibility-inlines-hidden -fPIC -m64 -O3 -Wall -fvisibility=hidden -Wno-inline --target=x86_64-apple-darwin  -DBOOST_ALL_NO_LIB=1 -DNDEBUG -DTEST_BOOST_NO_CXX11_THREAD_LOCAL -I"."  -c -o "bin.v2/libs/config/checks/clang-darwin-13/release/threading-multi/visibility-hidden/cxx11_thread_local.o" "libs/config/checks/test_case.cpp"

...failed clang-darwin.compile.c++ bin.v2/libs/config/checks/clang-darwin-13/release/threading-multi/visibility-hidden/cxx11_thread_local.o...
...failed updating 1 target...
...found 1 target...
...updating 1 target...
clang-darwin.compile.c++ bin.v2/libs/config/checks/clang-darwin-13/release/threading-multi/visibility-hidden/cxx11_variadic_templates.o
libs/config/checks/test_case.cpp:1126:7: error: "Defect macro BOOST_NO_CXX11_VARIADIC_TEMPLATES is defined."
#     error "Defect macro BOOST_NO_CXX11_VARIADIC_TEMPLATES is defined."
      ^
1 error generated.

    "clang++" -x c++ -fvisibility-inlines-hidden -fPIC -m64 -O3 -Wall -fvisibility=hidden -Wno-inline --target=x86_64-apple-darwin  -DBOOST_ALL_NO_LIB=1 -DNDEBUG -DTEST_BOOST_NO_CXX11_VARIADIC_TEMPLATES -I"."  -c -o "bin.v2/libs/config/checks/clang-darwin-13/release/threading-multi/visibility-hidden/cxx11_variadic_templates.o" "libs/config/checks/test_case.cpp"

...failed clang-darwin.compile.c++ bin.v2/libs/config/checks/clang-darwin-13/release/threading-multi/visibility-hidden/cxx11_variadic_templates.o...
...failed updating 1 target...
...found 177 targets...
...updating 8 targets...
clang-darwin.compile.c++ bin.v2/libs/regex/build/clang-darwin-13/release/threading-multi/visibility-hidden/has_icu_test.o
In file included from libs/regex/build/has_icu_test.cpp:15:
In file included from /usr/local/Cellar/icu4c/70.1/include/unicode/coll.h:61:
/usr/local/Cellar/icu4c/70.1/include/unicode/uobject.h:134:54: error: expected ';' at end of declaration list
    static void * U_EXPORT2 operator new(size_t size) U_NOEXCEPT;
                                                     ^
                                                     ;
/usr/local/Cellar/icu4c/70.1/include/unicode/uobject.h:141:56: error: expected ';' at end of declaration list
    static void * U_EXPORT2 operator new[](size_t size) U_NOEXCEPT;
                                                       ^
                                                       ;
/usr/local/Cellar/icu4c/70.1/include/unicode/uobject.h:151:51: error: expected ';' at end of declaration list
    static void U_EXPORT2 operator delete(void *p) U_NOEXCEPT;
                                                  ^
                                                  ;
/usr/local/Cellar/icu4c/70.1/include/unicode/uobject.h:158:53: error: expected ';' at end of declaration list
    static void U_EXPORT2 operator delete[](void *p) U_NOEXCEPT;
                                                    ^
                                                    ;
/usr/local/Cellar/icu4c/70.1/include/unicode/uobject.h:166:67: error: expected ';' at end of declaration list
    static inline void * U_EXPORT2 operator new(size_t, void *ptr) U_NOEXCEPT { return ptr; }
                                                                  ^
                                                                  ;
In file included from libs/regex/build/has_icu_test.cpp:15:
In file included from /usr/local/Cellar/icu4c/70.1/include/unicode/coll.h:62:
In file included from /usr/local/Cellar/icu4c/70.1/include/unicode/ucol.h:17:
In file included from /usr/local/Cellar/icu4c/70.1/include/unicode/unorm.h:25:
In file included from /usr/local/Cellar/icu4c/70.1/include/unicode/unorm2.h:35:
In file included from /usr/local/Cellar/icu4c/70.1/include/unicode/uset.h:36:
/usr/local/Cellar/icu4c/70.1/include/unicode/localpointer.h:71:51: warning: deleted function definitions are a C++11 extension [-Wc++11-extensions]
    static void* U_EXPORT2 operator new(size_t) = delete;
                                                  ^
/usr/local/Cellar/icu4c/70.1/include/unicode/localpointer.h:72:53: warning: deleted function definitions are a C++11 extension [-Wc++11-extensions]
    static void* U_EXPORT2 operator new[](size_t) = delete;
                                                    ^
/usr/local/Cellar/icu4c/70.1/include/unicode/localpointer.h:74:58: warning: deleted function definitions are a C++11 extension [-Wc++11-extensions]
    static void* U_EXPORT2 operator new(size_t, void*) = delete;
                                                         ^
/usr/local/Cellar/icu4c/70.1/include/unicode/localpointer.h:224:34: warning: rvalue references are a C++11 extension [-Wc++11-extensions]
    LocalPointer(LocalPointer<T> &&src) U_NOEXCEPT : LocalPointerBase<T>(src.ptr) {
                                 ^
/usr/local/Cellar/icu4c/70.1/include/unicode/localpointer.h:224:40: error: expected ';' at end of declaration list
    LocalPointer(LocalPointer<T> &&src) U_NOEXCEPT : LocalPointerBase<T>(src.ptr) {
                                       ^
                                       ;
/usr/local/Cellar/icu4c/70.1/include/unicode/localpointer.h:399:30: warning: rvalue references are a C++11 extension [-Wc++11-extensions]
    LocalArray(LocalArray<T> &&src) U_NOEXCEPT : LocalPointerBase<T>(src.ptr) {
                             ^
/usr/local/Cellar/icu4c/70.1/include/unicode/localpointer.h:399:36: error: expected ';' at end of declaration list
    LocalArray(LocalArray<T> &&src) U_NOEXCEPT : LocalPointerBase<T>(src.ptr) {
                                   ^
                                   ;
In file included from libs/regex/build/has_icu_test.cpp:15:
In file included from /usr/local/Cellar/icu4c/70.1/include/unicode/coll.h:62:
In file included from /usr/local/Cellar/icu4c/70.1/include/unicode/ucol.h:17:
In file included from /usr/local/Cellar/icu4c/70.1/include/unicode/unorm.h:25:
In file included from /usr/local/Cellar/icu4c/70.1/include/unicode/unorm2.h:35:
/usr/local/Cellar/icu4c/70.1/include/unicode/uset.h:333:1: warning: rvalue references are a C++11 extension [-Wc++11-extensions]
U_DEFINE_LOCAL_OPEN_POINTER(LocalUSetPointer, USet, uset_close);
^
/usr/local/Cellar/icu4c/70.1/include/unicode/localpointer.h:556:53: note: expanded from macro 'U_DEFINE_LOCAL_OPEN_POINTER'
        LocalPointerClassName(LocalPointerClassName &&src) U_NOEXCEPT \
                                                    ^
In file included from libs/regex/build/has_icu_test.cpp:15:
In file included from /usr/local/Cellar/icu4c/70.1/include/unicode/coll.h:62:
In file included from /usr/local/Cellar/icu4c/70.1/include/unicode/ucol.h:17:
In file included from /usr/local/Cellar/icu4c/70.1/include/unicode/unorm.h:25:
In file included from /usr/local/Cellar/icu4c/70.1/include/unicode/unorm2.h:35:
/usr/local/Cellar/icu4c/70.1/include/unicode/uset.h:333:1: error: expected ';' at end of declaration list
/usr/local/Cellar/icu4c/70.1/include/unicode/localpointer.h:556:60: note: expanded from macro 'U_DEFINE_LOCAL_OPEN_POINTER'
        LocalPointerClassName(LocalPointerClassName &&src) U_NOEXCEPT \
                                                           ^
/usr/local/Cellar/icu4c/70.1/include/unicode/platform.h:529:23: note: expanded from macro 'U_NOEXCEPT'
#   define U_NOEXCEPT noexcept
                      ^
In file included from libs/regex/build/has_icu_test.cpp:15:
In file included from /usr/local/Cellar/icu4c/70.1/include/unicode/coll.h:62:
In file included from /usr/local/Cellar/icu4c/70.1/include/unicode/ucol.h:17:
In file included from /usr/local/Cellar/icu4c/70.1/include/unicode/unorm.h:25:
/usr/local/Cellar/icu4c/70.1/include/unicode/unorm2.h:264:1: warning: rvalue references are a C++11 extension [-Wc++11-extensions]
U_DEFINE_LOCAL_OPEN_POINTER(LocalUNormalizer2Pointer, UNormalizer2, unorm2_close);
^
/usr/local/Cellar/icu4c/70.1/include/unicode/localpointer.h:556:53: note: expanded from macro 'U_DEFINE_LOCAL_OPEN_POINTER'
        LocalPointerClassName(LocalPointerClassName &&src) U_NOEXCEPT \
                                                    ^
In file included from libs/regex/build/has_icu_test.cpp:15:
In file included from /usr/local/Cellar/icu4c/70.1/include/unicode/coll.h:62:
In file included from /usr/local/Cellar/icu4c/70.1/include/unicode/ucol.h:17:
In file included from /usr/local/Cellar/icu4c/70.1/include/unicode/unorm.h:25:
/usr/local/Cellar/icu4c/70.1/include/unicode/unorm2.h:264:1: error: expected ';' at end of declaration list
/usr/local/Cellar/icu4c/70.1/include/unicode/localpointer.h:556:60: note: expanded from macro 'U_DEFINE_LOCAL_OPEN_POINTER'
        LocalPointerClassName(LocalPointerClassName &&src) U_NOEXCEPT \
                                                           ^
/usr/local/Cellar/icu4c/70.1/include/unicode/platform.h:529:23: note: expanded from macro 'U_NOEXCEPT'
#   define U_NOEXCEPT noexcept
                      ^
In file included from libs/regex/build/has_icu_test.cpp:15:
In file included from /usr/local/Cellar/icu4c/70.1/include/unicode/coll.h:62:
In file included from /usr/local/Cellar/icu4c/70.1/include/unicode/ucol.h:19:
In file included from /usr/local/Cellar/icu4c/70.1/include/unicode/uloc.h:27:
/usr/local/Cellar/icu4c/70.1/include/unicode/uenum.h:69:1: warning: rvalue references are a C++11 extension [-Wc++11-extensions]
U_DEFINE_LOCAL_OPEN_POINTER(LocalUEnumerationPointer, UEnumeration, uenum_close);
^
/usr/local/Cellar/icu4c/70.1/include/unicode/localpointer.h:556:53: note: expanded from macro 'U_DEFINE_LOCAL_OPEN_POINTER'
        LocalPointerClassName(LocalPointerClassName &&src) U_NOEXCEPT \
                                                    ^
In file included from libs/regex/build/has_icu_test.cpp:15:
In file included from /usr/local/Cellar/icu4c/70.1/include/unicode/coll.h:62:
In file included from /usr/local/Cellar/icu4c/70.1/include/unicode/ucol.h:19:
In file included from /usr/local/Cellar/icu4c/70.1/include/unicode/uloc.h:27:
/usr/local/Cellar/icu4c/70.1/include/unicode/uenum.h:69:1: error: expected ';' at end of declaration list
/usr/local/Cellar/icu4c/70.1/include/unicode/localpointer.h:556:60: note: expanded from macro 'U_DEFINE_LOCAL_OPEN_POINTER'
        LocalPointerClassName(LocalPointerClassName &&src) U_NOEXCEPT \
                                                           ^
/usr/local/Cellar/icu4c/70.1/include/unicode/platform.h:529:23: note: expanded from macro 'U_NOEXCEPT'
#   define U_NOEXCEPT noexcept
                      ^
In file included from libs/regex/build/has_icu_test.cpp:15:
In file included from /usr/local/Cellar/icu4c/70.1/include/unicode/coll.h:62:
/usr/local/Cellar/icu4c/70.1/include/unicode/ucol.h:543:1: warning: rvalue references are a C++11 extension [-Wc++11-extensions]
U_DEFINE_LOCAL_OPEN_POINTER(LocalUCollatorPointer, UCollator, ucol_close);
^
/usr/local/Cellar/icu4c/70.1/include/unicode/localpointer.h:556:53: note: expanded from macro 'U_DEFINE_LOCAL_OPEN_POINTER'
        LocalPointerClassName(LocalPointerClassName &&src) U_NOEXCEPT \
                                                    ^
In file included from libs/regex/build/has_icu_test.cpp:15:
In file included from /usr/local/Cellar/icu4c/70.1/include/unicode/coll.h:62:
/usr/local/Cellar/icu4c/70.1/include/unicode/ucol.h:543:1: error: expected ';' at end of declaration list
/usr/local/Cellar/icu4c/70.1/include/unicode/localpointer.h:556:60: note: expanded from macro 'U_DEFINE_LOCAL_OPEN_POINTER'
        LocalPointerClassName(LocalPointerClassName &&src) U_NOEXCEPT \
                                                           ^
/usr/local/Cellar/icu4c/70.1/include/unicode/platform.h:529:23: note: expanded from macro 'U_NOEXCEPT'
#   define U_NOEXCEPT noexcept
                      ^
In file included from libs/regex/build/has_icu_test.cpp:15:
In file included from /usr/local/Cellar/icu4c/70.1/include/unicode/coll.h:64:
In file included from /usr/local/Cellar/icu4c/70.1/include/unicode/locid.h:38:
/usr/local/Cellar/icu4c/70.1/include/unicode/bytestream.h:164:32: warning: deleted function definitions are a C++11 extension [-Wc++11-extensions]
  ByteSink(const ByteSink &) = delete;
                               ^
/usr/local/Cellar/icu4c/70.1/include/unicode/bytestream.h:165:43: warning: deleted function definitions are a C++11 extension [-Wc++11-extensions]
  ByteSink &operator=(const ByteSink &) = delete;
                                          ^
/usr/local/Cellar/icu4c/70.1/include/unicode/bytestream.h:209:53: warning: 'override' keyword is a C++11 extension [-Wc++11-extensions]
  virtual void Append(const char* bytes, int32_t n) override;
                                                    ^
/usr/local/Cellar/icu4c/70.1/include/unicode/bytestream.h:227:59: warning: 'override' keyword is a C++11 extension [-Wc++11-extensions]
                                int32_t* result_capacity) override;
                                                          ^
/usr/local/Cellar/icu4c/70.1/include/unicode/bytestream.h:256:28: warning: deleted function definitions are a C++11 extension [-Wc++11-extensions]
  CheckedArrayByteSink() = delete;
                           ^
/usr/local/Cellar/icu4c/70.1/include/unicode/bytestream.h:257:56: warning: deleted function definitions are a C++11 extension [-Wc++11-extensions]
  CheckedArrayByteSink(const CheckedArrayByteSink &) = delete;
                                                       ^
/usr/local/Cellar/icu4c/70.1/include/unicode/bytestream.h:258:67: warning: deleted function definitions are a C++11 extension [-Wc++11-extensions]
  CheckedArrayByteSink &operator=(const CheckedArrayByteSink &) = delete;
                                                                  ^
/usr/local/Cellar/icu4c/70.1/include/unicode/bytestream.h:294:52: warning: 'override' keyword is a C++11 extension [-Wc++11-extensions]
  virtual void Append(const char* data, int32_t n) override { dest_->append(data, n); }
                                                   ^
/usr/local/Cellar/icu4c/70.1/include/unicode/bytestream.h:298:22: warning: deleted function definitions are a C++11 extension [-Wc++11-extensions]
  StringByteSink() = delete;
                     ^
/usr/local/Cellar/icu4c/70.1/include/unicode/bytestream.h:299:44: warning: deleted function definitions are a C++11 extension [-Wc++11-extensions]
  StringByteSink(const StringByteSink &) = delete;
                                           ^
/usr/local/Cellar/icu4c/70.1/include/unicode/bytestream.h:300:55: warning: deleted function definitions are a C++11 extension [-Wc++11-extensions]
  StringByteSink &operator=(const StringByteSink &) = delete;
                                                      ^
In file included from libs/regex/build/has_icu_test.cpp:15:
In file included from /usr/local/Cellar/icu4c/70.1/include/unicode/coll.h:64:
In file included from /usr/local/Cellar/icu4c/70.1/include/unicode/locid.h:40:
In file included from /usr/local/Cellar/icu4c/70.1/include/unicode/strenum.h:20:
In file included from /usr/local/Cellar/icu4c/70.1/include/unicode/unistr.h:36:
/usr/local/Cellar/icu4c/70.1/include/unicode/char16ptr.h:42:30: warning: 'final' keyword is a C++11 extension [-Wc++11-extensions]
class U_COMMON_API Char16Ptr U_FINAL {
                             ^
/usr/local/Cellar/icu4c/70.1/include/unicode/umachine.h:141:17: note: expanded from macro 'U_FINAL'
#define U_FINAL final
                ^
In file included from libs/regex/build/has_icu_test.cpp:15:
In file included from /usr/local/Cellar/icu4c/70.1/include/unicode/coll.h:64:
In file included from /usr/local/Cellar/icu4c/70.1/include/unicode/locid.h:40:
In file included from /usr/local/Cellar/icu4c/70.1/include/unicode/strenum.h:20:
In file included from /usr/local/Cellar/icu4c/70.1/include/unicode/unistr.h:36:
/usr/local/Cellar/icu4c/70.1/include/unicode/char16ptr.h:93:19: warning: deleted function definitions are a C++11 extension [-Wc++11-extensions]
    Char16Ptr() = delete;
                  ^
/usr/local/Cellar/icu4c/70.1/include/unicode/char16ptr.h:149:35: warning: 'final' keyword is a C++11 extension [-Wc++11-extensions]
class U_COMMON_API ConstChar16Ptr U_FINAL {
                                  ^
/usr/local/Cellar/icu4c/70.1/include/unicode/umachine.h:141:17: note: expanded from macro 'U_FINAL'
#define U_FINAL final
                ^
In file included from libs/regex/build/has_icu_test.cpp:15:
In file included from /usr/local/Cellar/icu4c/70.1/include/unicode/coll.h:64:
In file included from /usr/local/Cellar/icu4c/70.1/include/unicode/locid.h:40:
In file included from /usr/local/Cellar/icu4c/70.1/include/unicode/strenum.h:20:
In file included from /usr/local/Cellar/icu4c/70.1/include/unicode/unistr.h:36:
/usr/local/Cellar/icu4c/70.1/include/unicode/char16ptr.h:201:24: warning: deleted function definitions are a C++11 extension [-Wc++11-extensions]
    ConstChar16Ptr() = delete;
                       ^
In file included from libs/regex/build/has_icu_test.cpp:15:
In file included from /usr/local/Cellar/icu4c/70.1/include/unicode/coll.h:64:
In file included from /usr/local/Cellar/icu4c/70.1/include/unicode/locid.h:40:
In file included from /usr/local/Cellar/icu4c/70.1/include/unicode/strenum.h:20:
In file included from /usr/local/Cellar/icu4c/70.1/include/unicode/unistr.h:39:
/usr/local/Cellar/icu4c/70.1/include/unicode/stringpiece.h:133:22: warning: default template arguments for a function template are a C++11 extension [-Wc++11-extensions]
            typename = typename std::enable_if<
                     ^ ~~~~~~~~~~~~~~~~~~~~~~~~
In file included from libs/regex/build/has_icu_test.cpp:15:
In file included from /usr/local/Cellar/icu4c/70.1/include/unicode/coll.h:64:
In file included from /usr/local/Cellar/icu4c/70.1/include/unicode/locid.h:40:
In file included from /usr/local/Cellar/icu4c/70.1/include/unicode/strenum.h:20:
/usr/local/Cellar/icu4c/70.1/include/unicode/unistr.h:1529:44: warning: 'override' keyword is a C++11 extension [-Wc++11-extensions]
              UnicodeString& target) const override;
                                           ^
/usr/local/Cellar/icu4c/70.1/include/unicode/unistr.h:1909:42: warning: rvalue references are a C++11 extension [-Wc++11-extensions]
  UnicodeString &operator=(UnicodeString &&src) U_NOEXCEPT;
                                         ^
/usr/local/Cellar/icu4c/70.1/include/unicode/unistr.h:1909:48: error: expected ';' at end of declaration list
  UnicodeString &operator=(UnicodeString &&src) U_NOEXCEPT;
                                               ^
                                               ;
/usr/local/Cellar/icu4c/70.1/include/unicode/unistr.h:1916:34: error: expected ';' at end of declaration list
  void swap(UnicodeString &other) U_NOEXCEPT;
                                 ^
                                 ;
/usr/local/Cellar/icu4c/70.1/include/unicode/unistr.h:1925:45: error: expected ';' at end of declaration list
  swap(UnicodeString &s1, UnicodeString &s2) U_NOEXCEPT {
                                            ^
                                            ;
/usr/local/Cellar/icu4c/70.1/include/unicode/unistr.h:2459:64: warning: 'override' keyword is a C++11 extension [-Wc++11-extensions]
                                    const UnicodeString& text) override;
                                                               ^
/usr/local/Cellar/icu4c/70.1/include/unicode/unistr.h:2466:37: warning: 'override' keyword is a C++11 extension [-Wc++11-extensions]
  virtual UBool hasMetaData() const override;
                                    ^
/usr/local/Cellar/icu4c/70.1/include/unicode/unistr.h:2481:65: warning: 'override' keyword is a C++11 extension [-Wc++11-extensions]
  virtual void copy(int32_t start, int32_t limit, int32_t dest) override;
                                                                ^
/usr/local/Cellar/icu4c/70.1/include/unicode/unistr.h:3309:31: warning: rvalue references are a C++11 extension [-Wc++11-extensions]
  UnicodeString(UnicodeString &&src) U_NOEXCEPT;
                              ^
/usr/local/Cellar/icu4c/70.1/include/unicode/unistr.h:3309:37: error: expected ';' at end of declaration list
  UnicodeString(UnicodeString &&src) U_NOEXCEPT;
                                    ^
                                    ;
/usr/local/Cellar/icu4c/70.1/include/unicode/unistr.h:3341:40: warning: 'override' keyword is a C++11 extension [-Wc++11-extensions]
  virtual UnicodeString *clone() const override;
                                       ^
/usr/local/Cellar/icu4c/70.1/include/unicode/unistr.h:3447:46: warning: 'override' keyword is a C++11 extension [-Wc++11-extensions]
  virtual UClassID getDynamicClassID() const override;
                                             ^
/usr/local/Cellar/icu4c/70.1/include/unicode/unistr.h:3458:37: warning: 'override' keyword is a C++11 extension [-Wc++11-extensions]
  virtual int32_t getLength() const override;
                                    ^
/usr/local/Cellar/icu4c/70.1/include/unicode/unistr.h:3465:52: warning: 'override' keyword is a C++11 extension [-Wc++11-extensions]
  virtual char16_t getCharAt(int32_t offset) const override;
                                                   ^
/usr/local/Cellar/icu4c/70.1/include/unicode/unistr.h:3472:53: warning: 'override' keyword is a C++11 extension [-Wc++11-extensions]
  virtual UChar32 getChar32At(int32_t offset) const override;
                                                    ^
/usr/local/Cellar/icu4c/70.1/include/unicode/unistr.h:3621:63: error: expected ';' at end of declaration list
  void copyFieldsFrom(UnicodeString &src, UBool setSrcToBogus) U_NOEXCEPT;
                                                              ^
                                                              ;
/usr/local/Cellar/icu4c/70.1/include/unicode/unistr.h:2998:7: error: delegating constructors are permitted only in C++11
      UnicodeString(ConstChar16Ptr(text)) {}
      ^~~~~~~~~~~~~
/usr/local/Cellar/icu4c/70.1/include/unicode/unistr.h:3048:7: error: delegating constructors are permitted only in C++11
      UnicodeString(ConstChar16Ptr(text), textLength) {}
      ^~~~~~~~~~~~~
/usr/local/Cellar/icu4c/70.1/include/unicode/unistr.h:3129:7: error: delegating constructors are permitted only in C++11
      UnicodeString(Char16Ptr(buffer), buffLength, buffCapacity) {}
      ^~~~~~~~~~~~~
fatal error: too many errors emitted, stopping now [-ferror-limit=]
36 warnings and 20 errors generated.

    "clang++" -x c++ -fvisibility-inlines-hidden -fPIC -m64 -O3 -Wall -fvisibility=hidden -Wno-inline --target=x86_64-apple-darwin  -DBOOST_ALL_NO_LIB=1 -DBOOST_HAS_ICU=1 -DNDEBUG -I"." -I"/usr/local/Cellar/icu4c/70.1/include"  -c -o "bin.v2/libs/regex/build/clang-darwin-13/release/threading-multi/visibility-hidden/has_icu_test.o" "libs/regex/build/has_icu_test.cpp"

...failed clang-darwin.compile.c++ bin.v2/libs/regex/build/clang-darwin-13/release/threading-multi/visibility-hidden/has_icu_test.o...
...skipped <pbin.v2/libs/regex/build/clang-darwin-13/release/threading-multi/visibility-hidden>has_icu for lack of <pbin.v2/libs/regex/build/clang-darwin-13/release/threading-multi/visibility-hidden>has_icu_test.o...
...failed updating 1 target...
...skipped 1 target...
...updated 6 targets...
...found 10 targets...
...updating 8 targets...
clang-darwin.compile.c++ bin.v2/standalone/ac/clang-darwin-13/release/threading-multi/visibility-hidden/zlib_h.o
...updated 8 targets...
...found 5 targets...
...updating 3 targets...
clang-darwin.compile.c++ bin.v2/standalone/ac/clang-darwin-13/release/threading-multi/visibility-hidden/main-z.o
clang-darwin.link bin.v2/standalone/ac/clang-darwin-13/release/threading-multi/visibility-hidden/z
...updated 3 targets...
...found 4 targets...
...updating 2 targets...
clang-darwin.compile.c++ bin.v2/standalone/ac/clang-darwin-13/release/threading-multi/visibility-hidden/bzlib_h.o
...updated 2 targets...
...found 5 targets...
...updating 3 targets...
clang-darwin.compile.c++ bin.v2/standalone/ac/clang-darwin-13/release/threading-multi/visibility-hidden/main-bz2.o
clang-darwin.link bin.v2/standalone/ac/clang-darwin-13/release/threading-multi/visibility-hidden/bz2
...updated 3 targets...
...found 4 targets...
...updating 2 targets...
clang-darwin.compile.c++ bin.v2/standalone/ac/clang-darwin-13/release/threading-multi/visibility-hidden/lzma_h.o
...updated 2 targets...
...found 5 targets...
...updating 3 targets...
clang-darwin.compile.c++ bin.v2/standalone/ac/clang-darwin-13/release/threading-multi/visibility-hidden/main-lzma.o
clang-darwin.link bin.v2/standalone/ac/clang-darwin-13/release/threading-multi/visibility-hidden/lzma
...updated 3 targets...
...found 4 targets...
...updating 2 targets...
clang-darwin.compile.c++ bin.v2/standalone/ac/clang-darwin-13/release/threading-multi/visibility-hidden/zstd_h.o
...updated 2 targets...
...found 5 targets...
...updating 3 targets...
clang-darwin.compile.c++ bin.v2/standalone/ac/clang-darwin-13/release/threading-multi/visibility-hidden/main-zstd.o
clang-darwin.link bin.v2/standalone/ac/clang-darwin-13/release/threading-multi/visibility-hidden/zstd
...updated 3 targets...
...found 10 targets...
...updating 8 targets...
clang-darwin.compile.c++ bin.v2/libs/iostreams/build/clang-darwin-13/release/threading-multi/visibility-hidden/has_lzma_cputhreads.o
clang-darwin.link bin.v2/libs/iostreams/build/clang-darwin-13/release/threading-multi/visibility-hidden/has_lzma_cputhreads
...updated 8 targets...
...found 1 target...
...updating 1 target...
clang-darwin.compile.c++ bin.v2/libs/config/checks/clang-darwin-13/release/threading-multi/visibility-hidden/cxx11_decltype.o
libs/config/checks/test_case.cpp:726:7: error: "Defect macro BOOST_NO_CXX11_DECLTYPE is defined."
#     error "Defect macro BOOST_NO_CXX11_DECLTYPE is defined."
      ^
1 error generated.

    "clang++" -x c++ -fvisibility-inlines-hidden -fPIC -m64 -O3 -Wall -fvisibility=hidden -Wno-inline --target=x86_64-apple-darwin  -DBOOST_ALL_NO_LIB=1 -DNDEBUG -DTEST_BOOST_NO_CXX11_DECLTYPE -I"."  -c -o "bin.v2/libs/config/checks/clang-darwin-13/release/threading-multi/visibility-hidden/cxx11_decltype.o" "libs/config/checks/test_case.cpp"

...failed clang-darwin.compile.c++ bin.v2/libs/config/checks/clang-darwin-13/release/threading-multi/visibility-hidden/cxx11_decltype.o...
...failed updating 1 target...
...found 8 targets...
...updating 7 targets...
clang-darwin.compile.c++ bin.v2/libs/json/build/clang-darwin-13/release/threading-multi/visibility-hidden/cxx11_basic_alignas.o
libs/json/src/../check/basic_alignas.cpp:7:1: error: C++ requires a type specifier for all declarations
alignas(16) char test1[10];
^
libs/json/src/../check/basic_alignas.cpp:7:12: error: expected ';' after top level declarator
alignas(16) char test1[10];
           ^
           ;
libs/json/src/../check/basic_alignas.cpp:8:1: error: C++ requires a type specifier for all declarations
alignas(double) char test2[10];
^
libs/json/src/../check/basic_alignas.cpp:8:16: error: expected ';' after top level declarator
alignas(double) char test2[10];
               ^
               ;
libs/json/src/../check/basic_alignas.cpp:9:1: error: unknown type name 'alignas'
alignas(some_struct) char test3[10];
^
libs/json/src/../check/basic_alignas.cpp:9:21: error: expected ';' after top level declarator
alignas(some_struct) char test3[10];
                    ^
                    ;
6 errors generated.

    "clang++" -x c++ -fvisibility-inlines-hidden -fPIC -m64 -O3 -Wall -fvisibility=hidden -Wno-inline --target=x86_64-apple-darwin  -DBOOST_ALL_NO_LIB=1 -DNDEBUG -I"."  -c -o "bin.v2/libs/json/build/clang-darwin-13/release/threading-multi/visibility-hidden/cxx11_basic_alignas.o" "libs/json/src/../check/basic_alignas.cpp"

...failed clang-darwin.compile.c++ bin.v2/libs/json/build/clang-darwin-13/release/threading-multi/visibility-hidden/cxx11_basic_alignas.o...
...failed updating 1 target...
...updated 6 targets...
...found 10 targets...
...updating 8 targets...
clang-darwin.compile.c++ bin.v2/libs/locale/build/clang-darwin-13/release/threading-multi/visibility-hidden/has_iconv.o
clang-darwin.link bin.v2/libs/locale/build/clang-darwin-13/release/threading-multi/visibility-hidden/has_iconv
Undefined symbols for architecture x86_64:
  "_iconv_open", referenced from:
      _main in has_iconv.o
ld: symbol(s) not found for architecture x86_64
clang: error: linker command failed with exit code 1 (use -v to see invocation)

    "clang++"   -o "bin.v2/libs/locale/build/clang-darwin-13/release/threading-multi/visibility-hidden/has_iconv" "bin.v2/libs/locale/build/clang-darwin-13/release/threading-multi/visibility-hidden/has_iconv.o"        -fPIC -m64 -fvisibility=hidden -fvisibility-inlines-hidden --target=x86_64-apple-darwin

...failed clang-darwin.link bin.v2/libs/locale/build/clang-darwin-13/release/threading-multi/visibility-hidden/has_iconv...
...failed updating 1 target...
...updated 7 targets...
...found 2 targets...
...updating 2 targets...
clang-darwin.compile.c++ bin.v2/libs/locale/build/clang-darwin-13/release/threading-multi/visibility-hidden/has_external_iconv_obj.o
clang-darwin.link bin.v2/libs/locale/build/clang-darwin-13/release/threading-multi/visibility-hidden/has_external_iconv
...updated 2 targets...
...found 4 targets...
...updating 2 targets...
clang-darwin.compile.c++ bin.v2/libs/locale/build/clang-darwin-13/release/threading-multi/visibility-hidden/has_icu_test.o
In file included from /Users/melisha/Desktop/untitled folder/boost_1_81_0/libs/locale/build/has_icu_test.cpp:6:
In file included from /usr/local/Cellar/icu4c/70.1/include/unicode/coll.h:61:
/usr/local/Cellar/icu4c/70.1/include/unicode/uobject.h:134:54: error: expected ';' at end of declaration list
    static void * U_EXPORT2 operator new(size_t size) U_NOEXCEPT;
                                                     ^
                                                     ;
/usr/local/Cellar/icu4c/70.1/include/unicode/uobject.h:141:56: error: expected ';' at end of declaration list
    static void * U_EXPORT2 operator new[](size_t size) U_NOEXCEPT;
                                                       ^
                                                       ;
/usr/local/Cellar/icu4c/70.1/include/unicode/uobject.h:151:51: error: expected ';' at end of declaration list
    static void U_EXPORT2 operator delete(void *p) U_NOEXCEPT;
                                                  ^
                                                  ;
/usr/local/Cellar/icu4c/70.1/include/unicode/uobject.h:158:53: error: expected ';' at end of declaration list
    static void U_EXPORT2 operator delete[](void *p) U_NOEXCEPT;
                                                    ^
                                                    ;
/usr/local/Cellar/icu4c/70.1/include/unicode/uobject.h:166:67: error: expected ';' at end of declaration list
    static inline void * U_EXPORT2 operator new(size_t, void *ptr) U_NOEXCEPT { return ptr; }
                                                                  ^
                                                                  ;
In file included from /Users/melisha/Desktop/untitled folder/boost_1_81_0/libs/locale/build/has_icu_test.cpp:6:
In file included from /usr/local/Cellar/icu4c/70.1/include/unicode/coll.h:62:
In file included from /usr/local/Cellar/icu4c/70.1/include/unicode/ucol.h:17:
In file included from /usr/local/Cellar/icu4c/70.1/include/unicode/unorm.h:25:
In file included from /usr/local/Cellar/icu4c/70.1/include/unicode/unorm2.h:35:
In file included from /usr/local/Cellar/icu4c/70.1/include/unicode/uset.h:36:
/usr/local/Cellar/icu4c/70.1/include/unicode/localpointer.h:71:51: warning: deleted function definitions are a C++11 extension [-Wc++11-extensions]
    static void* U_EXPORT2 operator new(size_t) = delete;
                                                  ^
/usr/local/Cellar/icu4c/70.1/include/unicode/localpointer.h:72:53: warning: deleted function definitions are a C++11 extension [-Wc++11-extensions]
    static void* U_EXPORT2 operator new[](size_t) = delete;
                                                    ^
/usr/local/Cellar/icu4c/70.1/include/unicode/localpointer.h:74:58: warning: deleted function definitions are a C++11 extension [-Wc++11-extensions]
    static void* U_EXPORT2 operator new(size_t, void*) = delete;
                                                         ^
/usr/local/Cellar/icu4c/70.1/include/unicode/localpointer.h:224:34: warning: rvalue references are a C++11 extension [-Wc++11-extensions]
    LocalPointer(LocalPointer<T> &&src) U_NOEXCEPT : LocalPointerBase<T>(src.ptr) {
                                 ^
/usr/local/Cellar/icu4c/70.1/include/unicode/localpointer.h:224:40: error: expected ';' at end of declaration list
    LocalPointer(LocalPointer<T> &&src) U_NOEXCEPT : LocalPointerBase<T>(src.ptr) {
                                       ^
                                       ;
/usr/local/Cellar/icu4c/70.1/include/unicode/localpointer.h:399:30: warning: rvalue references are a C++11 extension [-Wc++11-extensions]
    LocalArray(LocalArray<T> &&src) U_NOEXCEPT : LocalPointerBase<T>(src.ptr) {
                             ^
/usr/local/Cellar/icu4c/70.1/include/unicode/localpointer.h:399:36: error: expected ';' at end of declaration list
    LocalArray(LocalArray<T> &&src) U_NOEXCEPT : LocalPointerBase<T>(src.ptr) {
                                   ^
                                   ;
In file included from /Users/melisha/Desktop/untitled folder/boost_1_81_0/libs/locale/build/has_icu_test.cpp:6:
In file included from /usr/local/Cellar/icu4c/70.1/include/unicode/coll.h:62:
In file included from /usr/local/Cellar/icu4c/70.1/include/unicode/ucol.h:17:
In file included from /usr/local/Cellar/icu4c/70.1/include/unicode/unorm.h:25:
In file included from /usr/local/Cellar/icu4c/70.1/include/unicode/unorm2.h:35:
/usr/local/Cellar/icu4c/70.1/include/unicode/uset.h:333:1: warning: rvalue references are a C++11 extension [-Wc++11-extensions]
U_DEFINE_LOCAL_OPEN_POINTER(LocalUSetPointer, USet, uset_close);
^
/usr/local/Cellar/icu4c/70.1/include/unicode/localpointer.h:556:53: note: expanded from macro 'U_DEFINE_LOCAL_OPEN_POINTER'
        LocalPointerClassName(LocalPointerClassName &&src) U_NOEXCEPT \
                                                    ^
In file included from /Users/melisha/Desktop/untitled folder/boost_1_81_0/libs/locale/build/has_icu_test.cpp:6:
In file included from /usr/local/Cellar/icu4c/70.1/include/unicode/coll.h:62:
In file included from /usr/local/Cellar/icu4c/70.1/include/unicode/ucol.h:17:
In file included from /usr/local/Cellar/icu4c/70.1/include/unicode/unorm.h:25:
In file included from /usr/local/Cellar/icu4c/70.1/include/unicode/unorm2.h:35:
/usr/local/Cellar/icu4c/70.1/include/unicode/uset.h:333:1: error: expected ';' at end of declaration list
/usr/local/Cellar/icu4c/70.1/include/unicode/localpointer.h:556:60: note: expanded from macro 'U_DEFINE_LOCAL_OPEN_POINTER'
        LocalPointerClassName(LocalPointerClassName &&src) U_NOEXCEPT \
                                                           ^
/usr/local/Cellar/icu4c/70.1/include/unicode/platform.h:529:23: note: expanded from macro 'U_NOEXCEPT'
#   define U_NOEXCEPT noexcept
                      ^
In file included from /Users/melisha/Desktop/untitled folder/boost_1_81_0/libs/locale/build/has_icu_test.cpp:6:
In file included from /usr/local/Cellar/icu4c/70.1/include/unicode/coll.h:62:
In file included from /usr/local/Cellar/icu4c/70.1/include/unicode/ucol.h:17:
In file included from /usr/local/Cellar/icu4c/70.1/include/unicode/unorm.h:25:
/usr/local/Cellar/icu4c/70.1/include/unicode/unorm2.h:264:1: warning: rvalue references are a C++11 extension [-Wc++11-extensions]
U_DEFINE_LOCAL_OPEN_POINTER(LocalUNormalizer2Pointer, UNormalizer2, unorm2_close);
^
/usr/local/Cellar/icu4c/70.1/include/unicode/localpointer.h:556:53: note: expanded from macro 'U_DEFINE_LOCAL_OPEN_POINTER'
        LocalPointerClassName(LocalPointerClassName &&src) U_NOEXCEPT \
                                                    ^
In file included from /Users/melisha/Desktop/untitled folder/boost_1_81_0/libs/locale/build/has_icu_test.cpp:6:
In file included from /usr/local/Cellar/icu4c/70.1/include/unicode/coll.h:62:
In file included from /usr/local/Cellar/icu4c/70.1/include/unicode/ucol.h:17:
In file included from /usr/local/Cellar/icu4c/70.1/include/unicode/unorm.h:25:
/usr/local/Cellar/icu4c/70.1/include/unicode/unorm2.h:264:1: error: expected ';' at end of declaration list
/usr/local/Cellar/icu4c/70.1/include/unicode/localpointer.h:556:60: note: expanded from macro 'U_DEFINE_LOCAL_OPEN_POINTER'
        LocalPointerClassName(LocalPointerClassName &&src) U_NOEXCEPT \
                                                           ^
/usr/local/Cellar/icu4c/70.1/include/unicode/platform.h:529:23: note: expanded from macro 'U_NOEXCEPT'
#   define U_NOEXCEPT noexcept
                      ^
In file included from /Users/melisha/Desktop/untitled folder/boost_1_81_0/libs/locale/build/has_icu_test.cpp:6:
In file included from /usr/local/Cellar/icu4c/70.1/include/unicode/coll.h:62:
In file included from /usr/local/Cellar/icu4c/70.1/include/unicode/ucol.h:19:
In file included from /usr/local/Cellar/icu4c/70.1/include/unicode/uloc.h:27:
/usr/local/Cellar/icu4c/70.1/include/unicode/uenum.h:69:1: warning: rvalue references are a C++11 extension [-Wc++11-extensions]
U_DEFINE_LOCAL_OPEN_POINTER(LocalUEnumerationPointer, UEnumeration, uenum_close);
^
/usr/local/Cellar/icu4c/70.1/include/unicode/localpointer.h:556:53: note: expanded from macro 'U_DEFINE_LOCAL_OPEN_POINTER'
        LocalPointerClassName(LocalPointerClassName &&src) U_NOEXCEPT \
                                                    ^
In file included from /Users/melisha/Desktop/untitled folder/boost_1_81_0/libs/locale/build/has_icu_test.cpp:6:
In file included from /usr/local/Cellar/icu4c/70.1/include/unicode/coll.h:62:
In file included from /usr/local/Cellar/icu4c/70.1/include/unicode/ucol.h:19:
In file included from /usr/local/Cellar/icu4c/70.1/include/unicode/uloc.h:27:
/usr/local/Cellar/icu4c/70.1/include/unicode/uenum.h:69:1: error: expected ';' at end of declaration list
/usr/local/Cellar/icu4c/70.1/include/unicode/localpointer.h:556:60: note: expanded from macro 'U_DEFINE_LOCAL_OPEN_POINTER'
        LocalPointerClassName(LocalPointerClassName &&src) U_NOEXCEPT \
                                                           ^
/usr/local/Cellar/icu4c/70.1/include/unicode/platform.h:529:23: note: expanded from macro 'U_NOEXCEPT'
#   define U_NOEXCEPT noexcept
                      ^
In file included from /Users/melisha/Desktop/untitled folder/boost_1_81_0/libs/locale/build/has_icu_test.cpp:6:
In file included from /usr/local/Cellar/icu4c/70.1/include/unicode/coll.h:62:
/usr/local/Cellar/icu4c/70.1/include/unicode/ucol.h:543:1: warning: rvalue references are a C++11 extension [-Wc++11-extensions]
U_DEFINE_LOCAL_OPEN_POINTER(LocalUCollatorPointer, UCollator, ucol_close);
^
/usr/local/Cellar/icu4c/70.1/include/unicode/localpointer.h:556:53: note: expanded from macro 'U_DEFINE_LOCAL_OPEN_POINTER'
        LocalPointerClassName(LocalPointerClassName &&src) U_NOEXCEPT \
                                                    ^
In file included from /Users/melisha/Desktop/untitled folder/boost_1_81_0/libs/locale/build/has_icu_test.cpp:6:
In file included from /usr/local/Cellar/icu4c/70.1/include/unicode/coll.h:62:
/usr/local/Cellar/icu4c/70.1/include/unicode/ucol.h:543:1: error: expected ';' at end of declaration list
/usr/local/Cellar/icu4c/70.1/include/unicode/localpointer.h:556:60: note: expanded from macro 'U_DEFINE_LOCAL_OPEN_POINTER'
        LocalPointerClassName(LocalPointerClassName &&src) U_NOEXCEPT \
                                                           ^
/usr/local/Cellar/icu4c/70.1/include/unicode/platform.h:529:23: note: expanded from macro 'U_NOEXCEPT'
#   define U_NOEXCEPT noexcept
                      ^
In file included from /Users/melisha/Desktop/untitled folder/boost_1_81_0/libs/locale/build/has_icu_test.cpp:6:
In file included from /usr/local/Cellar/icu4c/70.1/include/unicode/coll.h:64:
In file included from /usr/local/Cellar/icu4c/70.1/include/unicode/locid.h:38:
/usr/local/Cellar/icu4c/70.1/include/unicode/bytestream.h:164:32: warning: deleted function definitions are a C++11 extension [-Wc++11-extensions]
  ByteSink(const ByteSink &) = delete;
                               ^
/usr/local/Cellar/icu4c/70.1/include/unicode/bytestream.h:165:43: warning: deleted function definitions are a C++11 extension [-Wc++11-extensions]
  ByteSink &operator=(const ByteSink &) = delete;
                                          ^
/usr/local/Cellar/icu4c/70.1/include/unicode/bytestream.h:209:53: warning: 'override' keyword is a C++11 extension [-Wc++11-extensions]
  virtual void Append(const char* bytes, int32_t n) override;
                                                    ^
/usr/local/Cellar/icu4c/70.1/include/unicode/bytestream.h:227:59: warning: 'override' keyword is a C++11 extension [-Wc++11-extensions]
                                int32_t* result_capacity) override;
                                                          ^
/usr/local/Cellar/icu4c/70.1/include/unicode/bytestream.h:256:28: warning: deleted function definitions are a C++11 extension [-Wc++11-extensions]
  CheckedArrayByteSink() = delete;
                           ^
/usr/local/Cellar/icu4c/70.1/include/unicode/bytestream.h:257:56: warning: deleted function definitions are a C++11 extension [-Wc++11-extensions]
  CheckedArrayByteSink(const CheckedArrayByteSink &) = delete;
                                                       ^
/usr/local/Cellar/icu4c/70.1/include/unicode/bytestream.h:258:67: warning: deleted function definitions are a C++11 extension [-Wc++11-extensions]
  CheckedArrayByteSink &operator=(const CheckedArrayByteSink &) = delete;
                                                                  ^
/usr/local/Cellar/icu4c/70.1/include/unicode/bytestream.h:294:52: warning: 'override' keyword is a C++11 extension [-Wc++11-extensions]
  virtual void Append(const char* data, int32_t n) override { dest_->append(data, n); }
                                                   ^
/usr/local/Cellar/icu4c/70.1/include/unicode/bytestream.h:298:22: warning: deleted function definitions are a C++11 extension [-Wc++11-extensions]
  StringByteSink() = delete;
                     ^
/usr/local/Cellar/icu4c/70.1/include/unicode/bytestream.h:299:44: warning: deleted function definitions are a C++11 extension [-Wc++11-extensions]
  StringByteSink(const StringByteSink &) = delete;
                                           ^
/usr/local/Cellar/icu4c/70.1/include/unicode/bytestream.h:300:55: warning: deleted function definitions are a C++11 extension [-Wc++11-extensions]
  StringByteSink &operator=(const StringByteSink &) = delete;
                                                      ^
In file included from /Users/melisha/Desktop/untitled folder/boost_1_81_0/libs/locale/build/has_icu_test.cpp:6:
In file included from /usr/local/Cellar/icu4c/70.1/include/unicode/coll.h:64:
In file included from /usr/local/Cellar/icu4c/70.1/include/unicode/locid.h:40:
In file included from /usr/local/Cellar/icu4c/70.1/include/unicode/strenum.h:20:
In file included from /usr/local/Cellar/icu4c/70.1/include/unicode/unistr.h:36:
/usr/local/Cellar/icu4c/70.1/include/unicode/char16ptr.h:42:30: warning: 'final' keyword is a C++11 extension [-Wc++11-extensions]
class U_COMMON_API Char16Ptr U_FINAL {
                             ^
/usr/local/Cellar/icu4c/70.1/include/unicode/umachine.h:141:17: note: expanded from macro 'U_FINAL'
#define U_FINAL final
                ^
In file included from /Users/melisha/Desktop/untitled folder/boost_1_81_0/libs/locale/build/has_icu_test.cpp:6:
In file included from /usr/local/Cellar/icu4c/70.1/include/unicode/coll.h:64:
In file included from /usr/local/Cellar/icu4c/70.1/include/unicode/locid.h:40:
In file included from /usr/local/Cellar/icu4c/70.1/include/unicode/strenum.h:20:
In file included from /usr/local/Cellar/icu4c/70.1/include/unicode/unistr.h:36:
/usr/local/Cellar/icu4c/70.1/include/unicode/char16ptr.h:93:19: warning: deleted function definitions are a C++11 extension [-Wc++11-extensions]
    Char16Ptr() = delete;
                  ^
/usr/local/Cellar/icu4c/70.1/include/unicode/char16ptr.h:149:35: warning: 'final' keyword is a C++11 extension [-Wc++11-extensions]
class U_COMMON_API ConstChar16Ptr U_FINAL {
                                  ^
/usr/local/Cellar/icu4c/70.1/include/unicode/umachine.h:141:17: note: expanded from macro 'U_FINAL'
#define U_FINAL final
                ^
In file included from /Users/melisha/Desktop/untitled folder/boost_1_81_0/libs/locale/build/has_icu_test.cpp:6:
In file included from /usr/local/Cellar/icu4c/70.1/include/unicode/coll.h:64:
In file included from /usr/local/Cellar/icu4c/70.1/include/unicode/locid.h:40:
In file included from /usr/local/Cellar/icu4c/70.1/include/unicode/strenum.h:20:
In file included from /usr/local/Cellar/icu4c/70.1/include/unicode/unistr.h:36:
/usr/local/Cellar/icu4c/70.1/include/unicode/char16ptr.h:201:24: warning: deleted function definitions are a C++11 extension [-Wc++11-extensions]
    ConstChar16Ptr() = delete;
                       ^
In file included from /Users/melisha/Desktop/untitled folder/boost_1_81_0/libs/locale/build/has_icu_test.cpp:6:
In file included from /usr/local/Cellar/icu4c/70.1/include/unicode/coll.h:64:
In file included from /usr/local/Cellar/icu4c/70.1/include/unicode/locid.h:40:
In file included from /usr/local/Cellar/icu4c/70.1/include/unicode/strenum.h:20:
In file included from /usr/local/Cellar/icu4c/70.1/include/unicode/unistr.h:39:
/usr/local/Cellar/icu4c/70.1/include/unicode/stringpiece.h:133:22: warning: default template arguments for a function template are a C++11 extension [-Wc++11-extensions]
            typename = typename std::enable_if<
                     ^ ~~~~~~~~~~~~~~~~~~~~~~~~
In file included from /Users/melisha/Desktop/untitled folder/boost_1_81_0/libs/locale/build/has_icu_test.cpp:6:
In file included from /usr/local/Cellar/icu4c/70.1/include/unicode/coll.h:64:
In file included from /usr/local/Cellar/icu4c/70.1/include/unicode/locid.h:40:
In file included from /usr/local/Cellar/icu4c/70.1/include/unicode/strenum.h:20:
/usr/local/Cellar/icu4c/70.1/include/unicode/unistr.h:1529:44: warning: 'override' keyword is a C++11 extension [-Wc++11-extensions]
              UnicodeString& target) const override;
                                           ^
/usr/local/Cellar/icu4c/70.1/include/unicode/unistr.h:1909:42: warning: rvalue references are a C++11 extension [-Wc++11-extensions]
  UnicodeString &operator=(UnicodeString &&src) U_NOEXCEPT;
                                         ^
/usr/local/Cellar/icu4c/70.1/include/unicode/unistr.h:1909:48: error: expected ';' at end of declaration list
  UnicodeString &operator=(UnicodeString &&src) U_NOEXCEPT;
                                               ^
                                               ;
/usr/local/Cellar/icu4c/70.1/include/unicode/unistr.h:1916:34: error: expected ';' at end of declaration list
  void swap(UnicodeString &other) U_NOEXCEPT;
                                 ^
                                 ;
/usr/local/Cellar/icu4c/70.1/include/unicode/unistr.h:1925:45: error: expected ';' at end of declaration list
  swap(UnicodeString &s1, UnicodeString &s2) U_NOEXCEPT {
                                            ^
                                            ;
/usr/local/Cellar/icu4c/70.1/include/unicode/unistr.h:2459:64: warning: 'override' keyword is a C++11 extension [-Wc++11-extensions]
                                    const UnicodeString& text) override;
                                                               ^
/usr/local/Cellar/icu4c/70.1/include/unicode/unistr.h:2466:37: warning: 'override' keyword is a C++11 extension [-Wc++11-extensions]
  virtual UBool hasMetaData() const override;
                                    ^
/usr/local/Cellar/icu4c/70.1/include/unicode/unistr.h:2481:65: warning: 'override' keyword is a C++11 extension [-Wc++11-extensions]
  virtual void copy(int32_t start, int32_t limit, int32_t dest) override;
                                                                ^
/usr/local/Cellar/icu4c/70.1/include/unicode/unistr.h:3309:31: warning: rvalue references are a C++11 extension [-Wc++11-extensions]
  UnicodeString(UnicodeString &&src) U_NOEXCEPT;
                              ^
/usr/local/Cellar/icu4c/70.1/include/unicode/unistr.h:3309:37: error: expected ';' at end of declaration list
  UnicodeString(UnicodeString &&src) U_NOEXCEPT;
                                    ^
                                    ;
/usr/local/Cellar/icu4c/70.1/include/unicode/unistr.h:3341:40: warning: 'override' keyword is a C++11 extension [-Wc++11-extensions]
  virtual UnicodeString *clone() const override;
                                       ^
/usr/local/Cellar/icu4c/70.1/include/unicode/unistr.h:3447:46: warning: 'override' keyword is a C++11 extension [-Wc++11-extensions]
  virtual UClassID getDynamicClassID() const override;
                                             ^
/usr/local/Cellar/icu4c/70.1/include/unicode/unistr.h:3458:37: warning: 'override' keyword is a C++11 extension [-Wc++11-extensions]
  virtual int32_t getLength() const override;
                                    ^
/usr/local/Cellar/icu4c/70.1/include/unicode/unistr.h:3465:52: warning: 'override' keyword is a C++11 extension [-Wc++11-extensions]
  virtual char16_t getCharAt(int32_t offset) const override;
                                                   ^
/usr/local/Cellar/icu4c/70.1/include/unicode/unistr.h:3472:53: warning: 'override' keyword is a C++11 extension [-Wc++11-extensions]
  virtual UChar32 getChar32At(int32_t offset) const override;
                                                    ^
/usr/local/Cellar/icu4c/70.1/include/unicode/unistr.h:3621:63: error: expected ';' at end of declaration list
  void copyFieldsFrom(UnicodeString &src, UBool setSrcToBogus) U_NOEXCEPT;
                                                              ^
                                                              ;
/usr/local/Cellar/icu4c/70.1/include/unicode/unistr.h:2998:7: error: delegating constructors are permitted only in C++11
      UnicodeString(ConstChar16Ptr(text)) {}
      ^~~~~~~~~~~~~
/usr/local/Cellar/icu4c/70.1/include/unicode/unistr.h:3048:7: error: delegating constructors are permitted only in C++11
      UnicodeString(ConstChar16Ptr(text), textLength) {}
      ^~~~~~~~~~~~~
/usr/local/Cellar/icu4c/70.1/include/unicode/unistr.h:3129:7: error: delegating constructors are permitted only in C++11
      UnicodeString(Char16Ptr(buffer), buffLength, buffCapacity) {}
      ^~~~~~~~~~~~~
fatal error: too many errors emitted, stopping now [-ferror-limit=]
36 warnings and 20 errors generated.

    "clang++" -x c++ -fvisibility-inlines-hidden -fPIC -m64 -O3 -Wall -fvisibility=hidden -Wno-inline --target=x86_64-apple-darwin  -DBOOST_ALL_NO_LIB=1 -DNDEBUG -I"." -I"/usr/local/Cellar/icu4c/70.1/include"  -c -o "bin.v2/libs/locale/build/clang-darwin-13/release/threading-multi/visibility-hidden/has_icu_test.o" "/Users/melisha/Desktop/untitled folder/boost_1_81_0/libs/locale/build/has_icu_test.cpp"

...failed clang-darwin.compile.c++ bin.v2/libs/locale/build/clang-darwin-13/release/threading-multi/visibility-hidden/has_icu_test.o...
...skipped <pbin.v2/libs/locale/build/clang-darwin-13/release/threading-multi/visibility-hidden>has_icu for lack of <pbin.v2/libs/locale/build/clang-darwin-13/release/threading-multi/visibility-hidden>has_icu_test.o...
...failed updating 1 target...
...skipped 1 target...
...found 1 target...
...updating 1 target...
clang-darwin.compile.c++ bin.v2/libs/config/checks/clang-darwin-13/release/threading-multi/visibility-hidden/cxx11_defaulted_moves.o
libs/config/checks/test_case.cpp:311:7: error: "Defect macro BOOST_NO_CXX11_DEFAULTED_MOVES is defined."
#     error "Defect macro BOOST_NO_CXX11_DEFAULTED_MOVES is defined."
      ^
1 error generated.

    "clang++" -x c++ -fvisibility-inlines-hidden -fPIC -m64 -O3 -Wall -fvisibility=hidden -Wno-inline --target=x86_64-apple-darwin  -DBOOST_ALL_NO_LIB=1 -DNDEBUG -DTEST_BOOST_NO_CXX11_DEFAULTED_MOVES -I"."  -c -o "bin.v2/libs/config/checks/clang-darwin-13/release/threading-multi/visibility-hidden/cxx11_defaulted_moves.o" "libs/config/checks/test_case.cpp"

...failed clang-darwin.compile.c++ bin.v2/libs/config/checks/clang-darwin-13/release/threading-multi/visibility-hidden/cxx11_defaulted_moves.o...
...failed updating 1 target...
...found 1 target...
...updating 1 target...
clang-darwin.compile.c++ bin.v2/libs/config/checks/clang-darwin-13/release/threading-multi/visibility-hidden/cxx11_hdr_functional.o
libs/config/checks/test_case.cpp:721:7: error: "Defect macro BOOST_NO_CXX11_HDR_FUNCTIONAL is defined."
#     error "Defect macro BOOST_NO_CXX11_HDR_FUNCTIONAL is defined."
      ^
1 error generated.

    "clang++" -x c++ -fvisibility-inlines-hidden -fPIC -m64 -O3 -Wall -fvisibility=hidden -Wno-inline --target=x86_64-apple-darwin  -DBOOST_ALL_NO_LIB=1 -DNDEBUG -DTEST_BOOST_NO_CXX11_HDR_FUNCTIONAL -I"."  -c -o "bin.v2/libs/config/checks/clang-darwin-13/release/threading-multi/visibility-hidden/cxx11_hdr_functional.o" "libs/config/checks/test_case.cpp"

...failed clang-darwin.compile.c++ bin.v2/libs/config/checks/clang-darwin-13/release/threading-multi/visibility-hidden/cxx11_hdr_functional.o...
...failed updating 1 target...
...found 1 target...
...updating 1 target...
clang-darwin.compile.c++ bin.v2/libs/config/checks/clang-darwin-13/release/threading-multi/visibility-hidden/cxx11_hdr_type_traits.o
libs/config/checks/test_case.cpp:401:7: error: "Defect macro BOOST_NO_CXX11_HDR_TYPE_TRAITS is defined."
#     error "Defect macro BOOST_NO_CXX11_HDR_TYPE_TRAITS is defined."
      ^
1 error generated.

    "clang++" -x c++ -fvisibility-inlines-hidden -fPIC -m64 -O3 -Wall -fvisibility=hidden -Wno-inline --target=x86_64-apple-darwin  -DBOOST_ALL_NO_LIB=1 -DNDEBUG -DTEST_BOOST_NO_CXX11_HDR_TYPE_TRAITS -I"."  -c -o "bin.v2/libs/config/checks/clang-darwin-13/release/threading-multi/visibility-hidden/cxx11_hdr_type_traits.o" "libs/config/checks/test_case.cpp"

...failed clang-darwin.compile.c++ bin.v2/libs/config/checks/clang-darwin-13/release/threading-multi/visibility-hidden/cxx11_hdr_type_traits.o...
...failed updating 1 target...
...found 1 target...
...updating 1 target...
clang-darwin.compile.c++ bin.v2/libs/config/checks/clang-darwin-13/release/threading-multi/visibility-hidden/cxx11_override.o
libs/config/checks/test_case.cpp:436:7: error: "Defect macro BOOST_NO_CXX11_OVERRIDE is defined."
#     error "Defect macro BOOST_NO_CXX11_OVERRIDE is defined."
      ^
1 error generated.

    "clang++" -x c++ -fvisibility-inlines-hidden -fPIC -m64 -O3 -Wall -fvisibility=hidden -Wno-inline --target=x86_64-apple-darwin  -DBOOST_ALL_NO_LIB=1 -DNDEBUG -DTEST_BOOST_NO_CXX11_OVERRIDE -I"."  -c -o "bin.v2/libs/config/checks/clang-darwin-13/release/threading-multi/visibility-hidden/cxx11_override.o" "libs/config/checks/test_case.cpp"

...failed clang-darwin.compile.c++ bin.v2/libs/config/checks/clang-darwin-13/release/threading-multi/visibility-hidden/cxx11_override.o...
...failed updating 1 target...
...found 1 target...
...updating 1 target...
clang-darwin.compile.c++ bin.v2/libs/config/checks/clang-darwin-13/release/threading-multi/visibility-hidden/cxx11_range_based_for.o
libs/config/checks/test_case.cpp:936:7: error: "Defect macro BOOST_NO_CXX11_RANGE_BASED_FOR is defined."
#     error "Defect macro BOOST_NO_CXX11_RANGE_BASED_FOR is defined."
      ^
1 error generated.

    "clang++" -x c++ -fvisibility-inlines-hidden -fPIC -m64 -O3 -Wall -fvisibility=hidden -Wno-inline --target=x86_64-apple-darwin  -DBOOST_ALL_NO_LIB=1 -DNDEBUG -DTEST_BOOST_NO_CXX11_RANGE_BASED_FOR -I"."  -c -o "bin.v2/libs/config/checks/clang-darwin-13/release/threading-multi/visibility-hidden/cxx11_range_based_for.o" "libs/config/checks/test_case.cpp"

...failed clang-darwin.compile.c++ bin.v2/libs/config/checks/clang-darwin-13/release/threading-multi/visibility-hidden/cxx11_range_based_for.o...
...failed updating 1 target...
...found 1 target...
...updating 1 target...
clang-darwin.compile.c++ bin.v2/libs/config/checks/clang-darwin-13/release/threading-multi/visibility-hidden/cxx11_scoped_enums.o
libs/config/checks/test_case.cpp:966:7: error: "Defect macro BOOST_NO_CXX11_SCOPED_ENUMS is defined."
#     error "Defect macro BOOST_NO_CXX11_SCOPED_ENUMS is defined."
      ^
1 error generated.

    "clang++" -x c++ -fvisibility-inlines-hidden -fPIC -m64 -O3 -Wall -fvisibility=hidden -Wno-inline --target=x86_64-apple-darwin  -DBOOST_ALL_NO_LIB=1 -DNDEBUG -DTEST_BOOST_NO_CXX11_SCOPED_ENUMS -I"."  -c -o "bin.v2/libs/config/checks/clang-darwin-13/release/threading-multi/visibility-hidden/cxx11_scoped_enums.o" "libs/config/checks/test_case.cpp"

...failed clang-darwin.compile.c++ bin.v2/libs/config/checks/clang-darwin-13/release/threading-multi/visibility-hidden/cxx11_scoped_enums.o...
...failed updating 1 target...
...found 1 target...
...updating 1 target...
clang-darwin.compile.c++ bin.v2/libs/config/checks/clang-darwin-13/release/threading-multi/visibility-hidden/cxx11_smart_ptr.o
libs/config/checks/test_case.cpp:456:7: error: "Defect macro BOOST_NO_CXX11_SMART_PTR is defined."
#     error "Defect macro BOOST_NO_CXX11_SMART_PTR is defined."
      ^
1 error generated.

    "clang++" -x c++ -fvisibility-inlines-hidden -fPIC -m64 -O3 -Wall -fvisibility=hidden -Wno-inline --target=x86_64-apple-darwin  -DBOOST_ALL_NO_LIB=1 -DNDEBUG -DTEST_BOOST_NO_CXX11_SMART_PTR -I"."  -c -o "bin.v2/libs/config/checks/clang-darwin-13/release/threading-multi/visibility-hidden/cxx11_smart_ptr.o" "libs/config/checks/test_case.cpp"

...failed clang-darwin.compile.c++ bin.v2/libs/config/checks/clang-darwin-13/release/threading-multi/visibility-hidden/cxx11_smart_ptr.o...
...failed updating 1 target...
...found 1 target...
...updating 1 target...
clang-darwin.compile.c++ bin.v2/libs/config/checks/clang-darwin-13/release/threading-multi/visibility-hidden/cxx11_static_assert.o
libs/config/checks/test_case.cpp:986:7: error: "Defect macro BOOST_NO_CXX11_STATIC_ASSERT is defined."
#     error "Defect macro BOOST_NO_CXX11_STATIC_ASSERT is defined."
      ^
1 error generated.

    "clang++" -x c++ -fvisibility-inlines-hidden -fPIC -m64 -O3 -Wall -fvisibility=hidden -Wno-inline --target=x86_64-apple-darwin  -DBOOST_ALL_NO_LIB=1 -DNDEBUG -DTEST_BOOST_NO_CXX11_STATIC_ASSERT -I"."  -c -o "bin.v2/libs/config/checks/clang-darwin-13/release/threading-multi/visibility-hidden/cxx11_static_assert.o" "libs/config/checks/test_case.cpp"

...failed clang-darwin.compile.c++ bin.v2/libs/config/checks/clang-darwin-13/release/threading-multi/visibility-hidden/cxx11_static_assert.o...
...failed updating 1 target...
...found 196 targets...
...updating 9 targets...
clang-darwin.compile.c++ bin.v2/libs/log/config/atomic-int32/clang-darwin-13/release/pch-off/threading-multi/visibility-hidden/atomic_int32.o
...updated 9 targets...
...found 9 targets...
...updating 7 targets...
clang-darwin.compile.c++ bin.v2/libs/log/config/native-syslog/clang-darwin-13/release/pch-off/threading-multi/visibility-hidden/native_syslog.o
...updated 7 targets...
...found 8 targets...
...updating 7 targets...
clang-darwin.compile.c++ bin.v2/libs/log/config/pthread-mutex-robust/clang-darwin-13/release/pch-off/threading-multi/visibility-hidden/pthread_mutex_robust.o
libs/log/config/pthread-mutex-robust/pthread_mutex_robust.cpp:17:40: error: use of undeclared identifier 'PTHREAD_MUTEX_ROBUST'
    pthread_mutexattr_setrobust(&attr, PTHREAD_MUTEX_ROBUST);
                                       ^
libs/log/config/pthread-mutex-robust/pthread_mutex_robust.cpp:26:15: error: use of undeclared identifier 'pthread_mutex_consistent'; did you mean 'pthread_mutex_destroy'?
        err = pthread_mutex_consistent(&m);
              ^~~~~~~~~~~~~~~~~~~~~~~~
              pthread_mutex_destroy
/Applications/Xcode.app/Contents/Developer/Platforms/MacOSX.platform/Developer/SDKs/MacOSX.sdk/usr/include/pthread.h:369:5: note: 'pthread_mutex_destroy' declared here
int pthread_mutex_destroy(pthread_mutex_t *);
    ^
2 errors generated.

    "clang++" -x c++ -fvisibility-inlines-hidden -fPIC -m64 -O3 -Wall -fvisibility=hidden -Wno-inline --target=x86_64-apple-darwin  -DBOOST_ALL_NO_LIB=1 -DNDEBUG -I"."  -c -o "bin.v2/libs/log/config/pthread-mutex-robust/clang-darwin-13/release/pch-off/threading-multi/visibility-hidden/pthread_mutex_robust.o" "libs/log/config/pthread-mutex-robust/pthread_mutex_robust.cpp"

...failed clang-darwin.compile.c++ bin.v2/libs/log/config/pthread-mutex-robust/clang-darwin-13/release/pch-off/threading-multi/visibility-hidden/pthread_mutex_robust.o...
...failed updating 1 target...
...updated 6 targets...
...found 11 targets...
...updating 8 targets...
clang-darwin.compile.c++ bin.v2/libs/thread/build/clang-darwin-13/release/threading-multi/visibility-hidden/has_atomic_flag_lockfree_test.o
clang-darwin.link bin.v2/libs/thread/build/clang-darwin-13/release/threading-multi/visibility-hidden/has_atomic_flag_lockfree
...updated 8 targets...
...found 10 targets...
...updating 7 targets...
clang-darwin.compile.c++ bin.v2/libs/log/config/x86-ext/clang-darwin-13/release/pch-off/threading-multi/visibility-hidden/ssse3.o
...updated 7 targets...
...found 3 targets...
...updating 1 target...
clang-darwin.compile.c++ bin.v2/libs/log/config/x86-ext/clang-darwin-13/release/pch-off/threading-multi/visibility-hidden/avx2.o
...updated 1 target...
...found 8 targets...
...updating 7 targets...
clang-darwin.compile.c++ bin.v2/libs/math/config/clang-darwin-13/release/threading-multi/visibility-hidden/has_gcc_visibility.o
...updated 7 targets...
...found 1 target...
...updating 1 target...
clang-darwin.compile.c++ bin.v2/libs/config/checks/clang-darwin-13/release/threading-multi/visibility-hidden/sfinae_expr.o
...updated 1 target...
...found 1 target...
...updating 1 target...
clang-darwin.compile.c++ bin.v2/libs/config/checks/clang-darwin-13/release/threading-multi/visibility-hidden/cxx11_unified_initialization_syntax.o
libs/config/checks/test_case.cpp:1101:7: error: "Defect macro BOOST_NO_CXX11_UNIFIED_INITIALIZATION_SYNTAX is defined."
#     error "Defect macro BOOST_NO_CXX11_UNIFIED_INITIALIZATION_SYNTAX is defined."
      ^
1 error generated.

    "clang++" -x c++ -fvisibility-inlines-hidden -fPIC -m64 -O3 -Wall -fvisibility=hidden -Wno-inline --target=x86_64-apple-darwin  -DBOOST_ALL_NO_LIB=1 -DNDEBUG -DTEST_BOOST_NO_CXX11_UNIFIED_INITIALIZATION_SYNTAX -I"."  -c -o "bin.v2/libs/config/checks/clang-darwin-13/release/threading-multi/visibility-hidden/cxx11_unified_initialization_syntax.o" "libs/config/checks/test_case.cpp"

...failed clang-darwin.compile.c++ bin.v2/libs/config/checks/clang-darwin-13/release/threading-multi/visibility-hidden/cxx11_unified_initialization_syntax.o...
...failed updating 1 target...
...found 1 target...
...updating 1 target...
clang-darwin.compile.c++ bin.v2/libs/config/checks/clang-darwin-13/release/threading-multi/visibility-hidden/cxx11_hdr_initializer_list.o
libs/config/checks/test_case.cpp:361:7: error: "Defect macro BOOST_NO_CXX11_HDR_INITIALIZER_LIST is defined."
#     error "Defect macro BOOST_NO_CXX11_HDR_INITIALIZER_LIST is defined."
      ^
1 error generated.

    "clang++" -x c++ -fvisibility-inlines-hidden -fPIC -m64 -O3 -Wall -fvisibility=hidden -Wno-inline --target=x86_64-apple-darwin  -DBOOST_ALL_NO_LIB=1 -DNDEBUG -DTEST_BOOST_NO_CXX11_HDR_INITIALIZER_LIST -I"."  -c -o "bin.v2/libs/config/checks/clang-darwin-13/release/threading-multi/visibility-hidden/cxx11_hdr_initializer_list.o" "libs/config/checks/test_case.cpp"

...failed clang-darwin.compile.c++ bin.v2/libs/config/checks/clang-darwin-13/release/threading-multi/visibility-hidden/cxx11_hdr_initializer_list.o...
...failed updating 1 target...
...found 1 target...
...updating 1 target...
clang-darwin.compile.c++ bin.v2/libs/config/checks/clang-darwin-13/release/threading-multi/visibility-hidden/cxx11_hdr_chrono.o
libs/config/checks/test_case.cpp:336:7: error: "Defect macro BOOST_NO_CXX11_HDR_CHRONO is defined."
#     error "Defect macro BOOST_NO_CXX11_HDR_CHRONO is defined."
      ^
1 error generated.

    "clang++" -x c++ -fvisibility-inlines-hidden -fPIC -m64 -O3 -Wall -fvisibility=hidden -Wno-inline --target=x86_64-apple-darwin  -DBOOST_ALL_NO_LIB=1 -DNDEBUG -DTEST_BOOST_NO_CXX11_HDR_CHRONO -I"."  -c -o "bin.v2/libs/config/checks/clang-darwin-13/release/threading-multi/visibility-hidden/cxx11_hdr_chrono.o" "libs/config/checks/test_case.cpp"

...failed clang-darwin.compile.c++ bin.v2/libs/config/checks/clang-darwin-13/release/threading-multi/visibility-hidden/cxx11_hdr_chrono.o...
...failed updating 1 target...
...found 1 target...
...updating 1 target...
clang-darwin.compile.c++ bin.v2/libs/config/checks/clang-darwin-13/release/threading-multi/visibility-hidden/cxx11_numeric_limits.o
libs/config/checks/test_case.cpp:431:7: error: "Defect macro BOOST_NO_CXX11_NUMERIC_LIMITS is defined."
#     error "Defect macro BOOST_NO_CXX11_NUMERIC_LIMITS is defined."
      ^
1 error generated.

    "clang++" -x c++ -fvisibility-inlines-hidden -fPIC -m64 -O3 -Wall -fvisibility=hidden -Wno-inline --target=x86_64-apple-darwin  -DBOOST_ALL_NO_LIB=1 -DNDEBUG -DTEST_BOOST_NO_CXX11_NUMERIC_LIMITS -I"."  -c -o "bin.v2/libs/config/checks/clang-darwin-13/release/threading-multi/visibility-hidden/cxx11_numeric_limits.o" "libs/config/checks/test_case.cpp"

...failed clang-darwin.compile.c++ bin.v2/libs/config/checks/clang-darwin-13/release/threading-multi/visibility-hidden/cxx11_numeric_limits.o...
...failed updating 1 target...
...found 1 target...
...updating 1 target...
clang-darwin.compile.c++ bin.v2/libs/config/checks/clang-darwin-13/release/threading-multi/visibility-hidden/cxx11_hdr_array.o
...updated 1 target...
...found 1 target...
...updating 1 target...
clang-darwin.compile.c++ bin.v2/libs/config/checks/clang-darwin-13/release/threading-multi/visibility-hidden/cxx11_hdr_atomic.o
libs/config/checks/test_case.cpp:331:7: error: "Defect macro BOOST_NO_CXX11_HDR_ATOMIC is defined."
#     error "Defect macro BOOST_NO_CXX11_HDR_ATOMIC is defined."
      ^
1 error generated.

    "clang++" -x c++ -fvisibility-inlines-hidden -fPIC -m64 -O3 -Wall -fvisibility=hidden -Wno-inline --target=x86_64-apple-darwin  -DBOOST_ALL_NO_LIB=1 -DNDEBUG -DTEST_BOOST_NO_CXX11_HDR_ATOMIC -I"."  -c -o "bin.v2/libs/config/checks/clang-darwin-13/release/threading-multi/visibility-hidden/cxx11_hdr_atomic.o" "libs/config/checks/test_case.cpp"

...failed clang-darwin.compile.c++ bin.v2/libs/config/checks/clang-darwin-13/release/threading-multi/visibility-hidden/cxx11_hdr_atomic.o...
...failed updating 1 target...
...found 1 target...
...updating 1 target...
clang-darwin.compile.c++ bin.v2/libs/config/checks/clang-darwin-13/release/threading-multi/visibility-hidden/cxx11_allocator.o
libs/config/checks/test_case.cpp:301:7: error: "Defect macro BOOST_NO_CXX11_ALLOCATOR is defined."
#     error "Defect macro BOOST_NO_CXX11_ALLOCATOR is defined."
      ^
1 error generated.

    "clang++" -x c++ -fvisibility-inlines-hidden -fPIC -m64 -O3 -Wall -fvisibility=hidden -Wno-inline --target=x86_64-apple-darwin  -DBOOST_ALL_NO_LIB=1 -DNDEBUG -DTEST_BOOST_NO_CXX11_ALLOCATOR -I"."  -c -o "bin.v2/libs/config/checks/clang-darwin-13/release/threading-multi/visibility-hidden/cxx11_allocator.o" "libs/config/checks/test_case.cpp"

...failed clang-darwin.compile.c++ bin.v2/libs/config/checks/clang-darwin-13/release/threading-multi/visibility-hidden/cxx11_allocator.o...
...failed updating 1 target...
...found 1 target...
...updating 1 target...
clang-darwin.compile.c++ bin.v2/libs/config/checks/clang-darwin-13/release/threading-multi/visibility-hidden/cxx11_explicit_conversion_operators.o
libs/config/checks/test_case.cpp:776:7: error: "Defect macro BOOST_NO_CXX11_EXPLICIT_CONVERSION_OPERATORS is defined."
#     error "Defect macro BOOST_NO_CXX11_EXPLICIT_CONVERSION_OPERATORS is defined."
      ^
1 error generated.

    "clang++" -x c++ -fvisibility-inlines-hidden -fPIC -m64 -O3 -Wall -fvisibility=hidden -Wno-inline --target=x86_64-apple-darwin  -DBOOST_ALL_NO_LIB=1 -DNDEBUG -DTEST_BOOST_NO_CXX11_EXPLICIT_CONVERSION_OPERATORS -I"."  -c -o "bin.v2/libs/config/checks/clang-darwin-13/release/threading-multi/visibility-hidden/cxx11_explicit_conversion_operators.o" "libs/config/checks/test_case.cpp"

...failed clang-darwin.compile.c++ bin.v2/libs/config/checks/clang-darwin-13/release/threading-multi/visibility-hidden/cxx11_explicit_conversion_operators.o...
...failed updating 1 target...
...found 9 targets...
...updating 7 targets...
clang-darwin.compile.c++ bin.v2/libs/nowide/config/clang-darwin-13/release/threading-multi/visibility-hidden/cxx11_moveable_fstreams.o
In file included from libs/nowide/config/check_movable_fstreams.cpp:7:
In file included from /Applications/Xcode.app/Contents/Developer/Platforms/MacOSX.platform/Developer/SDKs/MacOSX.sdk/usr/include/c++/v1/fstream:184:
In file included from /Applications/Xcode.app/Contents/Developer/Platforms/MacOSX.platform/Developer/SDKs/MacOSX.sdk/usr/include/c++/v1/ostream:138:
/Applications/Xcode.app/Contents/Developer/Platforms/MacOSX.platform/Developer/SDKs/MacOSX.sdk/usr/include/c++/v1/streambuf:491:64: error: 'operator=' is a private member of 'std::ios_base'
_LIBCPP_EXTERN_TEMPLATE(class _LIBCPP_EXTERN_TEMPLATE_TYPE_VIS basic_ios<char>)
                                                               ^
/Applications/Xcode.app/Contents/Developer/Platforms/MacOSX.platform/Developer/SDKs/MacOSX.sdk/usr/include/c++/v1/istream:1651:64: note: in implicit copy assignment operator for 'std::ios' first required here
_LIBCPP_EXTERN_TEMPLATE(class _LIBCPP_EXTERN_TEMPLATE_TYPE_VIS basic_istream<char>)
                                                               ^
/Applications/Xcode.app/Contents/Developer/Platforms/MacOSX.platform/Developer/SDKs/MacOSX.sdk/usr/include/c++/v1/istream:1653:64: note: in implicit copy assignment operator for 'std::istream' first required here
_LIBCPP_EXTERN_TEMPLATE(class _LIBCPP_EXTERN_TEMPLATE_TYPE_VIS basic_iostream<char>)
                                                               ^
/Applications/Xcode.app/Contents/Developer/Platforms/MacOSX.platform/Developer/SDKs/MacOSX.sdk/usr/include/c++/v1/iosfwd:148:32: note: in implicit copy assignment operator for 'std::iostream' first required here
    class _LIBCPP_TEMPLATE_VIS basic_fstream;
                               ^
libs/nowide/config/check_movable_fstreams.cpp:16:8: note: in implicit copy assignment operator for 'std::fstream' first required here
    s2 = std::move(s1);
       ^
/Applications/Xcode.app/Contents/Developer/Platforms/MacOSX.platform/Developer/SDKs/MacOSX.sdk/usr/include/c++/v1/ios:313:15: note: declared private here
    ios_base& operator=(const ios_base&); // = delete;
              ^
1 error generated.

    "clang++" -x c++ -fvisibility-inlines-hidden -fPIC -m64 -O3 -Wall -fvisibility=hidden -Wno-inline --target=x86_64-apple-darwin  -DBOOST_ALL_NO_LIB=1 -DNDEBUG -I"."  -c -o "bin.v2/libs/nowide/config/clang-darwin-13/release/threading-multi/visibility-hidden/cxx11_moveable_fstreams.o" "libs/nowide/config/check_movable_fstreams.cpp"

...failed clang-darwin.compile.c++ bin.v2/libs/nowide/config/clang-darwin-13/release/threading-multi/visibility-hidden/cxx11_moveable_fstreams.o...
...failed updating 1 target...
...updated 6 targets...
...found 3 targets...
...updating 2 targets...
clang-darwin.compile.c++ bin.v2/libs/nowide/config/clang-darwin-13/release/threading-multi/visibility-hidden/check_lfs_support.o
libs/nowide/config/check_lfs_support.cpp:28:11: error: use of undeclared identifier 'nullptr'
    check(nullptr);
          ^
1 error generated.

    "clang++" -x c++ -fvisibility-inlines-hidden -fPIC -m64 -O3 -Wall -fvisibility=hidden -Wno-inline --target=x86_64-apple-darwin  -DBOOST_ALL_NO_LIB=1 -DNDEBUG -I"."  -c -o "bin.v2/libs/nowide/config/clang-darwin-13/release/threading-multi/visibility-hidden/check_lfs_support.o" "libs/nowide/config/check_lfs_support.cpp"

...failed clang-darwin.compile.c++ bin.v2/libs/nowide/config/clang-darwin-13/release/threading-multi/visibility-hidden/check_lfs_support.o...
...skipped <pbin.v2/libs/nowide/config/clang-darwin-13/release/threading-multi/visibility-hidden>lfs_support for lack of <pbin.v2/libs/nowide/config/clang-darwin-13/release/threading-multi/visibility-hidden>check_lfs_support.o...
...failed updating 1 target...
...skipped 1 target...
...found 2 targets...
...updating 1 target...
clang-darwin.compile.c++ bin.v2/libs/nowide/config/clang-darwin-13/release/threading-multi/visibility-hidden/attribute_init_priority.o
...updated 1 target...
...found 12 targets...
...updating 9 targets...
clang-darwin.compile.c++ bin.v2/libs/stacktrace/build/clang-darwin-13/release/threading-multi/visibility-hidden/has_backtrace.o
libs/stacktrace/build/has_backtrace.cpp:10:13: fatal error: 'backtrace.h' file not found
#   include <backtrace.h>
            ^~~~~~~~~~~~~
1 error generated.

    "clang++" -x c++ -fvisibility-inlines-hidden -fPIC -m64 -O3 -Wall -fvisibility=hidden -Wno-inline --target=x86_64-apple-darwin  -DBOOST_ALL_NO_LIB=1 -DNDEBUG -I"."  -c -o "bin.v2/libs/stacktrace/build/clang-darwin-13/release/threading-multi/visibility-hidden/has_backtrace.o" "libs/stacktrace/build/has_backtrace.cpp"

...failed clang-darwin.compile.c++ bin.v2/libs/stacktrace/build/clang-darwin-13/release/threading-multi/visibility-hidden/has_backtrace.o...
...skipped <pbin.v2/libs/stacktrace/build/clang-darwin-13/release/threading-multi/visibility-hidden>libbacktrace_exe for lack of <pbin.v2/libs/stacktrace/build/clang-darwin-13/release/threading-multi/visibility-hidden>has_backtrace.o...
...skipped <pbin.v2/libs/stacktrace/build/clang-darwin-13/release/threading-multi/visibility-hidden>libbacktrace.output for lack of <pbin.v2/libs/stacktrace/build/clang-darwin-13/release/threading-multi/visibility-hidden>libbacktrace_exe...
...failed updating 1 target...
...skipped 2 targets...
...updated 6 targets...
...found 5 targets...
...updating 3 targets...
clang-darwin.compile.c++ bin.v2/libs/stacktrace/build/clang-darwin-13/release/threading-multi/visibility-hidden/has_addr2line.o
clang-darwin.link bin.v2/libs/stacktrace/build/clang-darwin-13/release/threading-multi/visibility-hidden/addr2line_exe
Jamfile</Users/melisha/Desktop/untitled folder/boost_1_81_0/libs/stacktrace/build>.mp_simple_run_action bin.v2/libs/stacktrace/build/clang-darwin-13/release/threading-multi/visibility-hidden/addr2line.output
sh: /usr/bin/addr2line: No such file or directory
...updated 3 targets...
...found 5 targets...
...updating 3 targets...
clang-darwin.compile.c++ bin.v2/libs/stacktrace/build/clang-darwin-13/release/threading-multi/visibility-hidden/has_windbg.o
libs/stacktrace/build/has_windbg.cpp:8:10: fatal error: 'windows.h' file not found
#include <windows.h>
         ^~~~~~~~~~~
1 error generated.

    "clang++" -x c++ -fvisibility-inlines-hidden -fPIC -m64 -O3 -Wall -fvisibility=hidden -Wno-inline --target=x86_64-apple-darwin  -DBOOST_ALL_NO_LIB=1 -DNDEBUG -I"."  -c -o "bin.v2/libs/stacktrace/build/clang-darwin-13/release/threading-multi/visibility-hidden/has_windbg.o" "libs/stacktrace/build/has_windbg.cpp"

...failed clang-darwin.compile.c++ bin.v2/libs/stacktrace/build/clang-darwin-13/release/threading-multi/visibility-hidden/has_windbg.o...
...skipped <pbin.v2/libs/stacktrace/build/clang-darwin-13/release/threading-multi/visibility-hidden>WinDbg_exe for lack of <pbin.v2/libs/stacktrace/build/clang-darwin-13/release/threading-multi/visibility-hidden>has_windbg.o...
...skipped <pbin.v2/libs/stacktrace/build/clang-darwin-13/release/threading-multi/visibility-hidden>WinDbg.output for lack of <pbin.v2/libs/stacktrace/build/clang-darwin-13/release/threading-multi/visibility-hidden>WinDbg_exe...
...failed updating 1 target...
...skipped 2 targets...
...found 4 targets...
...updating 3 targets...
clang-darwin.compile.c++ bin.v2/libs/stacktrace/build/clang-darwin-13/release/threading-multi/visibility-hidden/has_windbg_cached.o
libs/stacktrace/build/has_windbg_cached.cpp:11:10: fatal error: 'windows.h' file not found
#include <windows.h>
         ^~~~~~~~~~~
1 error generated.

    "clang++" -x c++ -fvisibility-inlines-hidden -fPIC -m64 -O3 -Wall -fvisibility=hidden -Wno-inline --target=x86_64-apple-darwin  -DBOOST_ALL_NO_LIB=1 -DNDEBUG -I"."  -c -o "bin.v2/libs/stacktrace/build/clang-darwin-13/release/threading-multi/visibility-hidden/has_windbg_cached.o" "libs/stacktrace/build/has_windbg_cached.cpp"

...failed clang-darwin.compile.c++ bin.v2/libs/stacktrace/build/clang-darwin-13/release/threading-multi/visibility-hidden/has_windbg_cached.o...
...skipped <pbin.v2/libs/stacktrace/build/clang-darwin-13/release/threading-multi/visibility-hidden>WinDbgCached_exe for lack of <pbin.v2/libs/stacktrace/build/clang-darwin-13/release/threading-multi/visibility-hidden>has_windbg_cached.o...
...skipped <pbin.v2/libs/stacktrace/build/clang-darwin-13/release/threading-multi/visibility-hidden>WinDbgCached.output for lack of <pbin.v2/libs/stacktrace/build/clang-darwin-13/release/threading-multi/visibility-hidden>WinDbgCached_exe...
...failed updating 1 target...
...skipped 2 targets...
...found 166 targets...
...updating 7 targets...
clang-darwin.compile.c++ bin.v2/check/predef/clang-darwin-13/release/threading-multi/visibility-hidden/predef_check_cc_09a06289f4560e2f553bb0cbbec71436.o
In file included from /Users/melisha/Desktop/untitled folder/boost_1_81_0/libs/predef/tools/check/predef_check_cc_as_cpp.cpp:7:
/Users/melisha/Desktop/untitled folder/boost_1_81_0/libs/predef/tools/check/predef_check_cc.h:11:9: error: "FAILED"
#       error "FAILED"
        ^
1 error generated.

    "clang++" -x c++ -fvisibility-inlines-hidden -fPIC -m64 -O3 -Wall -fvisibility=hidden -Wno-inline --target=x86_64-apple-darwin  -DCHECK="BOOST_COMP_GNUC >= BOOST_VERSION_NUMBER(4,3,0)" -DNDEBUG -I"/Users/melisha/Desktop/untitled folder/boost_1_81_0" -I"/Users/melisha/Desktop/untitled folder/boost_1_81_0/libs/predef/include"  -c -o "bin.v2/check/predef/clang-darwin-13/release/threading-multi/visibility-hidden/predef_check_cc_09a06289f4560e2f553bb0cbbec71436.o" "/Users/melisha/Desktop/untitled folder/boost_1_81_0/libs/predef/tools/check/predef_check_cc_as_cpp.cpp"

...failed clang-darwin.compile.c++ bin.v2/check/predef/clang-darwin-13/release/threading-multi/visibility-hidden/predef_check_cc_09a06289f4560e2f553bb0cbbec71436.o...
...failed updating 1 target...
...updated 6 targets...
...found 4 targets...
...updating 4 targets...
clang-darwin.compile.c++ bin.v2/check/predef/clang-darwin-13/release/link-static/threading-multi/visibility-hidden/predef_check_cc_09a06289f4560e2f553bb0cbbec71436.o
In file included from /Users/melisha/Desktop/untitled folder/boost_1_81_0/libs/predef/tools/check/predef_check_cc_as_cpp.cpp:7:
/Users/melisha/Desktop/untitled folder/boost_1_81_0/libs/predef/tools/check/predef_check_cc.h:11:9: error: "FAILED"
#       error "FAILED"
        ^
1 error generated.

    "clang++" -x c++ -fvisibility-inlines-hidden -m64 -O3 -Wall -fvisibility=hidden -Wno-inline --target=x86_64-apple-darwin  -DCHECK="BOOST_COMP_GNUC >= BOOST_VERSION_NUMBER(4,3,0)" -DNDEBUG -I"/Users/melisha/Desktop/untitled folder/boost_1_81_0" -I"/Users/melisha/Desktop/untitled folder/boost_1_81_0/libs/predef/include"  -c -o "bin.v2/check/predef/clang-darwin-13/release/link-static/threading-multi/visibility-hidden/predef_check_cc_09a06289f4560e2f553bb0cbbec71436.o" "/Users/melisha/Desktop/untitled folder/boost_1_81_0/libs/predef/tools/check/predef_check_cc_as_cpp.cpp"

...failed clang-darwin.compile.c++ bin.v2/check/predef/clang-darwin-13/release/link-static/threading-multi/visibility-hidden/predef_check_cc_09a06289f4560e2f553bb0cbbec71436.o...
...failed updating 1 target...
...updated 3 targets...
...found 1 target...
...updating 1 target...
clang-darwin.compile.c++ bin.v2/libs/config/checks/clang-darwin-13/release/threading-multi/visibility-hidden/cxx11_hdr_thread.o
libs/config/checks/test_case.cpp:391:7: error: "Defect macro BOOST_NO_CXX11_HDR_THREAD is defined."
#     error "Defect macro BOOST_NO_CXX11_HDR_THREAD is defined."
      ^
1 error generated.

    "clang++" -x c++ -fvisibility-inlines-hidden -fPIC -m64 -O3 -Wall -fvisibility=hidden -Wno-inline --target=x86_64-apple-darwin  -DBOOST_ALL_NO_LIB=1 -DNDEBUG -DTEST_BOOST_NO_CXX11_HDR_THREAD -I"."  -c -o "bin.v2/libs/config/checks/clang-darwin-13/release/threading-multi/visibility-hidden/cxx11_hdr_thread.o" "libs/config/checks/test_case.cpp"

...failed clang-darwin.compile.c++ bin.v2/libs/config/checks/clang-darwin-13/release/threading-multi/visibility-hidden/cxx11_hdr_thread.o...
...failed updating 1 target...
...found 1 target...
...updating 1 target...
clang-darwin.compile.c++ bin.v2/libs/config/checks/clang-darwin-13/release/threading-multi/visibility-hidden/cxx11_hdr_regex.o
libs/config/checks/test_case.cpp:381:7: error: "Defect macro BOOST_NO_CXX11_HDR_REGEX is defined."
#     error "Defect macro BOOST_NO_CXX11_HDR_REGEX is defined."
      ^
1 error generated.

    "clang++" -x c++ -fvisibility-inlines-hidden -fPIC -m64 -O3 -Wall -fvisibility=hidden -Wno-inline --target=x86_64-apple-darwin  -DBOOST_ALL_NO_LIB=1 -DNDEBUG -DTEST_BOOST_NO_CXX11_HDR_REGEX -I"."  -c -o "bin.v2/libs/config/checks/clang-darwin-13/release/threading-multi/visibility-hidden/cxx11_hdr_regex.o" "libs/config/checks/test_case.cpp"

...failed clang-darwin.compile.c++ bin.v2/libs/config/checks/clang-darwin-13/release/threading-multi/visibility-hidden/cxx11_hdr_regex.o...
...failed updating 1 target...
...found 4 targets...
...updating 4 targets...
clang-darwin.compile.c++ bin.v2/libs/atomic/config/clang-darwin-13/release/link-static/threading-multi/visibility-hidden/has_sse2.o
...updated 4 targets...
...found 1 target...
...updating 1 target...
clang-darwin.compile.c++ bin.v2/libs/atomic/config/clang-darwin-13/release/link-static/threading-multi/visibility-hidden/has_sse41.o
...updated 1 target...
...found 4 targets...
...updating 4 targets...
clang-darwin.compile.c++ bin.v2/libs/filesystem/config/clang-darwin-13/release/link-static/threading-multi/visibility-hidden/has_cxx20_atomic_ref.o
libs/filesystem/config/has_cxx20_atomic_ref.cpp:15:10: error: no member named 'atomic_ref' in namespace 'std'
    std::atomic_ref< func_t* > ref(func);
    ~~~~~^
libs/filesystem/config/has_cxx20_atomic_ref.cpp:15:22: error: unexpected type name 'func_t': expected expression
    std::atomic_ref< func_t* > ref(func);
                     ^
libs/filesystem/config/has_cxx20_atomic_ref.cpp:15:30: error: expected expression
    std::atomic_ref< func_t* > ref(func);
                             ^
libs/filesystem/config/has_cxx20_atomic_ref.cpp:15:32: error: use of undeclared identifier 'ref'
    std::atomic_ref< func_t* > ref(func);
                               ^
libs/filesystem/config/has_cxx20_atomic_ref.cpp:16:5: error: use of undeclared identifier 'ref'
    ref.load(std::memory_order_relaxed);
    ^
libs/filesystem/config/has_cxx20_atomic_ref.cpp:17:5: error: use of undeclared identifier 'ref'
    ref.store((func_t*)0, std::memory_order_relaxed);
    ^
6 errors generated.

    "clang++" -x c++ -fvisibility-inlines-hidden -m64 -O3 -Wall -fvisibility=hidden -Wno-inline --target=x86_64-apple-darwin  -DBOOST_ALL_NO_LIB=1 -DNDEBUG -I"." -I"libs/filesystem/src"  -c -o "bin.v2/libs/filesystem/config/clang-darwin-13/release/link-static/threading-multi/visibility-hidden/has_cxx20_atomic_ref.o" "libs/filesystem/config/has_cxx20_atomic_ref.cpp"

...failed clang-darwin.compile.c++ bin.v2/libs/filesystem/config/clang-darwin-13/release/link-static/threading-multi/visibility-hidden/has_cxx20_atomic_ref.o...
...failed updating 1 target...
...updated 3 targets...
...found 1 target...
...updating 1 target...
clang-darwin.compile.c++ bin.v2/libs/filesystem/config/clang-darwin-13/release/link-static/threading-multi/visibility-hidden/has_statx.o
libs/filesystem/config/has_statx.cpp:17:18: error: variable has incomplete type 'struct statx'
    struct statx st;
                 ^
libs/filesystem/config/has_statx.cpp:17:12: note: forward declaration of 'statx'
    struct statx st;
           ^
libs/filesystem/config/has_statx.cpp:18:58: error: use of undeclared identifier 'AT_NO_AUTOMOUNT'
    int res = statx(AT_FDCWD, ".", AT_SYMLINK_NOFOLLOW | AT_NO_AUTOMOUNT, STATX_BTIME, &st);
                                                         ^
libs/filesystem/config/has_statx.cpp:18:75: error: use of undeclared identifier 'STATX_BTIME'
    int res = statx(AT_FDCWD, ".", AT_SYMLINK_NOFOLLOW | AT_NO_AUTOMOUNT, STATX_BTIME, &st);
                                                                          ^
3 errors generated.

    "clang++" -x c++ -fvisibility-inlines-hidden -m64 -O3 -Wall -fvisibility=hidden -Wno-inline --target=x86_64-apple-darwin  -DBOOST_ALL_NO_LIB=1 -DNDEBUG -I"." -I"libs/filesystem/src"  -c -o "bin.v2/libs/filesystem/config/clang-darwin-13/release/link-static/threading-multi/visibility-hidden/has_statx.o" "libs/filesystem/config/has_statx.cpp"

...failed clang-darwin.compile.c++ bin.v2/libs/filesystem/config/clang-darwin-13/release/link-static/threading-multi/visibility-hidden/has_statx.o...
...failed updating 1 target...
...found 1 target...
...updating 1 target...
clang-darwin.compile.c++ bin.v2/libs/filesystem/config/clang-darwin-13/release/link-static/threading-multi/visibility-hidden/has_statx_syscall.o
libs/filesystem/config/has_statx_syscall.cpp:11:10: fatal error: 'linux/stat.h' file not found
#include <linux/stat.h>
         ^~~~~~~~~~~~~~
1 error generated.

    "clang++" -x c++ -fvisibility-inlines-hidden -m64 -O3 -Wall -fvisibility=hidden -Wno-inline --target=x86_64-apple-darwin  -DBOOST_ALL_NO_LIB=1 -DNDEBUG -I"." -I"libs/filesystem/src"  -c -o "bin.v2/libs/filesystem/config/clang-darwin-13/release/link-static/threading-multi/visibility-hidden/has_statx_syscall.o" "libs/filesystem/config/has_statx_syscall.cpp"

...failed clang-darwin.compile.c++ bin.v2/libs/filesystem/config/clang-darwin-13/release/link-static/threading-multi/visibility-hidden/has_statx_syscall.o...
...failed updating 1 target...
...found 1 target...
...updating 1 target...
clang-darwin.compile.c++ bin.v2/libs/filesystem/config/clang-darwin-13/release/link-static/threading-multi/visibility-hidden/has_attribute_init_priority.o
...updated 1 target...
...found 1 target...
...updating 1 target...
clang-darwin.compile.c++ bin.v2/libs/filesystem/config/clang-darwin-13/release/link-static/threading-multi/visibility-hidden/has_stat_st_mtim.o
libs/filesystem/config/has_stat_st_mtim.cpp:17:8: error: no member named 'st_mtim' in 'stat'
    st.st_mtim.tv_nsec = 10;
    ~~ ^
1 error generated.

    "clang++" -x c++ -fvisibility-inlines-hidden -m64 -O3 -Wall -fvisibility=hidden -Wno-inline --target=x86_64-apple-darwin  -DBOOST_ALL_NO_LIB=1 -DNDEBUG -I"." -I"libs/filesystem/src"  -c -o "bin.v2/libs/filesystem/config/clang-darwin-13/release/link-static/threading-multi/visibility-hidden/has_stat_st_mtim.o" "libs/filesystem/config/has_stat_st_mtim.cpp"

...failed clang-darwin.compile.c++ bin.v2/libs/filesystem/config/clang-darwin-13/release/link-static/threading-multi/visibility-hidden/has_stat_st_mtim.o...
...failed updating 1 target...
...found 1 target...
...updating 1 target...
clang-darwin.compile.c++ bin.v2/libs/filesystem/config/clang-darwin-13/release/link-static/threading-multi/visibility-hidden/has_stat_st_mtimensec.o
libs/filesystem/config/has_stat_st_mtimensec.cpp:17:8: error: no member named 'st_mtimensec' in 'stat'
    st.st_mtimensec = 10;
    ~~ ^
1 error generated.

    "clang++" -x c++ -fvisibility-inlines-hidden -m64 -O3 -Wall -fvisibility=hidden -Wno-inline --target=x86_64-apple-darwin  -DBOOST_ALL_NO_LIB=1 -DNDEBUG -I"." -I"libs/filesystem/src"  -c -o "bin.v2/libs/filesystem/config/clang-darwin-13/release/link-static/threading-multi/visibility-hidden/has_stat_st_mtimensec.o" "libs/filesystem/config/has_stat_st_mtimensec.cpp"

...failed clang-darwin.compile.c++ bin.v2/libs/filesystem/config/clang-darwin-13/release/link-static/threading-multi/visibility-hidden/has_stat_st_mtimensec.o...
...failed updating 1 target...
...found 1 target...
...updating 1 target...
clang-darwin.compile.c++ bin.v2/libs/filesystem/config/clang-darwin-13/release/link-static/threading-multi/visibility-hidden/has_stat_st_mtimespec.o
...updated 1 target...
...found 1 target...
...updating 1 target...
clang-darwin.compile.c++ bin.v2/libs/filesystem/config/clang-darwin-13/release/link-static/threading-multi/visibility-hidden/has_stat_st_birthtim.o
libs/filesystem/config/has_stat_st_birthtim.cpp:17:8: error: no member named 'st_birthtim' in 'stat'
    st.st_birthtim.tv_sec = 1;
    ~~ ^
libs/filesystem/config/has_stat_st_birthtim.cpp:18:8: error: no member named 'st_birthtim' in 'stat'
    st.st_birthtim.tv_nsec = 10;
    ~~ ^
2 errors generated.

    "clang++" -x c++ -fvisibility-inlines-hidden -m64 -O3 -Wall -fvisibility=hidden -Wno-inline --target=x86_64-apple-darwin  -DBOOST_ALL_NO_LIB=1 -DNDEBUG -I"." -I"libs/filesystem/src"  -c -o "bin.v2/libs/filesystem/config/clang-darwin-13/release/link-static/threading-multi/visibility-hidden/has_stat_st_birthtim.o" "libs/filesystem/config/has_stat_st_birthtim.cpp"

...failed clang-darwin.compile.c++ bin.v2/libs/filesystem/config/clang-darwin-13/release/link-static/threading-multi/visibility-hidden/has_stat_st_birthtim.o...
...failed updating 1 target...
...found 1 target...
...updating 1 target...
clang-darwin.compile.c++ bin.v2/libs/filesystem/config/clang-darwin-13/release/link-static/threading-multi/visibility-hidden/has_stat_st_birthtimensec.o
libs/filesystem/config/has_stat_st_birthtimensec.cpp:18:8: error: no member named 'st_birthtimensec' in 'stat'
    st.st_birthtimensec = 10;
    ~~ ^
1 error generated.

    "clang++" -x c++ -fvisibility-inlines-hidden -m64 -O3 -Wall -fvisibility=hidden -Wno-inline --target=x86_64-apple-darwin  -DBOOST_ALL_NO_LIB=1 -DNDEBUG -I"." -I"libs/filesystem/src"  -c -o "bin.v2/libs/filesystem/config/clang-darwin-13/release/link-static/threading-multi/visibility-hidden/has_stat_st_birthtimensec.o" "libs/filesystem/config/has_stat_st_birthtimensec.cpp"

...failed clang-darwin.compile.c++ bin.v2/libs/filesystem/config/clang-darwin-13/release/link-static/threading-multi/visibility-hidden/has_stat_st_birthtimensec.o...
...failed updating 1 target...
...found 1 target...
...updating 1 target...
clang-darwin.compile.c++ bin.v2/libs/filesystem/config/clang-darwin-13/release/link-static/threading-multi/visibility-hidden/has_stat_st_birthtimespec.o
...updated 1 target...
...found 1 target...
...updating 1 target...
clang-darwin.compile.c++ bin.v2/libs/filesystem/config/clang-darwin-13/release/link-static/threading-multi/visibility-hidden/has_fdopendir_nofollow.o
...updated 1 target...
...found 1 target...
...updating 1 target...
clang-darwin.compile.c++ bin.v2/libs/filesystem/config/clang-darwin-13/release/link-static/threading-multi/visibility-hidden/has_posix_at_apis.o
libs/filesystem/config/has_posix_at_apis.cpp:25:35: error: use of undeclared identifier 'AT_NO_AUTOMOUNT'
    res |= fstatat(fd1, "y", &st, AT_NO_AUTOMOUNT | AT_SYMLINK_NOFOLLOW);
                                  ^
1 error generated.

    "clang++" -x c++ -fvisibility-inlines-hidden -m64 -O3 -Wall -fvisibility=hidden -Wno-inline --target=x86_64-apple-darwin  -DBOOST_ALL_NO_LIB=1 -DNDEBUG -I"." -I"libs/filesystem/src"  -c -o "bin.v2/libs/filesystem/config/clang-darwin-13/release/link-static/threading-multi/visibility-hidden/has_posix_at_apis.o" "libs/filesystem/config/has_posix_at_apis.cpp"

...failed clang-darwin.compile.c++ bin.v2/libs/filesystem/config/clang-darwin-13/release/link-static/threading-multi/visibility-hidden/has_posix_at_apis.o...
...failed updating 1 target...
...found 4 targets...
...updating 4 targets...
clang-darwin.compile.c++ bin.v2/libs/config/checks/clang-darwin-13/release/link-static/threading-multi/visibility-hidden/cxx11_auto_declarations.o
libs/config/checks/test_case.cpp:216:7: error: "Defect macro BOOST_NO_CXX11_AUTO_DECLARATIONS is defined."
#     error "Defect macro BOOST_NO_CXX11_AUTO_DECLARATIONS is defined."
      ^
1 error generated.

    "clang++" -x c++ -fvisibility-inlines-hidden -m64 -O3 -Wall -fvisibility=hidden -Wno-inline --target=x86_64-apple-darwin  -DBOOST_ALL_NO_LIB=1 -DNDEBUG -DTEST_BOOST_NO_CXX11_AUTO_DECLARATIONS -I"."  -c -o "bin.v2/libs/config/checks/clang-darwin-13/release/link-static/threading-multi/visibility-hidden/cxx11_auto_declarations.o" "libs/config/checks/test_case.cpp"

...failed clang-darwin.compile.c++ bin.v2/libs/config/checks/clang-darwin-13/release/link-static/threading-multi/visibility-hidden/cxx11_auto_declarations.o...
...failed updating 1 target...
...updated 3 targets...
...found 1 target...
...updating 1 target...
clang-darwin.compile.c++ bin.v2/libs/config/checks/clang-darwin-13/release/link-static/threading-multi/visibility-hidden/cxx11_constexpr.o
libs/config/checks/test_case.cpp:251:7: error: "Defect macro BOOST_NO_CXX11_CONSTEXPR is defined."
#     error "Defect macro BOOST_NO_CXX11_CONSTEXPR is defined."
      ^
1 error generated.

    "clang++" -x c++ -fvisibility-inlines-hidden -m64 -O3 -Wall -fvisibility=hidden -Wno-inline --target=x86_64-apple-darwin  -DBOOST_ALL_NO_LIB=1 -DNDEBUG -DTEST_BOOST_NO_CXX11_CONSTEXPR -I"."  -c -o "bin.v2/libs/config/checks/clang-darwin-13/release/link-static/threading-multi/visibility-hidden/cxx11_constexpr.o" "libs/config/checks/test_case.cpp"

...failed clang-darwin.compile.c++ bin.v2/libs/config/checks/clang-darwin-13/release/link-static/threading-multi/visibility-hidden/cxx11_constexpr.o...
...failed updating 1 target...
...found 1 target...
...updating 1 target...
clang-darwin.compile.c++ bin.v2/libs/config/checks/clang-darwin-13/release/link-static/threading-multi/visibility-hidden/cxx11_defaulted_functions.o
libs/config/checks/test_case.cpp:741:7: error: "Defect macro BOOST_NO_CXX11_DEFAULTED_FUNCTIONS is defined."
#     error "Defect macro BOOST_NO_CXX11_DEFAULTED_FUNCTIONS is defined."
      ^
1 error generated.

    "clang++" -x c++ -fvisibility-inlines-hidden -m64 -O3 -Wall -fvisibility=hidden -Wno-inline --target=x86_64-apple-darwin  -DBOOST_ALL_NO_LIB=1 -DNDEBUG -DTEST_BOOST_NO_CXX11_DEFAULTED_FUNCTIONS -I"."  -c -o "bin.v2/libs/config/checks/clang-darwin-13/release/link-static/threading-multi/visibility-hidden/cxx11_defaulted_functions.o" "libs/config/checks/test_case.cpp"

...failed clang-darwin.compile.c++ bin.v2/libs/config/checks/clang-darwin-13/release/link-static/threading-multi/visibility-hidden/cxx11_defaulted_functions.o...
...failed updating 1 target...
...found 1 target...
...updating 1 target...
clang-darwin.compile.c++ bin.v2/libs/config/checks/clang-darwin-13/release/link-static/threading-multi/visibility-hidden/cxx11_final.o
libs/config/checks/test_case.cpp:321:7: error: "Defect macro BOOST_NO_CXX11_FINAL is defined."
#     error "Defect macro BOOST_NO_CXX11_FINAL is defined."
      ^
1 error generated.

    "clang++" -x c++ -fvisibility-inlines-hidden -m64 -O3 -Wall -fvisibility=hidden -Wno-inline --target=x86_64-apple-darwin  -DBOOST_ALL_NO_LIB=1 -DNDEBUG -DTEST_BOOST_NO_CXX11_FINAL -I"."  -c -o "bin.v2/libs/config/checks/clang-darwin-13/release/link-static/threading-multi/visibility-hidden/cxx11_final.o" "libs/config/checks/test_case.cpp"

...failed clang-darwin.compile.c++ bin.v2/libs/config/checks/clang-darwin-13/release/link-static/threading-multi/visibility-hidden/cxx11_final.o...
...failed updating 1 target...
...found 1 target...
...updating 1 target...
clang-darwin.compile.c++ bin.v2/libs/config/checks/clang-darwin-13/release/link-static/threading-multi/visibility-hidden/cxx11_hdr_mutex.o
libs/config/checks/test_case.cpp:366:7: error: "Defect macro BOOST_NO_CXX11_HDR_MUTEX is defined."
#     error "Defect macro BOOST_NO_CXX11_HDR_MUTEX is defined."
      ^
1 error generated.

    "clang++" -x c++ -fvisibility-inlines-hidden -m64 -O3 -Wall -fvisibility=hidden -Wno-inline --target=x86_64-apple-darwin  -DBOOST_ALL_NO_LIB=1 -DNDEBUG -DTEST_BOOST_NO_CXX11_HDR_MUTEX -I"."  -c -o "bin.v2/libs/config/checks/clang-darwin-13/release/link-static/threading-multi/visibility-hidden/cxx11_hdr_mutex.o" "libs/config/checks/test_case.cpp"

...failed clang-darwin.compile.c++ bin.v2/libs/config/checks/clang-darwin-13/release/link-static/threading-multi/visibility-hidden/cxx11_hdr_mutex.o...
...failed updating 1 target...
...found 1 target...
...updating 1 target...
clang-darwin.compile.c++ bin.v2/libs/config/checks/clang-darwin-13/release/link-static/threading-multi/visibility-hidden/cxx11_hdr_tuple.o
libs/config/checks/test_case.cpp:396:7: error: "Defect macro BOOST_NO_CXX11_HDR_TUPLE is defined."
#     error "Defect macro BOOST_NO_CXX11_HDR_TUPLE is defined."
      ^
1 error generated.

    "clang++" -x c++ -fvisibility-inlines-hidden -m64 -O3 -Wall -fvisibility=hidden -Wno-inline --target=x86_64-apple-darwin  -DBOOST_ALL_NO_LIB=1 -DNDEBUG -DTEST_BOOST_NO_CXX11_HDR_TUPLE -I"."  -c -o "bin.v2/libs/config/checks/clang-darwin-13/release/link-static/threading-multi/visibility-hidden/cxx11_hdr_tuple.o" "libs/config/checks/test_case.cpp"

...failed clang-darwin.compile.c++ bin.v2/libs/config/checks/clang-darwin-13/release/link-static/threading-multi/visibility-hidden/cxx11_hdr_tuple.o...
...failed updating 1 target...
...found 1 target...
...updating 1 target...
clang-darwin.compile.c++ bin.v2/libs/config/checks/clang-darwin-13/release/link-static/threading-multi/visibility-hidden/cxx11_lambdas.o
libs/config/checks/test_case.cpp:846:7: error: "Defect macro BOOST_NO_CXX11_LAMBDAS is defined."
#     error "Defect macro BOOST_NO_CXX11_LAMBDAS is defined."
      ^
1 error generated.

    "clang++" -x c++ -fvisibility-inlines-hidden -m64 -O3 -Wall -fvisibility=hidden -Wno-inline --target=x86_64-apple-darwin  -DBOOST_ALL_NO_LIB=1 -DNDEBUG -DTEST_BOOST_NO_CXX11_LAMBDAS -I"."  -c -o "bin.v2/libs/config/checks/clang-darwin-13/release/link-static/threading-multi/visibility-hidden/cxx11_lambdas.o" "libs/config/checks/test_case.cpp"

...failed clang-darwin.compile.c++ bin.v2/libs/config/checks/clang-darwin-13/release/link-static/threading-multi/visibility-hidden/cxx11_lambdas.o...
...failed updating 1 target...
...found 1 target...
...updating 1 target...
clang-darwin.compile.c++ bin.v2/libs/config/checks/clang-darwin-13/release/link-static/threading-multi/visibility-hidden/cxx11_noexcept.o
libs/config/checks/test_case.cpp:901:7: error: "Defect macro BOOST_NO_CXX11_NOEXCEPT is defined."
#     error "Defect macro BOOST_NO_CXX11_NOEXCEPT is defined."
      ^
1 error generated.

    "clang++" -x c++ -fvisibility-inlines-hidden -m64 -O3 -Wall -fvisibility=hidden -Wno-inline --target=x86_64-apple-darwin  -DBOOST_ALL_NO_LIB=1 -DNDEBUG -DTEST_BOOST_NO_CXX11_NOEXCEPT -I"."  -c -o "bin.v2/libs/config/checks/clang-darwin-13/release/link-static/threading-multi/visibility-hidden/cxx11_noexcept.o" "libs/config/checks/test_case.cpp"

...failed clang-darwin.compile.c++ bin.v2/libs/config/checks/clang-darwin-13/release/link-static/threading-multi/visibility-hidden/cxx11_noexcept.o...
...failed updating 1 target...
...found 1 target...
...updating 1 target...
clang-darwin.compile.c++ bin.v2/libs/config/checks/clang-darwin-13/release/link-static/threading-multi/visibility-hidden/cxx11_nullptr.o
libs/config/checks/test_case.cpp:906:7: error: "Defect macro BOOST_NO_CXX11_NULLPTR is defined."
#     error "Defect macro BOOST_NO_CXX11_NULLPTR is defined."
      ^
1 error generated.

    "clang++" -x c++ -fvisibility-inlines-hidden -m64 -O3 -Wall -fvisibility=hidden -Wno-inline --target=x86_64-apple-darwin  -DBOOST_ALL_NO_LIB=1 -DNDEBUG -DTEST_BOOST_NO_CXX11_NULLPTR -I"."  -c -o "bin.v2/libs/config/checks/clang-darwin-13/release/link-static/threading-multi/visibility-hidden/cxx11_nullptr.o" "libs/config/checks/test_case.cpp"

...failed clang-darwin.compile.c++ bin.v2/libs/config/checks/clang-darwin-13/release/link-static/threading-multi/visibility-hidden/cxx11_nullptr.o...
...failed updating 1 target...
...found 1 target...
...updating 1 target...
clang-darwin.compile.c++ bin.v2/libs/config/checks/clang-darwin-13/release/link-static/threading-multi/visibility-hidden/cxx11_rvalue_references.o
libs/config/checks/test_case.cpp:961:7: error: "Defect macro BOOST_NO_CXX11_RVALUE_REFERENCES is defined."
#     error "Defect macro BOOST_NO_CXX11_RVALUE_REFERENCES is defined."
      ^
1 error generated.

    "clang++" -x c++ -fvisibility-inlines-hidden -m64 -O3 -Wall -fvisibility=hidden -Wno-inline --target=x86_64-apple-darwin  -DBOOST_ALL_NO_LIB=1 -DNDEBUG -DTEST_BOOST_NO_CXX11_RVALUE_REFERENCES -I"."  -c -o "bin.v2/libs/config/checks/clang-darwin-13/release/link-static/threading-multi/visibility-hidden/cxx11_rvalue_references.o" "libs/config/checks/test_case.cpp"

...failed clang-darwin.compile.c++ bin.v2/libs/config/checks/clang-darwin-13/release/link-static/threading-multi/visibility-hidden/cxx11_rvalue_references.o...
...failed updating 1 target...
...found 1 target...
...updating 1 target...
clang-darwin.compile.c++ bin.v2/libs/config/checks/clang-darwin-13/release/link-static/threading-multi/visibility-hidden/cxx11_template_aliases.o
libs/config/checks/test_case.cpp:1066:7: error: "Defect macro BOOST_NO_CXX11_TEMPLATE_ALIASES is defined."
#     error "Defect macro BOOST_NO_CXX11_TEMPLATE_ALIASES is defined."
      ^
1 error generated.

    "clang++" -x c++ -fvisibility-inlines-hidden -m64 -O3 -Wall -fvisibility=hidden -Wno-inline --target=x86_64-apple-darwin  -DBOOST_ALL_NO_LIB=1 -DNDEBUG -DTEST_BOOST_NO_CXX11_TEMPLATE_ALIASES -I"."  -c -o "bin.v2/libs/config/checks/clang-darwin-13/release/link-static/threading-multi/visibility-hidden/cxx11_template_aliases.o" "libs/config/checks/test_case.cpp"

...failed clang-darwin.compile.c++ bin.v2/libs/config/checks/clang-darwin-13/release/link-static/threading-multi/visibility-hidden/cxx11_template_aliases.o...
...failed updating 1 target...
...found 1 target...
...updating 1 target...
clang-darwin.compile.c++ bin.v2/libs/config/checks/clang-darwin-13/release/link-static/threading-multi/visibility-hidden/cxx11_thread_local.o
libs/config/checks/test_case.cpp:466:7: error: "Defect macro BOOST_NO_CXX11_THREAD_LOCAL is defined."
#     error "Defect macro BOOST_NO_CXX11_THREAD_LOCAL is defined."
      ^
1 error generated.

    "clang++" -x c++ -fvisibility-inlines-hidden -m64 -O3 -Wall -fvisibility=hidden -Wno-inline --target=x86_64-apple-darwin  -DBOOST_ALL_NO_LIB=1 -DNDEBUG -DTEST_BOOST_NO_CXX11_THREAD_LOCAL -I"."  -c -o "bin.v2/libs/config/checks/clang-darwin-13/release/link-static/threading-multi/visibility-hidden/cxx11_thread_local.o" "libs/config/checks/test_case.cpp"

...failed clang-darwin.compile.c++ bin.v2/libs/config/checks/clang-darwin-13/release/link-static/threading-multi/visibility-hidden/cxx11_thread_local.o...
...failed updating 1 target...
...found 1 target...
...updating 1 target...
clang-darwin.compile.c++ bin.v2/libs/config/checks/clang-darwin-13/release/link-static/threading-multi/visibility-hidden/cxx11_variadic_templates.o
libs/config/checks/test_case.cpp:1126:7: error: "Defect macro BOOST_NO_CXX11_VARIADIC_TEMPLATES is defined."
#     error "Defect macro BOOST_NO_CXX11_VARIADIC_TEMPLATES is defined."
      ^
1 error generated.

    "clang++" -x c++ -fvisibility-inlines-hidden -m64 -O3 -Wall -fvisibility=hidden -Wno-inline --target=x86_64-apple-darwin  -DBOOST_ALL_NO_LIB=1 -DNDEBUG -DTEST_BOOST_NO_CXX11_VARIADIC_TEMPLATES -I"."  -c -o "bin.v2/libs/config/checks/clang-darwin-13/release/link-static/threading-multi/visibility-hidden/cxx11_variadic_templates.o" "libs/config/checks/test_case.cpp"

...failed clang-darwin.compile.c++ bin.v2/libs/config/checks/clang-darwin-13/release/link-static/threading-multi/visibility-hidden/cxx11_variadic_templates.o...
...failed updating 1 target...
...found 5 targets...
...updating 5 targets...
clang-darwin.compile.c++ bin.v2/libs/regex/build/clang-darwin-13/release/link-static/threading-multi/visibility-hidden/has_icu_test.o
In file included from libs/regex/build/has_icu_test.cpp:15:
In file included from /usr/local/Cellar/icu4c/70.1/include/unicode/coll.h:61:
/usr/local/Cellar/icu4c/70.1/include/unicode/uobject.h:134:54: error: expected ';' at end of declaration list
    static void * U_EXPORT2 operator new(size_t size) U_NOEXCEPT;
                                                     ^
                                                     ;
/usr/local/Cellar/icu4c/70.1/include/unicode/uobject.h:141:56: error: expected ';' at end of declaration list
    static void * U_EXPORT2 operator new[](size_t size) U_NOEXCEPT;
                                                       ^
                                                       ;
/usr/local/Cellar/icu4c/70.1/include/unicode/uobject.h:151:51: error: expected ';' at end of declaration list
    static void U_EXPORT2 operator delete(void *p) U_NOEXCEPT;
                                                  ^
                                                  ;
/usr/local/Cellar/icu4c/70.1/include/unicode/uobject.h:158:53: error: expected ';' at end of declaration list
    static void U_EXPORT2 operator delete[](void *p) U_NOEXCEPT;
                                                    ^
                                                    ;
/usr/local/Cellar/icu4c/70.1/include/unicode/uobject.h:166:67: error: expected ';' at end of declaration list
    static inline void * U_EXPORT2 operator new(size_t, void *ptr) U_NOEXCEPT { return ptr; }
                                                                  ^
                                                                  ;
In file included from libs/regex/build/has_icu_test.cpp:15:
In file included from /usr/local/Cellar/icu4c/70.1/include/unicode/coll.h:62:
In file included from /usr/local/Cellar/icu4c/70.1/include/unicode/ucol.h:17:
In file included from /usr/local/Cellar/icu4c/70.1/include/unicode/unorm.h:25:
In file included from /usr/local/Cellar/icu4c/70.1/include/unicode/unorm2.h:35:
In file included from /usr/local/Cellar/icu4c/70.1/include/unicode/uset.h:36:
/usr/local/Cellar/icu4c/70.1/include/unicode/localpointer.h:71:51: warning: deleted function definitions are a C++11 extension [-Wc++11-extensions]
    static void* U_EXPORT2 operator new(size_t) = delete;
                                                  ^
/usr/local/Cellar/icu4c/70.1/include/unicode/localpointer.h:72:53: warning: deleted function definitions are a C++11 extension [-Wc++11-extensions]
    static void* U_EXPORT2 operator new[](size_t) = delete;
                                                    ^
/usr/local/Cellar/icu4c/70.1/include/unicode/localpointer.h:74:58: warning: deleted function definitions are a C++11 extension [-Wc++11-extensions]
    static void* U_EXPORT2 operator new(size_t, void*) = delete;
                                                         ^
/usr/local/Cellar/icu4c/70.1/include/unicode/localpointer.h:224:34: warning: rvalue references are a C++11 extension [-Wc++11-extensions]
    LocalPointer(LocalPointer<T> &&src) U_NOEXCEPT : LocalPointerBase<T>(src.ptr) {
                                 ^
/usr/local/Cellar/icu4c/70.1/include/unicode/localpointer.h:224:40: error: expected ';' at end of declaration list
    LocalPointer(LocalPointer<T> &&src) U_NOEXCEPT : LocalPointerBase<T>(src.ptr) {
                                       ^
                                       ;
/usr/local/Cellar/icu4c/70.1/include/unicode/localpointer.h:399:30: warning: rvalue references are a C++11 extension [-Wc++11-extensions]
    LocalArray(LocalArray<T> &&src) U_NOEXCEPT : LocalPointerBase<T>(src.ptr) {
                             ^
/usr/local/Cellar/icu4c/70.1/include/unicode/localpointer.h:399:36: error: expected ';' at end of declaration list
    LocalArray(LocalArray<T> &&src) U_NOEXCEPT : LocalPointerBase<T>(src.ptr) {
                                   ^
                                   ;
In file included from libs/regex/build/has_icu_test.cpp:15:
In file included from /usr/local/Cellar/icu4c/70.1/include/unicode/coll.h:62:
In file included from /usr/local/Cellar/icu4c/70.1/include/unicode/ucol.h:17:
In file included from /usr/local/Cellar/icu4c/70.1/include/unicode/unorm.h:25:
In file included from /usr/local/Cellar/icu4c/70.1/include/unicode/unorm2.h:35:
/usr/local/Cellar/icu4c/70.1/include/unicode/uset.h:333:1: warning: rvalue references are a C++11 extension [-Wc++11-extensions]
U_DEFINE_LOCAL_OPEN_POINTER(LocalUSetPointer, USet, uset_close);
^
/usr/local/Cellar/icu4c/70.1/include/unicode/localpointer.h:556:53: note: expanded from macro 'U_DEFINE_LOCAL_OPEN_POINTER'
        LocalPointerClassName(LocalPointerClassName &&src) U_NOEXCEPT \
                                                    ^
In file included from libs/regex/build/has_icu_test.cpp:15:
In file included from /usr/local/Cellar/icu4c/70.1/include/unicode/coll.h:62:
In file included from /usr/local/Cellar/icu4c/70.1/include/unicode/ucol.h:17:
In file included from /usr/local/Cellar/icu4c/70.1/include/unicode/unorm.h:25:
In file included from /usr/local/Cellar/icu4c/70.1/include/unicode/unorm2.h:35:
/usr/local/Cellar/icu4c/70.1/include/unicode/uset.h:333:1: error: expected ';' at end of declaration list
/usr/local/Cellar/icu4c/70.1/include/unicode/localpointer.h:556:60: note: expanded from macro 'U_DEFINE_LOCAL_OPEN_POINTER'
        LocalPointerClassName(LocalPointerClassName &&src) U_NOEXCEPT \
                                                           ^
/usr/local/Cellar/icu4c/70.1/include/unicode/platform.h:529:23: note: expanded from macro 'U_NOEXCEPT'
#   define U_NOEXCEPT noexcept
                      ^
In file included from libs/regex/build/has_icu_test.cpp:15:
In file included from /usr/local/Cellar/icu4c/70.1/include/unicode/coll.h:62:
In file included from /usr/local/Cellar/icu4c/70.1/include/unicode/ucol.h:17:
In file included from /usr/local/Cellar/icu4c/70.1/include/unicode/unorm.h:25:
/usr/local/Cellar/icu4c/70.1/include/unicode/unorm2.h:264:1: warning: rvalue references are a C++11 extension [-Wc++11-extensions]
U_DEFINE_LOCAL_OPEN_POINTER(LocalUNormalizer2Pointer, UNormalizer2, unorm2_close);
^
/usr/local/Cellar/icu4c/70.1/include/unicode/localpointer.h:556:53: note: expanded from macro 'U_DEFINE_LOCAL_OPEN_POINTER'
        LocalPointerClassName(LocalPointerClassName &&src) U_NOEXCEPT \
                                                    ^
In file included from libs/regex/build/has_icu_test.cpp:15:
In file included from /usr/local/Cellar/icu4c/70.1/include/unicode/coll.h:62:
In file included from /usr/local/Cellar/icu4c/70.1/include/unicode/ucol.h:17:
In file included from /usr/local/Cellar/icu4c/70.1/include/unicode/unorm.h:25:
/usr/local/Cellar/icu4c/70.1/include/unicode/unorm2.h:264:1: error: expected ';' at end of declaration list
/usr/local/Cellar/icu4c/70.1/include/unicode/localpointer.h:556:60: note: expanded from macro 'U_DEFINE_LOCAL_OPEN_POINTER'
        LocalPointerClassName(LocalPointerClassName &&src) U_NOEXCEPT \
                                                           ^
/usr/local/Cellar/icu4c/70.1/include/unicode/platform.h:529:23: note: expanded from macro 'U_NOEXCEPT'
#   define U_NOEXCEPT noexcept
                      ^
In file included from libs/regex/build/has_icu_test.cpp:15:
In file included from /usr/local/Cellar/icu4c/70.1/include/unicode/coll.h:62:
In file included from /usr/local/Cellar/icu4c/70.1/include/unicode/ucol.h:19:
In file included from /usr/local/Cellar/icu4c/70.1/include/unicode/uloc.h:27:
/usr/local/Cellar/icu4c/70.1/include/unicode/uenum.h:69:1: warning: rvalue references are a C++11 extension [-Wc++11-extensions]
U_DEFINE_LOCAL_OPEN_POINTER(LocalUEnumerationPointer, UEnumeration, uenum_close);
^
/usr/local/Cellar/icu4c/70.1/include/unicode/localpointer.h:556:53: note: expanded from macro 'U_DEFINE_LOCAL_OPEN_POINTER'
        LocalPointerClassName(LocalPointerClassName &&src) U_NOEXCEPT \
                                                    ^
In file included from libs/regex/build/has_icu_test.cpp:15:
In file included from /usr/local/Cellar/icu4c/70.1/include/unicode/coll.h:62:
In file included from /usr/local/Cellar/icu4c/70.1/include/unicode/ucol.h:19:
In file included from /usr/local/Cellar/icu4c/70.1/include/unicode/uloc.h:27:
/usr/local/Cellar/icu4c/70.1/include/unicode/uenum.h:69:1: error: expected ';' at end of declaration list
/usr/local/Cellar/icu4c/70.1/include/unicode/localpointer.h:556:60: note: expanded from macro 'U_DEFINE_LOCAL_OPEN_POINTER'
        LocalPointerClassName(LocalPointerClassName &&src) U_NOEXCEPT \
                                                           ^
/usr/local/Cellar/icu4c/70.1/include/unicode/platform.h:529:23: note: expanded from macro 'U_NOEXCEPT'
#   define U_NOEXCEPT noexcept
                      ^
In file included from libs/regex/build/has_icu_test.cpp:15:
In file included from /usr/local/Cellar/icu4c/70.1/include/unicode/coll.h:62:
/usr/local/Cellar/icu4c/70.1/include/unicode/ucol.h:543:1: warning: rvalue references are a C++11 extension [-Wc++11-extensions]
U_DEFINE_LOCAL_OPEN_POINTER(LocalUCollatorPointer, UCollator, ucol_close);
^
/usr/local/Cellar/icu4c/70.1/include/unicode/localpointer.h:556:53: note: expanded from macro 'U_DEFINE_LOCAL_OPEN_POINTER'
        LocalPointerClassName(LocalPointerClassName &&src) U_NOEXCEPT \
                                                    ^
In file included from libs/regex/build/has_icu_test.cpp:15:
In file included from /usr/local/Cellar/icu4c/70.1/include/unicode/coll.h:62:
/usr/local/Cellar/icu4c/70.1/include/unicode/ucol.h:543:1: error: expected ';' at end of declaration list
/usr/local/Cellar/icu4c/70.1/include/unicode/localpointer.h:556:60: note: expanded from macro 'U_DEFINE_LOCAL_OPEN_POINTER'
        LocalPointerClassName(LocalPointerClassName &&src) U_NOEXCEPT \
                                                           ^
/usr/local/Cellar/icu4c/70.1/include/unicode/platform.h:529:23: note: expanded from macro 'U_NOEXCEPT'
#   define U_NOEXCEPT noexcept
                      ^
In file included from libs/regex/build/has_icu_test.cpp:15:
In file included from /usr/local/Cellar/icu4c/70.1/include/unicode/coll.h:64:
In file included from /usr/local/Cellar/icu4c/70.1/include/unicode/locid.h:38:
/usr/local/Cellar/icu4c/70.1/include/unicode/bytestream.h:164:32: warning: deleted function definitions are a C++11 extension [-Wc++11-extensions]
  ByteSink(const ByteSink &) = delete;
                               ^
/usr/local/Cellar/icu4c/70.1/include/unicode/bytestream.h:165:43: warning: deleted function definitions are a C++11 extension [-Wc++11-extensions]
  ByteSink &operator=(const ByteSink &) = delete;
                                          ^
/usr/local/Cellar/icu4c/70.1/include/unicode/bytestream.h:209:53: warning: 'override' keyword is a C++11 extension [-Wc++11-extensions]
  virtual void Append(const char* bytes, int32_t n) override;
                                                    ^
/usr/local/Cellar/icu4c/70.1/include/unicode/bytestream.h:227:59: warning: 'override' keyword is a C++11 extension [-Wc++11-extensions]
                                int32_t* result_capacity) override;
                                                          ^
/usr/local/Cellar/icu4c/70.1/include/unicode/bytestream.h:256:28: warning: deleted function definitions are a C++11 extension [-Wc++11-extensions]
  CheckedArrayByteSink() = delete;
                           ^
/usr/local/Cellar/icu4c/70.1/include/unicode/bytestream.h:257:56: warning: deleted function definitions are a C++11 extension [-Wc++11-extensions]
  CheckedArrayByteSink(const CheckedArrayByteSink &) = delete;
                                                       ^
/usr/local/Cellar/icu4c/70.1/include/unicode/bytestream.h:258:67: warning: deleted function definitions are a C++11 extension [-Wc++11-extensions]
  CheckedArrayByteSink &operator=(const CheckedArrayByteSink &) = delete;
                                                                  ^
/usr/local/Cellar/icu4c/70.1/include/unicode/bytestream.h:294:52: warning: 'override' keyword is a C++11 extension [-Wc++11-extensions]
  virtual void Append(const char* data, int32_t n) override { dest_->append(data, n); }
                                                   ^
/usr/local/Cellar/icu4c/70.1/include/unicode/bytestream.h:298:22: warning: deleted function definitions are a C++11 extension [-Wc++11-extensions]
  StringByteSink() = delete;
                     ^
/usr/local/Cellar/icu4c/70.1/include/unicode/bytestream.h:299:44: warning: deleted function definitions are a C++11 extension [-Wc++11-extensions]
  StringByteSink(const StringByteSink &) = delete;
                                           ^
/usr/local/Cellar/icu4c/70.1/include/unicode/bytestream.h:300:55: warning: deleted function definitions are a C++11 extension [-Wc++11-extensions]
  StringByteSink &operator=(const StringByteSink &) = delete;
                                                      ^
In file included from libs/regex/build/has_icu_test.cpp:15:
In file included from /usr/local/Cellar/icu4c/70.1/include/unicode/coll.h:64:
In file included from /usr/local/Cellar/icu4c/70.1/include/unicode/locid.h:40:
In file included from /usr/local/Cellar/icu4c/70.1/include/unicode/strenum.h:20:
In file included from /usr/local/Cellar/icu4c/70.1/include/unicode/unistr.h:36:
/usr/local/Cellar/icu4c/70.1/include/unicode/char16ptr.h:42:30: warning: 'final' keyword is a C++11 extension [-Wc++11-extensions]
class U_COMMON_API Char16Ptr U_FINAL {
                             ^
/usr/local/Cellar/icu4c/70.1/include/unicode/umachine.h:141:17: note: expanded from macro 'U_FINAL'
#define U_FINAL final
                ^
In file included from libs/regex/build/has_icu_test.cpp:15:
In file included from /usr/local/Cellar/icu4c/70.1/include/unicode/coll.h:64:
In file included from /usr/local/Cellar/icu4c/70.1/include/unicode/locid.h:40:
In file included from /usr/local/Cellar/icu4c/70.1/include/unicode/strenum.h:20:
In file included from /usr/local/Cellar/icu4c/70.1/include/unicode/unistr.h:36:
/usr/local/Cellar/icu4c/70.1/include/unicode/char16ptr.h:93:19: warning: deleted function definitions are a C++11 extension [-Wc++11-extensions]
    Char16Ptr() = delete;
                  ^
/usr/local/Cellar/icu4c/70.1/include/unicode/char16ptr.h:149:35: warning: 'final' keyword is a C++11 extension [-Wc++11-extensions]
class U_COMMON_API ConstChar16Ptr U_FINAL {
                                  ^
/usr/local/Cellar/icu4c/70.1/include/unicode/umachine.h:141:17: note: expanded from macro 'U_FINAL'
#define U_FINAL final
                ^
In file included from libs/regex/build/has_icu_test.cpp:15:
In file included from /usr/local/Cellar/icu4c/70.1/include/unicode/coll.h:64:
In file included from /usr/local/Cellar/icu4c/70.1/include/unicode/locid.h:40:
In file included from /usr/local/Cellar/icu4c/70.1/include/unicode/strenum.h:20:
In file included from /usr/local/Cellar/icu4c/70.1/include/unicode/unistr.h:36:
/usr/local/Cellar/icu4c/70.1/include/unicode/char16ptr.h:201:24: warning: deleted function definitions are a C++11 extension [-Wc++11-extensions]
    ConstChar16Ptr() = delete;
                       ^
In file included from libs/regex/build/has_icu_test.cpp:15:
In file included from /usr/local/Cellar/icu4c/70.1/include/unicode/coll.h:64:
In file included from /usr/local/Cellar/icu4c/70.1/include/unicode/locid.h:40:
In file included from /usr/local/Cellar/icu4c/70.1/include/unicode/strenum.h:20:
In file included from /usr/local/Cellar/icu4c/70.1/include/unicode/unistr.h:39:
/usr/local/Cellar/icu4c/70.1/include/unicode/stringpiece.h:133:22: warning: default template arguments for a function template are a C++11 extension [-Wc++11-extensions]
            typename = typename std::enable_if<
                     ^ ~~~~~~~~~~~~~~~~~~~~~~~~
In file included from libs/regex/build/has_icu_test.cpp:15:
In file included from /usr/local/Cellar/icu4c/70.1/include/unicode/coll.h:64:
In file included from /usr/local/Cellar/icu4c/70.1/include/unicode/locid.h:40:
In file included from /usr/local/Cellar/icu4c/70.1/include/unicode/strenum.h:20:
/usr/local/Cellar/icu4c/70.1/include/unicode/unistr.h:1529:44: warning: 'override' keyword is a C++11 extension [-Wc++11-extensions]
              UnicodeString& target) const override;
                                           ^
/usr/local/Cellar/icu4c/70.1/include/unicode/unistr.h:1909:42: warning: rvalue references are a C++11 extension [-Wc++11-extensions]
  UnicodeString &operator=(UnicodeString &&src) U_NOEXCEPT;
                                         ^
/usr/local/Cellar/icu4c/70.1/include/unicode/unistr.h:1909:48: error: expected ';' at end of declaration list
  UnicodeString &operator=(UnicodeString &&src) U_NOEXCEPT;
                                               ^
                                               ;
/usr/local/Cellar/icu4c/70.1/include/unicode/unistr.h:1916:34: error: expected ';' at end of declaration list
  void swap(UnicodeString &other) U_NOEXCEPT;
                                 ^
                                 ;
/usr/local/Cellar/icu4c/70.1/include/unicode/unistr.h:1925:45: error: expected ';' at end of declaration list
  swap(UnicodeString &s1, UnicodeString &s2) U_NOEXCEPT {
                                            ^
                                            ;
/usr/local/Cellar/icu4c/70.1/include/unicode/unistr.h:2459:64: warning: 'override' keyword is a C++11 extension [-Wc++11-extensions]
                                    const UnicodeString& text) override;
                                                               ^
/usr/local/Cellar/icu4c/70.1/include/unicode/unistr.h:2466:37: warning: 'override' keyword is a C++11 extension [-Wc++11-extensions]
  virtual UBool hasMetaData() const override;
                                    ^
/usr/local/Cellar/icu4c/70.1/include/unicode/unistr.h:2481:65: warning: 'override' keyword is a C++11 extension [-Wc++11-extensions]
  virtual void copy(int32_t start, int32_t limit, int32_t dest) override;
                                                                ^
/usr/local/Cellar/icu4c/70.1/include/unicode/unistr.h:3309:31: warning: rvalue references are a C++11 extension [-Wc++11-extensions]
  UnicodeString(UnicodeString &&src) U_NOEXCEPT;
                              ^
/usr/local/Cellar/icu4c/70.1/include/unicode/unistr.h:3309:37: error: expected ';' at end of declaration list
  UnicodeString(UnicodeString &&src) U_NOEXCEPT;
                                    ^
                                    ;
/usr/local/Cellar/icu4c/70.1/include/unicode/unistr.h:3341:40: warning: 'override' keyword is a C++11 extension [-Wc++11-extensions]
  virtual UnicodeString *clone() const override;
                                       ^
/usr/local/Cellar/icu4c/70.1/include/unicode/unistr.h:3447:46: warning: 'override' keyword is a C++11 extension [-Wc++11-extensions]
  virtual UClassID getDynamicClassID() const override;
                                             ^
/usr/local/Cellar/icu4c/70.1/include/unicode/unistr.h:3458:37: warning: 'override' keyword is a C++11 extension [-Wc++11-extensions]
  virtual int32_t getLength() const override;
                                    ^
/usr/local/Cellar/icu4c/70.1/include/unicode/unistr.h:3465:52: warning: 'override' keyword is a C++11 extension [-Wc++11-extensions]
  virtual char16_t getCharAt(int32_t offset) const override;
                                                   ^
/usr/local/Cellar/icu4c/70.1/include/unicode/unistr.h:3472:53: warning: 'override' keyword is a C++11 extension [-Wc++11-extensions]
  virtual UChar32 getChar32At(int32_t offset) const override;
                                                    ^
/usr/local/Cellar/icu4c/70.1/include/unicode/unistr.h:3621:63: error: expected ';' at end of declaration list
  void copyFieldsFrom(UnicodeString &src, UBool setSrcToBogus) U_NOEXCEPT;
                                                              ^
                                                              ;
/usr/local/Cellar/icu4c/70.1/include/unicode/unistr.h:2998:7: error: delegating constructors are permitted only in C++11
      UnicodeString(ConstChar16Ptr(text)) {}
      ^~~~~~~~~~~~~
/usr/local/Cellar/icu4c/70.1/include/unicode/unistr.h:3048:7: error: delegating constructors are permitted only in C++11
      UnicodeString(ConstChar16Ptr(text), textLength) {}
      ^~~~~~~~~~~~~
/usr/local/Cellar/icu4c/70.1/include/unicode/unistr.h:3129:7: error: delegating constructors are permitted only in C++11
      UnicodeString(Char16Ptr(buffer), buffLength, buffCapacity) {}
      ^~~~~~~~~~~~~
fatal error: too many errors emitted, stopping now [-ferror-limit=]
36 warnings and 20 errors generated.

    "clang++" -x c++ -fvisibility-inlines-hidden -m64 -O3 -Wall -fvisibility=hidden -Wno-inline --target=x86_64-apple-darwin  -DBOOST_ALL_NO_LIB=1 -DBOOST_HAS_ICU=1 -DNDEBUG -I"." -I"/usr/local/Cellar/icu4c/70.1/include"  -c -o "bin.v2/libs/regex/build/clang-darwin-13/release/link-static/threading-multi/visibility-hidden/has_icu_test.o" "libs/regex/build/has_icu_test.cpp"

...failed clang-darwin.compile.c++ bin.v2/libs/regex/build/clang-darwin-13/release/link-static/threading-multi/visibility-hidden/has_icu_test.o...
...skipped <pbin.v2/libs/regex/build/clang-darwin-13/release/link-static/threading-multi/visibility-hidden>has_icu for lack of <pbin.v2/libs/regex/build/clang-darwin-13/release/link-static/threading-multi/visibility-hidden>has_icu_test.o...
...failed updating 1 target...
...skipped 1 target...
...updated 3 targets...
...found 4 targets...
...updating 4 targets...
clang-darwin.compile.c++ bin.v2/standalone/ac/clang-darwin-13/release/link-static/threading-multi/visibility-hidden/zlib_h.o
...updated 4 targets...
...found 2 targets...
...updating 2 targets...
clang-darwin.compile.c++ bin.v2/standalone/ac/clang-darwin-13/release/link-static/threading-multi/visibility-hidden/main-z.o
clang-darwin.link bin.v2/standalone/ac/clang-darwin-13/release/link-static/threading-multi/visibility-hidden/z
...updated 2 targets...
...found 1 target...
...updating 1 target...
clang-darwin.compile.c++ bin.v2/standalone/ac/clang-darwin-13/release/link-static/threading-multi/visibility-hidden/bzlib_h.o
...updated 1 target...
...found 2 targets...
...updating 2 targets...
clang-darwin.compile.c++ bin.v2/standalone/ac/clang-darwin-13/release/link-static/threading-multi/visibility-hidden/main-bz2.o
clang-darwin.link bin.v2/standalone/ac/clang-darwin-13/release/link-static/threading-multi/visibility-hidden/bz2
...updated 2 targets...
...found 1 target...
...updating 1 target...
clang-darwin.compile.c++ bin.v2/standalone/ac/clang-darwin-13/release/link-static/threading-multi/visibility-hidden/lzma_h.o
...updated 1 target...
...found 2 targets...
...updating 2 targets...
clang-darwin.compile.c++ bin.v2/standalone/ac/clang-darwin-13/release/link-static/threading-multi/visibility-hidden/main-lzma.o
clang-darwin.link bin.v2/standalone/ac/clang-darwin-13/release/link-static/threading-multi/visibility-hidden/lzma
...updated 2 targets...
...found 1 target...
...updating 1 target...
clang-darwin.compile.c++ bin.v2/standalone/ac/clang-darwin-13/release/link-static/threading-multi/visibility-hidden/zstd_h.o
...updated 1 target...
...found 2 targets...
...updating 2 targets...
clang-darwin.compile.c++ bin.v2/standalone/ac/clang-darwin-13/release/link-static/threading-multi/visibility-hidden/main-zstd.o
clang-darwin.link bin.v2/standalone/ac/clang-darwin-13/release/link-static/threading-multi/visibility-hidden/zstd
...updated 2 targets...
...found 5 targets...
...updating 5 targets...
clang-darwin.compile.c++ bin.v2/libs/iostreams/build/clang-darwin-13/release/link-static/threading-multi/visibility-hidden/has_lzma_cputhreads.o
clang-darwin.link bin.v2/libs/iostreams/build/clang-darwin-13/release/link-static/threading-multi/visibility-hidden/has_lzma_cputhreads
...updated 5 targets...
...found 1 target...
...updating 1 target...
clang-darwin.compile.c++ bin.v2/libs/config/checks/clang-darwin-13/release/link-static/threading-multi/visibility-hidden/cxx11_decltype.o
libs/config/checks/test_case.cpp:726:7: error: "Defect macro BOOST_NO_CXX11_DECLTYPE is defined."
#     error "Defect macro BOOST_NO_CXX11_DECLTYPE is defined."
      ^
1 error generated.

    "clang++" -x c++ -fvisibility-inlines-hidden -m64 -O3 -Wall -fvisibility=hidden -Wno-inline --target=x86_64-apple-darwin  -DBOOST_ALL_NO_LIB=1 -DNDEBUG -DTEST_BOOST_NO_CXX11_DECLTYPE -I"."  -c -o "bin.v2/libs/config/checks/clang-darwin-13/release/link-static/threading-multi/visibility-hidden/cxx11_decltype.o" "libs/config/checks/test_case.cpp"

...failed clang-darwin.compile.c++ bin.v2/libs/config/checks/clang-darwin-13/release/link-static/threading-multi/visibility-hidden/cxx11_decltype.o...
...failed updating 1 target...
...found 4 targets...
...updating 4 targets...
clang-darwin.compile.c++ bin.v2/libs/json/build/clang-darwin-13/release/link-static/threading-multi/visibility-hidden/cxx11_basic_alignas.o
libs/json/src/../check/basic_alignas.cpp:7:1: error: C++ requires a type specifier for all declarations
alignas(16) char test1[10];
^
libs/json/src/../check/basic_alignas.cpp:7:12: error: expected ';' after top level declarator
alignas(16) char test1[10];
           ^
           ;
libs/json/src/../check/basic_alignas.cpp:8:1: error: C++ requires a type specifier for all declarations
alignas(double) char test2[10];
^
libs/json/src/../check/basic_alignas.cpp:8:16: error: expected ';' after top level declarator
alignas(double) char test2[10];
               ^
               ;
libs/json/src/../check/basic_alignas.cpp:9:1: error: unknown type name 'alignas'
alignas(some_struct) char test3[10];
^
libs/json/src/../check/basic_alignas.cpp:9:21: error: expected ';' after top level declarator
alignas(some_struct) char test3[10];
                    ^
                    ;
6 errors generated.

    "clang++" -x c++ -fvisibility-inlines-hidden -m64 -O3 -Wall -fvisibility=hidden -Wno-inline --target=x86_64-apple-darwin  -DBOOST_ALL_NO_LIB=1 -DNDEBUG -I"."  -c -o "bin.v2/libs/json/build/clang-darwin-13/release/link-static/threading-multi/visibility-hidden/cxx11_basic_alignas.o" "libs/json/src/../check/basic_alignas.cpp"

...failed clang-darwin.compile.c++ bin.v2/libs/json/build/clang-darwin-13/release/link-static/threading-multi/visibility-hidden/cxx11_basic_alignas.o...
...failed updating 1 target...
...updated 3 targets...
...found 5 targets...
...updating 5 targets...
clang-darwin.compile.c++ bin.v2/libs/locale/build/clang-darwin-13/release/link-static/threading-multi/visibility-hidden/has_iconv.o
clang-darwin.link bin.v2/libs/locale/build/clang-darwin-13/release/link-static/threading-multi/visibility-hidden/has_iconv
Undefined symbols for architecture x86_64:
  "_iconv_open", referenced from:
      _main in has_iconv.o
ld: symbol(s) not found for architecture x86_64
clang: error: linker command failed with exit code 1 (use -v to see invocation)

    "clang++"   -o "bin.v2/libs/locale/build/clang-darwin-13/release/link-static/threading-multi/visibility-hidden/has_iconv" "bin.v2/libs/locale/build/clang-darwin-13/release/link-static/threading-multi/visibility-hidden/has_iconv.o"        -m64 -fvisibility=hidden -fvisibility-inlines-hidden --target=x86_64-apple-darwin

...failed clang-darwin.link bin.v2/libs/locale/build/clang-darwin-13/release/link-static/threading-multi/visibility-hidden/has_iconv...
...failed updating 1 target...
...updated 4 targets...
...found 2 targets...
...updating 2 targets...
clang-darwin.compile.c++ bin.v2/libs/locale/build/clang-darwin-13/release/link-static/threading-multi/visibility-hidden/has_external_iconv_obj.o
clang-darwin.link bin.v2/libs/locale/build/clang-darwin-13/release/link-static/threading-multi/visibility-hidden/has_external_iconv
...updated 2 targets...
...found 2 targets...
...updating 2 targets...
clang-darwin.compile.c++ bin.v2/libs/locale/build/clang-darwin-13/release/link-static/threading-multi/visibility-hidden/has_icu_test.o
In file included from /Users/melisha/Desktop/untitled folder/boost_1_81_0/libs/locale/build/has_icu_test.cpp:6:
In file included from /usr/local/Cellar/icu4c/70.1/include/unicode/coll.h:61:
/usr/local/Cellar/icu4c/70.1/include/unicode/uobject.h:134:54: error: expected ';' at end of declaration list
    static void * U_EXPORT2 operator new(size_t size) U_NOEXCEPT;
                                                     ^
                                                     ;
/usr/local/Cellar/icu4c/70.1/include/unicode/uobject.h:141:56: error: expected ';' at end of declaration list
    static void * U_EXPORT2 operator new[](size_t size) U_NOEXCEPT;
                                                       ^
                                                       ;
/usr/local/Cellar/icu4c/70.1/include/unicode/uobject.h:151:51: error: expected ';' at end of declaration list
    static void U_EXPORT2 operator delete(void *p) U_NOEXCEPT;
                                                  ^
                                                  ;
/usr/local/Cellar/icu4c/70.1/include/unicode/uobject.h:158:53: error: expected ';' at end of declaration list
    static void U_EXPORT2 operator delete[](void *p) U_NOEXCEPT;
                                                    ^
                                                    ;
/usr/local/Cellar/icu4c/70.1/include/unicode/uobject.h:166:67: error: expected ';' at end of declaration list
    static inline void * U_EXPORT2 operator new(size_t, void *ptr) U_NOEXCEPT { return ptr; }
                                                                  ^
                                                                  ;
In file included from /Users/melisha/Desktop/untitled folder/boost_1_81_0/libs/locale/build/has_icu_test.cpp:6:
In file included from /usr/local/Cellar/icu4c/70.1/include/unicode/coll.h:62:
In file included from /usr/local/Cellar/icu4c/70.1/include/unicode/ucol.h:17:
In file included from /usr/local/Cellar/icu4c/70.1/include/unicode/unorm.h:25:
In file included from /usr/local/Cellar/icu4c/70.1/include/unicode/unorm2.h:35:
In file included from /usr/local/Cellar/icu4c/70.1/include/unicode/uset.h:36:
/usr/local/Cellar/icu4c/70.1/include/unicode/localpointer.h:71:51: warning: deleted function definitions are a C++11 extension [-Wc++11-extensions]
    static void* U_EXPORT2 operator new(size_t) = delete;
                                                  ^
/usr/local/Cellar/icu4c/70.1/include/unicode/localpointer.h:72:53: warning: deleted function definitions are a C++11 extension [-Wc++11-extensions]
    static void* U_EXPORT2 operator new[](size_t) = delete;
                                                    ^
/usr/local/Cellar/icu4c/70.1/include/unicode/localpointer.h:74:58: warning: deleted function definitions are a C++11 extension [-Wc++11-extensions]
    static void* U_EXPORT2 operator new(size_t, void*) = delete;
                                                         ^
/usr/local/Cellar/icu4c/70.1/include/unicode/localpointer.h:224:34: warning: rvalue references are a C++11 extension [-Wc++11-extensions]
    LocalPointer(LocalPointer<T> &&src) U_NOEXCEPT : LocalPointerBase<T>(src.ptr) {
                                 ^
/usr/local/Cellar/icu4c/70.1/include/unicode/localpointer.h:224:40: error: expected ';' at end of declaration list
    LocalPointer(LocalPointer<T> &&src) U_NOEXCEPT : LocalPointerBase<T>(src.ptr) {
                                       ^
                                       ;
/usr/local/Cellar/icu4c/70.1/include/unicode/localpointer.h:399:30: warning: rvalue references are a C++11 extension [-Wc++11-extensions]
    LocalArray(LocalArray<T> &&src) U_NOEXCEPT : LocalPointerBase<T>(src.ptr) {
                             ^
/usr/local/Cellar/icu4c/70.1/include/unicode/localpointer.h:399:36: error: expected ';' at end of declaration list
    LocalArray(LocalArray<T> &&src) U_NOEXCEPT : LocalPointerBase<T>(src.ptr) {
                                   ^
                                   ;
In file included from /Users/melisha/Desktop/untitled folder/boost_1_81_0/libs/locale/build/has_icu_test.cpp:6:
In file included from /usr/local/Cellar/icu4c/70.1/include/unicode/coll.h:62:
In file included from /usr/local/Cellar/icu4c/70.1/include/unicode/ucol.h:17:
In file included from /usr/local/Cellar/icu4c/70.1/include/unicode/unorm.h:25:
In file included from /usr/local/Cellar/icu4c/70.1/include/unicode/unorm2.h:35:
/usr/local/Cellar/icu4c/70.1/include/unicode/uset.h:333:1: warning: rvalue references are a C++11 extension [-Wc++11-extensions]
U_DEFINE_LOCAL_OPEN_POINTER(LocalUSetPointer, USet, uset_close);
^
/usr/local/Cellar/icu4c/70.1/include/unicode/localpointer.h:556:53: note: expanded from macro 'U_DEFINE_LOCAL_OPEN_POINTER'
        LocalPointerClassName(LocalPointerClassName &&src) U_NOEXCEPT \
                                                    ^
In file included from /Users/melisha/Desktop/untitled folder/boost_1_81_0/libs/locale/build/has_icu_test.cpp:6:
In file included from /usr/local/Cellar/icu4c/70.1/include/unicode/coll.h:62:
In file included from /usr/local/Cellar/icu4c/70.1/include/unicode/ucol.h:17:
In file included from /usr/local/Cellar/icu4c/70.1/include/unicode/unorm.h:25:
In file included from /usr/local/Cellar/icu4c/70.1/include/unicode/unorm2.h:35:
/usr/local/Cellar/icu4c/70.1/include/unicode/uset.h:333:1: error: expected ';' at end of declaration list
/usr/local/Cellar/icu4c/70.1/include/unicode/localpointer.h:556:60: note: expanded from macro 'U_DEFINE_LOCAL_OPEN_POINTER'
        LocalPointerClassName(LocalPointerClassName &&src) U_NOEXCEPT \
                                                           ^
/usr/local/Cellar/icu4c/70.1/include/unicode/platform.h:529:23: note: expanded from macro 'U_NOEXCEPT'
#   define U_NOEXCEPT noexcept
                      ^
In file included from /Users/melisha/Desktop/untitled folder/boost_1_81_0/libs/locale/build/has_icu_test.cpp:6:
In file included from /usr/local/Cellar/icu4c/70.1/include/unicode/coll.h:62:
In file included from /usr/local/Cellar/icu4c/70.1/include/unicode/ucol.h:17:
In file included from /usr/local/Cellar/icu4c/70.1/include/unicode/unorm.h:25:
/usr/local/Cellar/icu4c/70.1/include/unicode/unorm2.h:264:1: warning: rvalue references are a C++11 extension [-Wc++11-extensions]
U_DEFINE_LOCAL_OPEN_POINTER(LocalUNormalizer2Pointer, UNormalizer2, unorm2_close);
^
/usr/local/Cellar/icu4c/70.1/include/unicode/localpointer.h:556:53: note: expanded from macro 'U_DEFINE_LOCAL_OPEN_POINTER'
        LocalPointerClassName(LocalPointerClassName &&src) U_NOEXCEPT \
                                                    ^
In file included from /Users/melisha/Desktop/untitled folder/boost_1_81_0/libs/locale/build/has_icu_test.cpp:6:
In file included from /usr/local/Cellar/icu4c/70.1/include/unicode/coll.h:62:
In file included from /usr/local/Cellar/icu4c/70.1/include/unicode/ucol.h:17:
In file included from /usr/local/Cellar/icu4c/70.1/include/unicode/unorm.h:25:
/usr/local/Cellar/icu4c/70.1/include/unicode/unorm2.h:264:1: error: expected ';' at end of declaration list
/usr/local/Cellar/icu4c/70.1/include/unicode/localpointer.h:556:60: note: expanded from macro 'U_DEFINE_LOCAL_OPEN_POINTER'
        LocalPointerClassName(LocalPointerClassName &&src) U_NOEXCEPT \
                                                           ^
/usr/local/Cellar/icu4c/70.1/include/unicode/platform.h:529:23: note: expanded from macro 'U_NOEXCEPT'
#   define U_NOEXCEPT noexcept
                      ^
In file included from /Users/melisha/Desktop/untitled folder/boost_1_81_0/libs/locale/build/has_icu_test.cpp:6:
In file included from /usr/local/Cellar/icu4c/70.1/include/unicode/coll.h:62:
In file included from /usr/local/Cellar/icu4c/70.1/include/unicode/ucol.h:19:
In file included from /usr/local/Cellar/icu4c/70.1/include/unicode/uloc.h:27:
/usr/local/Cellar/icu4c/70.1/include/unicode/uenum.h:69:1: warning: rvalue references are a C++11 extension [-Wc++11-extensions]
U_DEFINE_LOCAL_OPEN_POINTER(LocalUEnumerationPointer, UEnumeration, uenum_close);
^
/usr/local/Cellar/icu4c/70.1/include/unicode/localpointer.h:556:53: note: expanded from macro 'U_DEFINE_LOCAL_OPEN_POINTER'
        LocalPointerClassName(LocalPointerClassName &&src) U_NOEXCEPT \
                                                    ^
In file included from /Users/melisha/Desktop/untitled folder/boost_1_81_0/libs/locale/build/has_icu_test.cpp:6:
In file included from /usr/local/Cellar/icu4c/70.1/include/unicode/coll.h:62:
In file included from /usr/local/Cellar/icu4c/70.1/include/unicode/ucol.h:19:
In file included from /usr/local/Cellar/icu4c/70.1/include/unicode/uloc.h:27:
/usr/local/Cellar/icu4c/70.1/include/unicode/uenum.h:69:1: error: expected ';' at end of declaration list
/usr/local/Cellar/icu4c/70.1/include/unicode/localpointer.h:556:60: note: expanded from macro 'U_DEFINE_LOCAL_OPEN_POINTER'
        LocalPointerClassName(LocalPointerClassName &&src) U_NOEXCEPT \
                                                           ^
/usr/local/Cellar/icu4c/70.1/include/unicode/platform.h:529:23: note: expanded from macro 'U_NOEXCEPT'
#   define U_NOEXCEPT noexcept
                      ^
In file included from /Users/melisha/Desktop/untitled folder/boost_1_81_0/libs/locale/build/has_icu_test.cpp:6:
In file included from /usr/local/Cellar/icu4c/70.1/include/unicode/coll.h:62:
/usr/local/Cellar/icu4c/70.1/include/unicode/ucol.h:543:1: warning: rvalue references are a C++11 extension [-Wc++11-extensions]
U_DEFINE_LOCAL_OPEN_POINTER(LocalUCollatorPointer, UCollator, ucol_close);
^
/usr/local/Cellar/icu4c/70.1/include/unicode/localpointer.h:556:53: note: expanded from macro 'U_DEFINE_LOCAL_OPEN_POINTER'
        LocalPointerClassName(LocalPointerClassName &&src) U_NOEXCEPT \
                                                    ^
In file included from /Users/melisha/Desktop/untitled folder/boost_1_81_0/libs/locale/build/has_icu_test.cpp:6:
In file included from /usr/local/Cellar/icu4c/70.1/include/unicode/coll.h:62:
/usr/local/Cellar/icu4c/70.1/include/unicode/ucol.h:543:1: error: expected ';' at end of declaration list
/usr/local/Cellar/icu4c/70.1/include/unicode/localpointer.h:556:60: note: expanded from macro 'U_DEFINE_LOCAL_OPEN_POINTER'
        LocalPointerClassName(LocalPointerClassName &&src) U_NOEXCEPT \
                                                           ^
/usr/local/Cellar/icu4c/70.1/include/unicode/platform.h:529:23: note: expanded from macro 'U_NOEXCEPT'
#   define U_NOEXCEPT noexcept
                      ^
In file included from /Users/melisha/Desktop/untitled folder/boost_1_81_0/libs/locale/build/has_icu_test.cpp:6:
In file included from /usr/local/Cellar/icu4c/70.1/include/unicode/coll.h:64:
In file included from /usr/local/Cellar/icu4c/70.1/include/unicode/locid.h:38:
/usr/local/Cellar/icu4c/70.1/include/unicode/bytestream.h:164:32: warning: deleted function definitions are a C++11 extension [-Wc++11-extensions]
  ByteSink(const ByteSink &) = delete;
                               ^
/usr/local/Cellar/icu4c/70.1/include/unicode/bytestream.h:165:43: warning: deleted function definitions are a C++11 extension [-Wc++11-extensions]
  ByteSink &operator=(const ByteSink &) = delete;
                                          ^
/usr/local/Cellar/icu4c/70.1/include/unicode/bytestream.h:209:53: warning: 'override' keyword is a C++11 extension [-Wc++11-extensions]
  virtual void Append(const char* bytes, int32_t n) override;
                                                    ^
/usr/local/Cellar/icu4c/70.1/include/unicode/bytestream.h:227:59: warning: 'override' keyword is a C++11 extension [-Wc++11-extensions]
                                int32_t* result_capacity) override;
                                                          ^
/usr/local/Cellar/icu4c/70.1/include/unicode/bytestream.h:256:28: warning: deleted function definitions are a C++11 extension [-Wc++11-extensions]
  CheckedArrayByteSink() = delete;
                           ^
/usr/local/Cellar/icu4c/70.1/include/unicode/bytestream.h:257:56: warning: deleted function definitions are a C++11 extension [-Wc++11-extensions]
  CheckedArrayByteSink(const CheckedArrayByteSink &) = delete;
                                                       ^
/usr/local/Cellar/icu4c/70.1/include/unicode/bytestream.h:258:67: warning: deleted function definitions are a C++11 extension [-Wc++11-extensions]
  CheckedArrayByteSink &operator=(const CheckedArrayByteSink &) = delete;
                                                                  ^
/usr/local/Cellar/icu4c/70.1/include/unicode/bytestream.h:294:52: warning: 'override' keyword is a C++11 extension [-Wc++11-extensions]
  virtual void Append(const char* data, int32_t n) override { dest_->append(data, n); }
                                                   ^
/usr/local/Cellar/icu4c/70.1/include/unicode/bytestream.h:298:22: warning: deleted function definitions are a C++11 extension [-Wc++11-extensions]
  StringByteSink() = delete;
                     ^
/usr/local/Cellar/icu4c/70.1/include/unicode/bytestream.h:299:44: warning: deleted function definitions are a C++11 extension [-Wc++11-extensions]
  StringByteSink(const StringByteSink &) = delete;
                                           ^
/usr/local/Cellar/icu4c/70.1/include/unicode/bytestream.h:300:55: warning: deleted function definitions are a C++11 extension [-Wc++11-extensions]
  StringByteSink &operator=(const StringByteSink &) = delete;
                                                      ^
In file included from /Users/melisha/Desktop/untitled folder/boost_1_81_0/libs/locale/build/has_icu_test.cpp:6:
In file included from /usr/local/Cellar/icu4c/70.1/include/unicode/coll.h:64:
In file included from /usr/local/Cellar/icu4c/70.1/include/unicode/locid.h:40:
In file included from /usr/local/Cellar/icu4c/70.1/include/unicode/strenum.h:20:
In file included from /usr/local/Cellar/icu4c/70.1/include/unicode/unistr.h:36:
/usr/local/Cellar/icu4c/70.1/include/unicode/char16ptr.h:42:30: warning: 'final' keyword is a C++11 extension [-Wc++11-extensions]
class U_COMMON_API Char16Ptr U_FINAL {
                             ^
/usr/local/Cellar/icu4c/70.1/include/unicode/umachine.h:141:17: note: expanded from macro 'U_FINAL'
#define U_FINAL final
                ^
In file included from /Users/melisha/Desktop/untitled folder/boost_1_81_0/libs/locale/build/has_icu_test.cpp:6:
In file included from /usr/local/Cellar/icu4c/70.1/include/unicode/coll.h:64:
In file included from /usr/local/Cellar/icu4c/70.1/include/unicode/locid.h:40:
In file included from /usr/local/Cellar/icu4c/70.1/include/unicode/strenum.h:20:
In file included from /usr/local/Cellar/icu4c/70.1/include/unicode/unistr.h:36:
/usr/local/Cellar/icu4c/70.1/include/unicode/char16ptr.h:93:19: warning: deleted function definitions are a C++11 extension [-Wc++11-extensions]
    Char16Ptr() = delete;
                  ^
/usr/local/Cellar/icu4c/70.1/include/unicode/char16ptr.h:149:35: warning: 'final' keyword is a C++11 extension [-Wc++11-extensions]
class U_COMMON_API ConstChar16Ptr U_FINAL {
                                  ^
/usr/local/Cellar/icu4c/70.1/include/unicode/umachine.h:141:17: note: expanded from macro 'U_FINAL'
#define U_FINAL final
                ^
In file included from /Users/melisha/Desktop/untitled folder/boost_1_81_0/libs/locale/build/has_icu_test.cpp:6:
In file included from /usr/local/Cellar/icu4c/70.1/include/unicode/coll.h:64:
In file included from /usr/local/Cellar/icu4c/70.1/include/unicode/locid.h:40:
In file included from /usr/local/Cellar/icu4c/70.1/include/unicode/strenum.h:20:
In file included from /usr/local/Cellar/icu4c/70.1/include/unicode/unistr.h:36:
/usr/local/Cellar/icu4c/70.1/include/unicode/char16ptr.h:201:24: warning: deleted function definitions are a C++11 extension [-Wc++11-extensions]
    ConstChar16Ptr() = delete;
                       ^
In file included from /Users/melisha/Desktop/untitled folder/boost_1_81_0/libs/locale/build/has_icu_test.cpp:6:
In file included from /usr/local/Cellar/icu4c/70.1/include/unicode/coll.h:64:
In file included from /usr/local/Cellar/icu4c/70.1/include/unicode/locid.h:40:
In file included from /usr/local/Cellar/icu4c/70.1/include/unicode/strenum.h:20:
In file included from /usr/local/Cellar/icu4c/70.1/include/unicode/unistr.h:39:
/usr/local/Cellar/icu4c/70.1/include/unicode/stringpiece.h:133:22: warning: default template arguments for a function template are a C++11 extension [-Wc++11-extensions]
            typename = typename std::enable_if<
                     ^ ~~~~~~~~~~~~~~~~~~~~~~~~
In file included from /Users/melisha/Desktop/untitled folder/boost_1_81_0/libs/locale/build/has_icu_test.cpp:6:
In file included from /usr/local/Cellar/icu4c/70.1/include/unicode/coll.h:64:
In file included from /usr/local/Cellar/icu4c/70.1/include/unicode/locid.h:40:
In file included from /usr/local/Cellar/icu4c/70.1/include/unicode/strenum.h:20:
/usr/local/Cellar/icu4c/70.1/include/unicode/unistr.h:1529:44: warning: 'override' keyword is a C++11 extension [-Wc++11-extensions]
              UnicodeString& target) const override;
                                           ^
/usr/local/Cellar/icu4c/70.1/include/unicode/unistr.h:1909:42: warning: rvalue references are a C++11 extension [-Wc++11-extensions]
  UnicodeString &operator=(UnicodeString &&src) U_NOEXCEPT;
                                         ^
/usr/local/Cellar/icu4c/70.1/include/unicode/unistr.h:1909:48: error: expected ';' at end of declaration list
  UnicodeString &operator=(UnicodeString &&src) U_NOEXCEPT;
                                               ^
                                               ;
/usr/local/Cellar/icu4c/70.1/include/unicode/unistr.h:1916:34: error: expected ';' at end of declaration list
  void swap(UnicodeString &other) U_NOEXCEPT;
                                 ^
                                 ;
/usr/local/Cellar/icu4c/70.1/include/unicode/unistr.h:1925:45: error: expected ';' at end of declaration list
  swap(UnicodeString &s1, UnicodeString &s2) U_NOEXCEPT {
                                            ^
                                            ;
/usr/local/Cellar/icu4c/70.1/include/unicode/unistr.h:2459:64: warning: 'override' keyword is a C++11 extension [-Wc++11-extensions]
                                    const UnicodeString& text) override;
                                                               ^
/usr/local/Cellar/icu4c/70.1/include/unicode/unistr.h:2466:37: warning: 'override' keyword is a C++11 extension [-Wc++11-extensions]
  virtual UBool hasMetaData() const override;
                                    ^
/usr/local/Cellar/icu4c/70.1/include/unicode/unistr.h:2481:65: warning: 'override' keyword is a C++11 extension [-Wc++11-extensions]
  virtual void copy(int32_t start, int32_t limit, int32_t dest) override;
                                                                ^
/usr/local/Cellar/icu4c/70.1/include/unicode/unistr.h:3309:31: warning: rvalue references are a C++11 extension [-Wc++11-extensions]
  UnicodeString(UnicodeString &&src) U_NOEXCEPT;
                              ^
/usr/local/Cellar/icu4c/70.1/include/unicode/unistr.h:3309:37: error: expected ';' at end of declaration list
  UnicodeString(UnicodeString &&src) U_NOEXCEPT;
                                    ^
                                    ;
/usr/local/Cellar/icu4c/70.1/include/unicode/unistr.h:3341:40: warning: 'override' keyword is a C++11 extension [-Wc++11-extensions]
  virtual UnicodeString *clone() const override;
                                       ^
/usr/local/Cellar/icu4c/70.1/include/unicode/unistr.h:3447:46: warning: 'override' keyword is a C++11 extension [-Wc++11-extensions]
  virtual UClassID getDynamicClassID() const override;
                                             ^
/usr/local/Cellar/icu4c/70.1/include/unicode/unistr.h:3458:37: warning: 'override' keyword is a C++11 extension [-Wc++11-extensions]
  virtual int32_t getLength() const override;
                                    ^
/usr/local/Cellar/icu4c/70.1/include/unicode/unistr.h:3465:52: warning: 'override' keyword is a C++11 extension [-Wc++11-extensions]
  virtual char16_t getCharAt(int32_t offset) const override;
                                                   ^
/usr/local/Cellar/icu4c/70.1/include/unicode/unistr.h:3472:53: warning: 'override' keyword is a C++11 extension [-Wc++11-extensions]
  virtual UChar32 getChar32At(int32_t offset) const override;
                                                    ^
/usr/local/Cellar/icu4c/70.1/include/unicode/unistr.h:3621:63: error: expected ';' at end of declaration list
  void copyFieldsFrom(UnicodeString &src, UBool setSrcToBogus) U_NOEXCEPT;
                                                              ^
                                                              ;
/usr/local/Cellar/icu4c/70.1/include/unicode/unistr.h:2998:7: error: delegating constructors are permitted only in C++11
      UnicodeString(ConstChar16Ptr(text)) {}
      ^~~~~~~~~~~~~
/usr/local/Cellar/icu4c/70.1/include/unicode/unistr.h:3048:7: error: delegating constructors are permitted only in C++11
      UnicodeString(ConstChar16Ptr(text), textLength) {}
      ^~~~~~~~~~~~~
/usr/local/Cellar/icu4c/70.1/include/unicode/unistr.h:3129:7: error: delegating constructors are permitted only in C++11
      UnicodeString(Char16Ptr(buffer), buffLength, buffCapacity) {}
      ^~~~~~~~~~~~~
fatal error: too many errors emitted, stopping now [-ferror-limit=]
36 warnings and 20 errors generated.

    "clang++" -x c++ -fvisibility-inlines-hidden -m64 -O3 -Wall -fvisibility=hidden -Wno-inline --target=x86_64-apple-darwin  -DBOOST_ALL_NO_LIB=1 -DNDEBUG -I"." -I"/usr/local/Cellar/icu4c/70.1/include"  -c -o "bin.v2/libs/locale/build/clang-darwin-13/release/link-static/threading-multi/visibility-hidden/has_icu_test.o" "/Users/melisha/Desktop/untitled folder/boost_1_81_0/libs/locale/build/has_icu_test.cpp"

...failed clang-darwin.compile.c++ bin.v2/libs/locale/build/clang-darwin-13/release/link-static/threading-multi/visibility-hidden/has_icu_test.o...
...skipped <pbin.v2/libs/locale/build/clang-darwin-13/release/link-static/threading-multi/visibility-hidden>has_icu for lack of <pbin.v2/libs/locale/build/clang-darwin-13/release/link-static/threading-multi/visibility-hidden>has_icu_test.o...
...failed updating 1 target...
...skipped 1 target...
...found 1 target...
...updating 1 target...
clang-darwin.compile.c++ bin.v2/libs/config/checks/clang-darwin-13/release/link-static/threading-multi/visibility-hidden/cxx11_defaulted_moves.o
libs/config/checks/test_case.cpp:311:7: error: "Defect macro BOOST_NO_CXX11_DEFAULTED_MOVES is defined."
#     error "Defect macro BOOST_NO_CXX11_DEFAULTED_MOVES is defined."
      ^
1 error generated.

    "clang++" -x c++ -fvisibility-inlines-hidden -m64 -O3 -Wall -fvisibility=hidden -Wno-inline --target=x86_64-apple-darwin  -DBOOST_ALL_NO_LIB=1 -DNDEBUG -DTEST_BOOST_NO_CXX11_DEFAULTED_MOVES -I"."  -c -o "bin.v2/libs/config/checks/clang-darwin-13/release/link-static/threading-multi/visibility-hidden/cxx11_defaulted_moves.o" "libs/config/checks/test_case.cpp"

...failed clang-darwin.compile.c++ bin.v2/libs/config/checks/clang-darwin-13/release/link-static/threading-multi/visibility-hidden/cxx11_defaulted_moves.o...
...failed updating 1 target...
...found 1 target...
...updating 1 target...
clang-darwin.compile.c++ bin.v2/libs/config/checks/clang-darwin-13/release/link-static/threading-multi/visibility-hidden/cxx11_hdr_functional.o
libs/config/checks/test_case.cpp:721:7: error: "Defect macro BOOST_NO_CXX11_HDR_FUNCTIONAL is defined."
#     error "Defect macro BOOST_NO_CXX11_HDR_FUNCTIONAL is defined."
      ^
1 error generated.

    "clang++" -x c++ -fvisibility-inlines-hidden -m64 -O3 -Wall -fvisibility=hidden -Wno-inline --target=x86_64-apple-darwin  -DBOOST_ALL_NO_LIB=1 -DNDEBUG -DTEST_BOOST_NO_CXX11_HDR_FUNCTIONAL -I"."  -c -o "bin.v2/libs/config/checks/clang-darwin-13/release/link-static/threading-multi/visibility-hidden/cxx11_hdr_functional.o" "libs/config/checks/test_case.cpp"

...failed clang-darwin.compile.c++ bin.v2/libs/config/checks/clang-darwin-13/release/link-static/threading-multi/visibility-hidden/cxx11_hdr_functional.o...
...failed updating 1 target...
...found 1 target...
...updating 1 target...
clang-darwin.compile.c++ bin.v2/libs/config/checks/clang-darwin-13/release/link-static/threading-multi/visibility-hidden/cxx11_hdr_type_traits.o
libs/config/checks/test_case.cpp:401:7: error: "Defect macro BOOST_NO_CXX11_HDR_TYPE_TRAITS is defined."
#     error "Defect macro BOOST_NO_CXX11_HDR_TYPE_TRAITS is defined."
      ^
1 error generated.

    "clang++" -x c++ -fvisibility-inlines-hidden -m64 -O3 -Wall -fvisibility=hidden -Wno-inline --target=x86_64-apple-darwin  -DBOOST_ALL_NO_LIB=1 -DNDEBUG -DTEST_BOOST_NO_CXX11_HDR_TYPE_TRAITS -I"."  -c -o "bin.v2/libs/config/checks/clang-darwin-13/release/link-static/threading-multi/visibility-hidden/cxx11_hdr_type_traits.o" "libs/config/checks/test_case.cpp"

...failed clang-darwin.compile.c++ bin.v2/libs/config/checks/clang-darwin-13/release/link-static/threading-multi/visibility-hidden/cxx11_hdr_type_traits.o...
...failed updating 1 target...
...found 1 target...
...updating 1 target...
clang-darwin.compile.c++ bin.v2/libs/config/checks/clang-darwin-13/release/link-static/threading-multi/visibility-hidden/cxx11_override.o
libs/config/checks/test_case.cpp:436:7: error: "Defect macro BOOST_NO_CXX11_OVERRIDE is defined."
#     error "Defect macro BOOST_NO_CXX11_OVERRIDE is defined."
      ^
1 error generated.

    "clang++" -x c++ -fvisibility-inlines-hidden -m64 -O3 -Wall -fvisibility=hidden -Wno-inline --target=x86_64-apple-darwin  -DBOOST_ALL_NO_LIB=1 -DNDEBUG -DTEST_BOOST_NO_CXX11_OVERRIDE -I"."  -c -o "bin.v2/libs/config/checks/clang-darwin-13/release/link-static/threading-multi/visibility-hidden/cxx11_override.o" "libs/config/checks/test_case.cpp"

...failed clang-darwin.compile.c++ bin.v2/libs/config/checks/clang-darwin-13/release/link-static/threading-multi/visibility-hidden/cxx11_override.o...
...failed updating 1 target...
...found 1 target...
...updating 1 target...
clang-darwin.compile.c++ bin.v2/libs/config/checks/clang-darwin-13/release/link-static/threading-multi/visibility-hidden/cxx11_range_based_for.o
libs/config/checks/test_case.cpp:936:7: error: "Defect macro BOOST_NO_CXX11_RANGE_BASED_FOR is defined."
#     error "Defect macro BOOST_NO_CXX11_RANGE_BASED_FOR is defined."
      ^
1 error generated.

    "clang++" -x c++ -fvisibility-inlines-hidden -m64 -O3 -Wall -fvisibility=hidden -Wno-inline --target=x86_64-apple-darwin  -DBOOST_ALL_NO_LIB=1 -DNDEBUG -DTEST_BOOST_NO_CXX11_RANGE_BASED_FOR -I"."  -c -o "bin.v2/libs/config/checks/clang-darwin-13/release/link-static/threading-multi/visibility-hidden/cxx11_range_based_for.o" "libs/config/checks/test_case.cpp"

...failed clang-darwin.compile.c++ bin.v2/libs/config/checks/clang-darwin-13/release/link-static/threading-multi/visibility-hidden/cxx11_range_based_for.o...
...failed updating 1 target...
...found 1 target...
...updating 1 target...
clang-darwin.compile.c++ bin.v2/libs/config/checks/clang-darwin-13/release/link-static/threading-multi/visibility-hidden/cxx11_scoped_enums.o
libs/config/checks/test_case.cpp:966:7: error: "Defect macro BOOST_NO_CXX11_SCOPED_ENUMS is defined."
#     error "Defect macro BOOST_NO_CXX11_SCOPED_ENUMS is defined."
      ^
1 error generated.

    "clang++" -x c++ -fvisibility-inlines-hidden -m64 -O3 -Wall -fvisibility=hidden -Wno-inline --target=x86_64-apple-darwin  -DBOOST_ALL_NO_LIB=1 -DNDEBUG -DTEST_BOOST_NO_CXX11_SCOPED_ENUMS -I"."  -c -o "bin.v2/libs/config/checks/clang-darwin-13/release/link-static/threading-multi/visibility-hidden/cxx11_scoped_enums.o" "libs/config/checks/test_case.cpp"

...failed clang-darwin.compile.c++ bin.v2/libs/config/checks/clang-darwin-13/release/link-static/threading-multi/visibility-hidden/cxx11_scoped_enums.o...
...failed updating 1 target...
...found 1 target...
...updating 1 target...
clang-darwin.compile.c++ bin.v2/libs/config/checks/clang-darwin-13/release/link-static/threading-multi/visibility-hidden/cxx11_smart_ptr.o
libs/config/checks/test_case.cpp:456:7: error: "Defect macro BOOST_NO_CXX11_SMART_PTR is defined."
#     error "Defect macro BOOST_NO_CXX11_SMART_PTR is defined."
      ^
1 error generated.

    "clang++" -x c++ -fvisibility-inlines-hidden -m64 -O3 -Wall -fvisibility=hidden -Wno-inline --target=x86_64-apple-darwin  -DBOOST_ALL_NO_LIB=1 -DNDEBUG -DTEST_BOOST_NO_CXX11_SMART_PTR -I"."  -c -o "bin.v2/libs/config/checks/clang-darwin-13/release/link-static/threading-multi/visibility-hidden/cxx11_smart_ptr.o" "libs/config/checks/test_case.cpp"

...failed clang-darwin.compile.c++ bin.v2/libs/config/checks/clang-darwin-13/release/link-static/threading-multi/visibility-hidden/cxx11_smart_ptr.o...
...failed updating 1 target...
...found 1 target...
...updating 1 target...
clang-darwin.compile.c++ bin.v2/libs/config/checks/clang-darwin-13/release/link-static/threading-multi/visibility-hidden/cxx11_static_assert.o
libs/config/checks/test_case.cpp:986:7: error: "Defect macro BOOST_NO_CXX11_STATIC_ASSERT is defined."
#     error "Defect macro BOOST_NO_CXX11_STATIC_ASSERT is defined."
      ^
1 error generated.

    "clang++" -x c++ -fvisibility-inlines-hidden -m64 -O3 -Wall -fvisibility=hidden -Wno-inline --target=x86_64-apple-darwin  -DBOOST_ALL_NO_LIB=1 -DNDEBUG -DTEST_BOOST_NO_CXX11_STATIC_ASSERT -I"."  -c -o "bin.v2/libs/config/checks/clang-darwin-13/release/link-static/threading-multi/visibility-hidden/cxx11_static_assert.o" "libs/config/checks/test_case.cpp"

...failed clang-darwin.compile.c++ bin.v2/libs/config/checks/clang-darwin-13/release/link-static/threading-multi/visibility-hidden/cxx11_static_assert.o...
...failed updating 1 target...
...found 5 targets...
...updating 5 targets...
clang-darwin.compile.c++ bin.v2/libs/log/config/atomic-int32/clang-darwin-13/release/link-static/pch-off/threading-multi/visibility-hidden/atomic_int32.o
...updated 5 targets...
...found 5 targets...
...updating 5 targets...
clang-darwin.compile.c++ bin.v2/libs/log/config/native-syslog/clang-darwin-13/release/link-static/pch-off/threading-multi/visibility-hidden/native_syslog.o
...updated 5 targets...
...found 5 targets...
...updating 5 targets...
clang-darwin.compile.c++ bin.v2/libs/log/config/pthread-mutex-robust/clang-darwin-13/release/link-static/pch-off/threading-multi/visibility-hidden/pthread_mutex_robust.o
libs/log/config/pthread-mutex-robust/pthread_mutex_robust.cpp:17:40: error: use of undeclared identifier 'PTHREAD_MUTEX_ROBUST'
    pthread_mutexattr_setrobust(&attr, PTHREAD_MUTEX_ROBUST);
                                       ^
libs/log/config/pthread-mutex-robust/pthread_mutex_robust.cpp:26:15: error: use of undeclared identifier 'pthread_mutex_consistent'; did you mean 'pthread_mutex_destroy'?
        err = pthread_mutex_consistent(&m);
              ^~~~~~~~~~~~~~~~~~~~~~~~
              pthread_mutex_destroy
/Applications/Xcode.app/Contents/Developer/Platforms/MacOSX.platform/Developer/SDKs/MacOSX.sdk/usr/include/pthread.h:369:5: note: 'pthread_mutex_destroy' declared here
int pthread_mutex_destroy(pthread_mutex_t *);
    ^
2 errors generated.

    "clang++" -x c++ -fvisibility-inlines-hidden -m64 -O3 -Wall -fvisibility=hidden -Wno-inline --target=x86_64-apple-darwin  -DBOOST_ALL_NO_LIB=1 -DNDEBUG -I"."  -c -o "bin.v2/libs/log/config/pthread-mutex-robust/clang-darwin-13/release/link-static/pch-off/threading-multi/visibility-hidden/pthread_mutex_robust.o" "libs/log/config/pthread-mutex-robust/pthread_mutex_robust.cpp"

...failed clang-darwin.compile.c++ bin.v2/libs/log/config/pthread-mutex-robust/clang-darwin-13/release/link-static/pch-off/threading-multi/visibility-hidden/pthread_mutex_robust.o...
...failed updating 1 target...
...updated 4 targets...
...found 5 targets...
...updating 5 targets...
clang-darwin.compile.c++ bin.v2/libs/thread/build/clang-darwin-13/release/link-static/threading-multi/visibility-hidden/has_atomic_flag_lockfree_test.o
clang-darwin.link bin.v2/libs/thread/build/clang-darwin-13/release/link-static/threading-multi/visibility-hidden/has_atomic_flag_lockfree
...updated 5 targets...
...found 5 targets...
...updating 5 targets...
clang-darwin.compile.c++ bin.v2/libs/log/config/x86-ext/clang-darwin-13/release/link-static/pch-off/threading-multi/visibility-hidden/ssse3.o
...updated 5 targets...
...found 1 target...
...updating 1 target...
clang-darwin.compile.c++ bin.v2/libs/log/config/x86-ext/clang-darwin-13/release/link-static/pch-off/threading-multi/visibility-hidden/avx2.o
...updated 1 target...
...found 4 targets...
...updating 4 targets...
clang-darwin.compile.c++ bin.v2/libs/math/config/clang-darwin-13/release/link-static/threading-multi/visibility-hidden/has_gcc_visibility.o
...updated 4 targets...
...found 1 target...
...updating 1 target...
clang-darwin.compile.c++ bin.v2/libs/config/checks/clang-darwin-13/release/link-static/threading-multi/visibility-hidden/sfinae_expr.o
...updated 1 target...
...found 1 target...
...updating 1 target...
clang-darwin.compile.c++ bin.v2/libs/config/checks/clang-darwin-13/release/link-static/threading-multi/visibility-hidden/cxx11_unified_initialization_syntax.o
libs/config/checks/test_case.cpp:1101:7: error: "Defect macro BOOST_NO_CXX11_UNIFIED_INITIALIZATION_SYNTAX is defined."
#     error "Defect macro BOOST_NO_CXX11_UNIFIED_INITIALIZATION_SYNTAX is defined."
      ^
1 error generated.

    "clang++" -x c++ -fvisibility-inlines-hidden -m64 -O3 -Wall -fvisibility=hidden -Wno-inline --target=x86_64-apple-darwin  -DBOOST_ALL_NO_LIB=1 -DNDEBUG -DTEST_BOOST_NO_CXX11_UNIFIED_INITIALIZATION_SYNTAX -I"."  -c -o "bin.v2/libs/config/checks/clang-darwin-13/release/link-static/threading-multi/visibility-hidden/cxx11_unified_initialization_syntax.o" "libs/config/checks/test_case.cpp"

...failed clang-darwin.compile.c++ bin.v2/libs/config/checks/clang-darwin-13/release/link-static/threading-multi/visibility-hidden/cxx11_unified_initialization_syntax.o...
...failed updating 1 target...
...found 1 target...
...updating 1 target...
clang-darwin.compile.c++ bin.v2/libs/config/checks/clang-darwin-13/release/link-static/threading-multi/visibility-hidden/cxx11_hdr_initializer_list.o
libs/config/checks/test_case.cpp:361:7: error: "Defect macro BOOST_NO_CXX11_HDR_INITIALIZER_LIST is defined."
#     error "Defect macro BOOST_NO_CXX11_HDR_INITIALIZER_LIST is defined."
      ^
1 error generated.

    "clang++" -x c++ -fvisibility-inlines-hidden -m64 -O3 -Wall -fvisibility=hidden -Wno-inline --target=x86_64-apple-darwin  -DBOOST_ALL_NO_LIB=1 -DNDEBUG -DTEST_BOOST_NO_CXX11_HDR_INITIALIZER_LIST -I"."  -c -o "bin.v2/libs/config/checks/clang-darwin-13/release/link-static/threading-multi/visibility-hidden/cxx11_hdr_initializer_list.o" "libs/config/checks/test_case.cpp"

...failed clang-darwin.compile.c++ bin.v2/libs/config/checks/clang-darwin-13/release/link-static/threading-multi/visibility-hidden/cxx11_hdr_initializer_list.o...
...failed updating 1 target...
...found 1 target...
...updating 1 target...
clang-darwin.compile.c++ bin.v2/libs/config/checks/clang-darwin-13/release/link-static/threading-multi/visibility-hidden/cxx11_hdr_chrono.o
libs/config/checks/test_case.cpp:336:7: error: "Defect macro BOOST_NO_CXX11_HDR_CHRONO is defined."
#     error "Defect macro BOOST_NO_CXX11_HDR_CHRONO is defined."
      ^
1 error generated.

    "clang++" -x c++ -fvisibility-inlines-hidden -m64 -O3 -Wall -fvisibility=hidden -Wno-inline --target=x86_64-apple-darwin  -DBOOST_ALL_NO_LIB=1 -DNDEBUG -DTEST_BOOST_NO_CXX11_HDR_CHRONO -I"."  -c -o "bin.v2/libs/config/checks/clang-darwin-13/release/link-static/threading-multi/visibility-hidden/cxx11_hdr_chrono.o" "libs/config/checks/test_case.cpp"

...failed clang-darwin.compile.c++ bin.v2/libs/config/checks/clang-darwin-13/release/link-static/threading-multi/visibility-hidden/cxx11_hdr_chrono.o...
...failed updating 1 target...
...found 1 target...
...updating 1 target...
clang-darwin.compile.c++ bin.v2/libs/config/checks/clang-darwin-13/release/link-static/threading-multi/visibility-hidden/cxx11_numeric_limits.o
libs/config/checks/test_case.cpp:431:7: error: "Defect macro BOOST_NO_CXX11_NUMERIC_LIMITS is defined."
#     error "Defect macro BOOST_NO_CXX11_NUMERIC_LIMITS is defined."
      ^
1 error generated.

    "clang++" -x c++ -fvisibility-inlines-hidden -m64 -O3 -Wall -fvisibility=hidden -Wno-inline --target=x86_64-apple-darwin  -DBOOST_ALL_NO_LIB=1 -DNDEBUG -DTEST_BOOST_NO_CXX11_NUMERIC_LIMITS -I"."  -c -o "bin.v2/libs/config/checks/clang-darwin-13/release/link-static/threading-multi/visibility-hidden/cxx11_numeric_limits.o" "libs/config/checks/test_case.cpp"

...failed clang-darwin.compile.c++ bin.v2/libs/config/checks/clang-darwin-13/release/link-static/threading-multi/visibility-hidden/cxx11_numeric_limits.o...
...failed updating 1 target...
...found 1 target...
...updating 1 target...
clang-darwin.compile.c++ bin.v2/libs/config/checks/clang-darwin-13/release/link-static/threading-multi/visibility-hidden/cxx11_hdr_array.o
...updated 1 target...
...found 1 target...
...updating 1 target...
clang-darwin.compile.c++ bin.v2/libs/config/checks/clang-darwin-13/release/link-static/threading-multi/visibility-hidden/cxx11_hdr_atomic.o
libs/config/checks/test_case.cpp:331:7: error: "Defect macro BOOST_NO_CXX11_HDR_ATOMIC is defined."
#     error "Defect macro BOOST_NO_CXX11_HDR_ATOMIC is defined."
      ^
1 error generated.

    "clang++" -x c++ -fvisibility-inlines-hidden -m64 -O3 -Wall -fvisibility=hidden -Wno-inline --target=x86_64-apple-darwin  -DBOOST_ALL_NO_LIB=1 -DNDEBUG -DTEST_BOOST_NO_CXX11_HDR_ATOMIC -I"."  -c -o "bin.v2/libs/config/checks/clang-darwin-13/release/link-static/threading-multi/visibility-hidden/cxx11_hdr_atomic.o" "libs/config/checks/test_case.cpp"

...failed clang-darwin.compile.c++ bin.v2/libs/config/checks/clang-darwin-13/release/link-static/threading-multi/visibility-hidden/cxx11_hdr_atomic.o...
...failed updating 1 target...
...found 1 target...
...updating 1 target...
clang-darwin.compile.c++ bin.v2/libs/config/checks/clang-darwin-13/release/link-static/threading-multi/visibility-hidden/cxx11_allocator.o
libs/config/checks/test_case.cpp:301:7: error: "Defect macro BOOST_NO_CXX11_ALLOCATOR is defined."
#     error "Defect macro BOOST_NO_CXX11_ALLOCATOR is defined."
      ^
1 error generated.

    "clang++" -x c++ -fvisibility-inlines-hidden -m64 -O3 -Wall -fvisibility=hidden -Wno-inline --target=x86_64-apple-darwin  -DBOOST_ALL_NO_LIB=1 -DNDEBUG -DTEST_BOOST_NO_CXX11_ALLOCATOR -I"."  -c -o "bin.v2/libs/config/checks/clang-darwin-13/release/link-static/threading-multi/visibility-hidden/cxx11_allocator.o" "libs/config/checks/test_case.cpp"

...failed clang-darwin.compile.c++ bin.v2/libs/config/checks/clang-darwin-13/release/link-static/threading-multi/visibility-hidden/cxx11_allocator.o...
...failed updating 1 target...
...found 1 target...
...updating 1 target...
clang-darwin.compile.c++ bin.v2/libs/config/checks/clang-darwin-13/release/link-static/threading-multi/visibility-hidden/cxx11_explicit_conversion_operators.o
libs/config/checks/test_case.cpp:776:7: error: "Defect macro BOOST_NO_CXX11_EXPLICIT_CONVERSION_OPERATORS is defined."
#     error "Defect macro BOOST_NO_CXX11_EXPLICIT_CONVERSION_OPERATORS is defined."
      ^
1 error generated.

    "clang++" -x c++ -fvisibility-inlines-hidden -m64 -O3 -Wall -fvisibility=hidden -Wno-inline --target=x86_64-apple-darwin  -DBOOST_ALL_NO_LIB=1 -DNDEBUG -DTEST_BOOST_NO_CXX11_EXPLICIT_CONVERSION_OPERATORS -I"."  -c -o "bin.v2/libs/config/checks/clang-darwin-13/release/link-static/threading-multi/visibility-hidden/cxx11_explicit_conversion_operators.o" "libs/config/checks/test_case.cpp"

...failed clang-darwin.compile.c++ bin.v2/libs/config/checks/clang-darwin-13/release/link-static/threading-multi/visibility-hidden/cxx11_explicit_conversion_operators.o...
...failed updating 1 target...
...found 4 targets...
...updating 4 targets...
clang-darwin.compile.c++ bin.v2/libs/nowide/config/clang-darwin-13/release/link-static/threading-multi/visibility-hidden/cxx11_moveable_fstreams.o
In file included from libs/nowide/config/check_movable_fstreams.cpp:7:
In file included from /Applications/Xcode.app/Contents/Developer/Platforms/MacOSX.platform/Developer/SDKs/MacOSX.sdk/usr/include/c++/v1/fstream:184:
In file included from /Applications/Xcode.app/Contents/Developer/Platforms/MacOSX.platform/Developer/SDKs/MacOSX.sdk/usr/include/c++/v1/ostream:138:
/Applications/Xcode.app/Contents/Developer/Platforms/MacOSX.platform/Developer/SDKs/MacOSX.sdk/usr/include/c++/v1/streambuf:491:64: error: 'operator=' is a private member of 'std::ios_base'
_LIBCPP_EXTERN_TEMPLATE(class _LIBCPP_EXTERN_TEMPLATE_TYPE_VIS basic_ios<char>)
                                                               ^
/Applications/Xcode.app/Contents/Developer/Platforms/MacOSX.platform/Developer/SDKs/MacOSX.sdk/usr/include/c++/v1/istream:1651:64: note: in implicit copy assignment operator for 'std::ios' first required here
_LIBCPP_EXTERN_TEMPLATE(class _LIBCPP_EXTERN_TEMPLATE_TYPE_VIS basic_istream<char>)
                                                               ^
/Applications/Xcode.app/Contents/Developer/Platforms/MacOSX.platform/Developer/SDKs/MacOSX.sdk/usr/include/c++/v1/istream:1653:64: note: in implicit copy assignment operator for 'std::istream' first required here
_LIBCPP_EXTERN_TEMPLATE(class _LIBCPP_EXTERN_TEMPLATE_TYPE_VIS basic_iostream<char>)
                                                               ^
/Applications/Xcode.app/Contents/Developer/Platforms/MacOSX.platform/Developer/SDKs/MacOSX.sdk/usr/include/c++/v1/iosfwd:148:32: note: in implicit copy assignment operator for 'std::iostream' first required here
    class _LIBCPP_TEMPLATE_VIS basic_fstream;
                               ^
libs/nowide/config/check_movable_fstreams.cpp:16:8: note: in implicit copy assignment operator for 'std::fstream' first required here
    s2 = std::move(s1);
       ^
/Applications/Xcode.app/Contents/Developer/Platforms/MacOSX.platform/Developer/SDKs/MacOSX.sdk/usr/include/c++/v1/ios:313:15: note: declared private here
    ios_base& operator=(const ios_base&); // = delete;
              ^
1 error generated.

    "clang++" -x c++ -fvisibility-inlines-hidden -m64 -O3 -Wall -fvisibility=hidden -Wno-inline --target=x86_64-apple-darwin  -DBOOST_ALL_NO_LIB=1 -DNDEBUG -I"."  -c -o "bin.v2/libs/nowide/config/clang-darwin-13/release/link-static/threading-multi/visibility-hidden/cxx11_moveable_fstreams.o" "libs/nowide/config/check_movable_fstreams.cpp"

...failed clang-darwin.compile.c++ bin.v2/libs/nowide/config/clang-darwin-13/release/link-static/threading-multi/visibility-hidden/cxx11_moveable_fstreams.o...
...failed updating 1 target...
...updated 3 targets...
...found 2 targets...
...updating 2 targets...
clang-darwin.compile.c++ bin.v2/libs/nowide/config/clang-darwin-13/release/link-static/threading-multi/visibility-hidden/check_lfs_support.o
libs/nowide/config/check_lfs_support.cpp:28:11: error: use of undeclared identifier 'nullptr'
    check(nullptr);
          ^
1 error generated.

    "clang++" -x c++ -fvisibility-inlines-hidden -m64 -O3 -Wall -fvisibility=hidden -Wno-inline --target=x86_64-apple-darwin  -DBOOST_ALL_NO_LIB=1 -DNDEBUG -I"."  -c -o "bin.v2/libs/nowide/config/clang-darwin-13/release/link-static/threading-multi/visibility-hidden/check_lfs_support.o" "libs/nowide/config/check_lfs_support.cpp"

...failed clang-darwin.compile.c++ bin.v2/libs/nowide/config/clang-darwin-13/release/link-static/threading-multi/visibility-hidden/check_lfs_support.o...
...skipped <pbin.v2/libs/nowide/config/clang-darwin-13/release/link-static/threading-multi/visibility-hidden>lfs_support for lack of <pbin.v2/libs/nowide/config/clang-darwin-13/release/link-static/threading-multi/visibility-hidden>check_lfs_support.o...
...failed updating 1 target...
...skipped 1 target...
...found 1 target...
...updating 1 target...
clang-darwin.compile.c++ bin.v2/libs/nowide/config/clang-darwin-13/release/link-static/threading-multi/visibility-hidden/attribute_init_priority.o
...updated 1 target...
...found 6 targets...
...updating 6 targets...
clang-darwin.compile.c++ bin.v2/libs/stacktrace/build/clang-darwin-13/release/link-static/threading-multi/visibility-hidden/has_backtrace.o
libs/stacktrace/build/has_backtrace.cpp:10:13: fatal error: 'backtrace.h' file not found
#   include <backtrace.h>
            ^~~~~~~~~~~~~
1 error generated.

    "clang++" -x c++ -fvisibility-inlines-hidden -m64 -O3 -Wall -fvisibility=hidden -Wno-inline --target=x86_64-apple-darwin  -DBOOST_ALL_NO_LIB=1 -DNDEBUG -I"."  -c -o "bin.v2/libs/stacktrace/build/clang-darwin-13/release/link-static/threading-multi/visibility-hidden/has_backtrace.o" "libs/stacktrace/build/has_backtrace.cpp"

...failed clang-darwin.compile.c++ bin.v2/libs/stacktrace/build/clang-darwin-13/release/link-static/threading-multi/visibility-hidden/has_backtrace.o...
...skipped <pbin.v2/libs/stacktrace/build/clang-darwin-13/release/link-static/threading-multi/visibility-hidden>libbacktrace_exe for lack of <pbin.v2/libs/stacktrace/build/clang-darwin-13/release/link-static/threading-multi/visibility-hidden>has_backtrace.o...
...skipped <pbin.v2/libs/stacktrace/build/clang-darwin-13/release/link-static/threading-multi/visibility-hidden>libbacktrace.output for lack of <pbin.v2/libs/stacktrace/build/clang-darwin-13/release/link-static/threading-multi/visibility-hidden>libbacktrace_exe...
...failed updating 1 target...
...skipped 2 targets...
...updated 3 targets...
...found 3 targets...
...updating 3 targets...
clang-darwin.compile.c++ bin.v2/libs/stacktrace/build/clang-darwin-13/release/link-static/threading-multi/visibility-hidden/has_addr2line.o
clang-darwin.link bin.v2/libs/stacktrace/build/clang-darwin-13/release/link-static/threading-multi/visibility-hidden/addr2line_exe
Jamfile</Users/melisha/Desktop/untitled folder/boost_1_81_0/libs/stacktrace/build>.mp_simple_run_action bin.v2/libs/stacktrace/build/clang-darwin-13/release/link-static/threading-multi/visibility-hidden/addr2line.output
sh: /usr/bin/addr2line: No such file or directory
...updated 3 targets...
...found 3 targets...
...updating 3 targets...
clang-darwin.compile.c++ bin.v2/libs/stacktrace/build/clang-darwin-13/release/link-static/threading-multi/visibility-hidden/has_windbg.o
libs/stacktrace/build/has_windbg.cpp:8:10: fatal error: 'windows.h' file not found
#include <windows.h>
         ^~~~~~~~~~~
1 error generated.

    "clang++" -x c++ -fvisibility-inlines-hidden -m64 -O3 -Wall -fvisibility=hidden -Wno-inline --target=x86_64-apple-darwin  -DBOOST_ALL_NO_LIB=1 -DNDEBUG -I"."  -c -o "bin.v2/libs/stacktrace/build/clang-darwin-13/release/link-static/threading-multi/visibility-hidden/has_windbg.o" "libs/stacktrace/build/has_windbg.cpp"

...failed clang-darwin.compile.c++ bin.v2/libs/stacktrace/build/clang-darwin-13/release/link-static/threading-multi/visibility-hidden/has_windbg.o...
...skipped <pbin.v2/libs/stacktrace/build/clang-darwin-13/release/link-static/threading-multi/visibility-hidden>WinDbg_exe for lack of <pbin.v2/libs/stacktrace/build/clang-darwin-13/release/link-static/threading-multi/visibility-hidden>has_windbg.o...
...skipped <pbin.v2/libs/stacktrace/build/clang-darwin-13/release/link-static/threading-multi/visibility-hidden>WinDbg.output for lack of <pbin.v2/libs/stacktrace/build/clang-darwin-13/release/link-static/threading-multi/visibility-hidden>WinDbg_exe...
...failed updating 1 target...
...skipped 2 targets...
...found 3 targets...
...updating 3 targets...
clang-darwin.compile.c++ bin.v2/libs/stacktrace/build/clang-darwin-13/release/link-static/threading-multi/visibility-hidden/has_windbg_cached.o
libs/stacktrace/build/has_windbg_cached.cpp:11:10: fatal error: 'windows.h' file not found
#include <windows.h>
         ^~~~~~~~~~~
1 error generated.

    "clang++" -x c++ -fvisibility-inlines-hidden -m64 -O3 -Wall -fvisibility=hidden -Wno-inline --target=x86_64-apple-darwin  -DBOOST_ALL_NO_LIB=1 -DNDEBUG -I"."  -c -o "bin.v2/libs/stacktrace/build/clang-darwin-13/release/link-static/threading-multi/visibility-hidden/has_windbg_cached.o" "libs/stacktrace/build/has_windbg_cached.cpp"

...failed clang-darwin.compile.c++ bin.v2/libs/stacktrace/build/clang-darwin-13/release/link-static/threading-multi/visibility-hidden/has_windbg_cached.o...
...skipped <pbin.v2/libs/stacktrace/build/clang-darwin-13/release/link-static/threading-multi/visibility-hidden>WinDbgCached_exe for lack of <pbin.v2/libs/stacktrace/build/clang-darwin-13/release/link-static/threading-multi/visibility-hidden>has_windbg_cached.o...
...skipped <pbin.v2/libs/stacktrace/build/clang-darwin-13/release/link-static/threading-multi/visibility-hidden>WinDbgCached.output for lack of <pbin.v2/libs/stacktrace/build/clang-darwin-13/release/link-static/threading-multi/visibility-hidden>WinDbgCached_exe...
...failed updating 1 target...
...skipped 2 targets...
...found 1 target...
...updating 1 target...
clang-darwin.compile.c++ bin.v2/libs/config/checks/clang-darwin-13/release/link-static/threading-multi/visibility-hidden/cxx11_hdr_thread.o
libs/config/checks/test_case.cpp:391:7: error: "Defect macro BOOST_NO_CXX11_HDR_THREAD is defined."
#     error "Defect macro BOOST_NO_CXX11_HDR_THREAD is defined."
      ^
1 error generated.

    "clang++" -x c++ -fvisibility-inlines-hidden -m64 -O3 -Wall -fvisibility=hidden -Wno-inline --target=x86_64-apple-darwin  -DBOOST_ALL_NO_LIB=1 -DNDEBUG -DTEST_BOOST_NO_CXX11_HDR_THREAD -I"."  -c -o "bin.v2/libs/config/checks/clang-darwin-13/release/link-static/threading-multi/visibility-hidden/cxx11_hdr_thread.o" "libs/config/checks/test_case.cpp"

...failed clang-darwin.compile.c++ bin.v2/libs/config/checks/clang-darwin-13/release/link-static/threading-multi/visibility-hidden/cxx11_hdr_thread.o...
...failed updating 1 target...
...found 1 target...
...updating 1 target...
clang-darwin.compile.c++ bin.v2/libs/config/checks/clang-darwin-13/release/link-static/threading-multi/visibility-hidden/cxx11_hdr_regex.o
libs/config/checks/test_case.cpp:381:7: error: "Defect macro BOOST_NO_CXX11_HDR_REGEX is defined."
#     error "Defect macro BOOST_NO_CXX11_HDR_REGEX is defined."
      ^
1 error generated.

    "clang++" -x c++ -fvisibility-inlines-hidden -m64 -O3 -Wall -fvisibility=hidden -Wno-inline --target=x86_64-apple-darwin  -DBOOST_ALL_NO_LIB=1 -DNDEBUG -DTEST_BOOST_NO_CXX11_HDR_REGEX -I"."  -c -o "bin.v2/libs/config/checks/clang-darwin-13/release/link-static/threading-multi/visibility-hidden/cxx11_hdr_regex.o" "libs/config/checks/test_case.cpp"

...failed clang-darwin.compile.c++ bin.v2/libs/config/checks/clang-darwin-13/release/link-static/threading-multi/visibility-hidden/cxx11_hdr_regex.o...
...failed updating 1 target...
...found 1 target...
...updating 1 target...
config-cache.write bin.v2/project-cache.jam
...updated 1 target...
